This is pdfTeX, Version 3.14159265-2.6-1.40.20 (TeX Live 2019/Arch Linux) (preloaded format=pdflatex 2019.8.25)  21 OCT 2019 17:34
entering extended mode
 restricted \write18 enabled.
 %&-line parsing enabled.
**Final_Thesis
(./Final_Thesis.tex
LaTeX2e <2018-12-01>
(/usr/share/texmf-dist/tex/latex/base/book.cls
Document Class: book 2018/09/03 v1.4i Standard LaTeX document class
(/usr/share/texmf-dist/tex/latex/base/bk12.clo
File: bk12.clo 2018/09/03 v1.4i Standard LaTeX file (size option)
)
\c@part=\count80
\c@chapter=\count81
\c@section=\count82
\c@subsection=\count83
\c@subsubsection=\count84
\c@paragraph=\count85
\c@subparagraph=\count86
\c@figure=\count87
\c@table=\count88
\abovecaptionskip=\skip41
\belowcaptionskip=\skip42
\bibindent=\dimen102
)
(/usr/share/texmf-dist/tex/latex/geometry/geometry.sty
Package: geometry 2018/04/16 v5.8 Page Geometry

(/usr/share/texmf-dist/tex/latex/graphics/keyval.sty
Package: keyval 2014/10/28 v1.15 key=value parser (DPC)
\KV@toks@=\toks14
)
(/usr/share/texmf-dist/tex/generic/oberdiek/ifpdf.sty
Package: ifpdf 2018/09/07 v3.3 Provides the ifpdf switch
)
(/usr/share/texmf-dist/tex/generic/oberdiek/ifvtex.sty
Package: ifvtex 2016/05/16 v1.6 Detect VTeX and its facilities (HO)
Package ifvtex Info: VTeX not detected.
)
(/usr/share/texmf-dist/tex/generic/ifxetex/ifxetex.sty
Package: ifxetex 2010/09/12 v0.6 Provides ifxetex conditional
)
\Gm@cnth=\count89
\Gm@cntv=\count90
\c@Gm@tempcnt=\count91
\Gm@bindingoffset=\dimen103
\Gm@wd@mp=\dimen104
\Gm@odd@mp=\dimen105
\Gm@even@mp=\dimen106
\Gm@layoutwidth=\dimen107
\Gm@layoutheight=\dimen108
\Gm@layouthoffset=\dimen109
\Gm@layoutvoffset=\dimen110
\Gm@dimlist=\toks15
)
(/usr/share/texmf-dist/tex/generic/babel/babel.sty
Package: babel 2019/04/03 3.29 The Babel package

(/usr/share/texmf-dist/tex/generic/babel/switch.def
File: switch.def 2019/04/03 3.29 Babel switching mechanism
)
(/usr/share/texmf-dist/tex/generic/babel-english/english.ldf
Language: english 2017/06/06 v3.3r English support from the babel system

(/usr/share/texmf-dist/tex/generic/babel/babel.def
File: babel.def 2019/04/03 3.29 Babel common definitions
\babel@savecnt=\count92
\U@D=\dimen111

(/usr/share/texmf-dist/tex/generic/babel/txtbabel.def)
\bbl@dirlevel=\count93
)
\l@canadian = a dialect from \language\l@american 
\l@australian = a dialect from \language\l@british 
\l@newzealand = a dialect from \language\l@british 
))
(/usr/share/texmf-dist/tex/latex/base/inputenc.sty
Package: inputenc 2018/08/11 v1.3c Input encoding file
\inpenc@prehook=\toks16
\inpenc@posthook=\toks17
)
(/usr/share/texmf-dist/tex/latex/base/fontenc.sty
Package: fontenc 2018/08/11 v2.0j Standard LaTeX package

(/usr/share/texmf-dist/tex/latex/base/t1enc.def
File: t1enc.def 2018/08/11 v2.0j Standard LaTeX file
LaTeX Font Info:    Redeclaring font encoding T1 on input line 48.
))
(/usr/share/texmf-dist/tex/latex/braket/braket.sty)
(/usr/share/texmf-dist/tex/latex/graphics/graphicx.sty
Package: graphicx 2017/06/01 v1.1a Enhanced LaTeX Graphics (DPC,SPQR)

(/usr/share/texmf-dist/tex/latex/graphics/graphics.sty
Package: graphics 2017/06/25 v1.2c Standard LaTeX Graphics (DPC,SPQR)

(/usr/share/texmf-dist/tex/latex/graphics/trig.sty
Package: trig 2016/01/03 v1.10 sin cos tan (DPC)
)
(/usr/share/texmf-dist/tex/latex/graphics-cfg/graphics.cfg
File: graphics.cfg 2016/06/04 v1.11 sample graphics configuration
)
Package graphics Info: Driver file: pdftex.def on input line 99.

(/usr/share/texmf-dist/tex/latex/graphics-def/pdftex.def
File: pdftex.def 2018/01/08 v1.0l Graphics/color driver for pdftex
))
\Gin@req@height=\dimen112
\Gin@req@width=\dimen113
)
(/usr/share/texmf-dist/tex/latex/tools/longtable.sty
Package: longtable 2014/10/28 v4.11 Multi-page Table package (DPC)+ FMi change
\LTleft=\skip43
\LTright=\skip44
\LTpre=\skip45
\LTpost=\skip46
\LTchunksize=\count94
\LTcapwidth=\dimen114
\LT@head=\box27
\LT@firsthead=\box28
\LT@foot=\box29
\LT@lastfoot=\box30
\LT@cols=\count95
\LT@rows=\count96
\c@LT@tables=\count97
\c@LT@chunks=\count98
\LT@p@ftn=\toks18
)
(/usr/share/texmf-dist/tex/latex/caption/caption.sty
Package: caption 2018/10/06 v3.3-154 Customizing captions (AR)

(/usr/share/texmf-dist/tex/latex/caption/caption3.sty
Package: caption3 2018/09/12 v1.8c caption3 kernel (AR)
Package caption3 Info: TeX engine: e-TeX on input line 64.
\captionmargin=\dimen115
\captionmargin@=\dimen116
\captionwidth=\dimen117
\caption@tempdima=\dimen118
\caption@indent=\dimen119
\caption@parindent=\dimen120
\caption@hangindent=\dimen121
)
\c@caption@flags=\count99
\c@ContinuedFloat=\count100
Package caption Info: longtable package is loaded.

(/usr/share/texmf-dist/tex/latex/caption/ltcaption.sty
Package: ltcaption 2018/08/26 v1.4-95 longtable captions (AR)
))
(/usr/share/texmf-dist/tex/latex/fancyhdr/fancyhdr.sty
Package: fancyhdr 2019/01/31 v3.10 Extensive control of page headers and footer
s
\f@nch@headwidth=\skip47
\f@nch@O@elh=\skip48
\f@nch@O@erh=\skip49
\f@nch@O@olh=\skip50
\f@nch@O@orh=\skip51
\f@nch@O@elf=\skip52
\f@nch@O@erf=\skip53
\f@nch@O@olf=\skip54
\f@nch@O@orf=\skip55
)
(/usr/share/texmf-dist/tex/latex/emptypage/emptypage.sty
Package: emptypage 2010/05/30 v1.2 Suppress page numbers and headings on empty 
pages
)
(/usr/share/texmf-dist/tex/latex/eso-pic/eso-pic.sty
Package: eso-pic 2018/04/12 v2.0h eso-pic (RN)

(/usr/share/texmf-dist/tex/generic/oberdiek/atbegshi.sty
Package: atbegshi 2016/06/09 v1.18 At begin shipout hook (HO)

(/usr/share/texmf-dist/tex/generic/oberdiek/infwarerr.sty
Package: infwarerr 2016/05/16 v1.4 Providing info/warning/error messages (HO)
)
(/usr/share/texmf-dist/tex/generic/oberdiek/ltxcmds.sty
Package: ltxcmds 2016/05/16 v1.23 LaTeX kernel commands for general use (HO)
))
(/usr/share/texmf-dist/tex/latex/xcolor/xcolor.sty
Package: xcolor 2016/05/11 v2.12 LaTeX color extensions (UK)

(/usr/share/texmf-dist/tex/latex/graphics-cfg/color.cfg
File: color.cfg 2016/01/02 v1.6 sample color configuration
)
Package xcolor Info: Driver file: pdftex.def on input line 225.
Package xcolor Info: Model `cmy' substituted by `cmy0' on input line 1348.
Package xcolor Info: Model `hsb' substituted by `rgb' on input line 1352.
Package xcolor Info: Model `RGB' extended on input line 1364.
Package xcolor Info: Model `HTML' substituted by `rgb' on input line 1366.
Package xcolor Info: Model `Hsb' substituted by `hsb' on input line 1367.
Package xcolor Info: Model `tHsb' substituted by `hsb' on input line 1368.
Package xcolor Info: Model `HSB' substituted by `hsb' on input line 1369.
Package xcolor Info: Model `Gray' substituted by `gray' on input line 1370.
Package xcolor Info: Model `wave' substituted by `hsb' on input line 1371.
))
(/usr/share/texmf-dist/tex/latex/hyperref/hyperref.sty
Package: hyperref 2018/11/30 v6.88e Hypertext links for LaTeX

(/usr/share/texmf-dist/tex/generic/oberdiek/hobsub-hyperref.sty
Package: hobsub-hyperref 2016/05/16 v1.14 Bundle oberdiek, subset hyperref (HO)


(/usr/share/texmf-dist/tex/generic/oberdiek/hobsub-generic.sty
Package: hobsub-generic 2016/05/16 v1.14 Bundle oberdiek, subset generic (HO)
Package: hobsub 2016/05/16 v1.14 Construct package bundles (HO)
Package hobsub Info: Skipping package `infwarerr' (already loaded).
Package hobsub Info: Skipping package `ltxcmds' (already loaded).
Package: ifluatex 2016/05/16 v1.4 Provides the ifluatex switch (HO)
Package ifluatex Info: LuaTeX not detected.
Package hobsub Info: Skipping package `ifvtex' (already loaded).
Package: intcalc 2016/05/16 v1.2 Expandable calculations with integers (HO)
Package hobsub Info: Skipping package `ifpdf' (already loaded).
Package: etexcmds 2016/05/16 v1.6 Avoid name clashes with e-TeX commands (HO)
Package: kvsetkeys 2016/05/16 v1.17 Key value parser (HO)
Package: kvdefinekeys 2016/05/16 v1.4 Define keys (HO)
Package: pdftexcmds 2018/09/10 v0.29 Utility functions of pdfTeX for LuaTeX (HO
)
Package pdftexcmds Info: LuaTeX not detected.
Package pdftexcmds Info: \pdf@primitive is available.
Package pdftexcmds Info: \pdf@ifprimitive is available.
Package pdftexcmds Info: \pdfdraftmode found.
Package: pdfescape 2016/05/16 v1.14 Implements pdfTeX's escape features (HO)
Package: bigintcalc 2016/05/16 v1.4 Expandable calculations on big integers (HO
)
Package: bitset 2016/05/16 v1.2 Handle bit-vector datatype (HO)
Package: uniquecounter 2016/05/16 v1.3 Provide unlimited unique counter (HO)
)
Package hobsub Info: Skipping package `hobsub' (already loaded).
Package: letltxmacro 2016/05/16 v1.5 Let assignment for LaTeX macros (HO)
Package: hopatch 2016/05/16 v1.3 Wrapper for package hooks (HO)
Package: xcolor-patch 2016/05/16 xcolor patch
Package: atveryend 2016/05/16 v1.9 Hooks at the very end of document (HO)
Package atveryend Info: \enddocument detected (standard20110627).
Package hobsub Info: Skipping package `atbegshi' (already loaded).
Package: refcount 2016/05/16 v3.5 Data extraction from label references (HO)
Package: hycolor 2016/05/16 v1.8 Color options for hyperref/bookmark (HO)
)
(/usr/share/texmf-dist/tex/latex/oberdiek/auxhook.sty
Package: auxhook 2016/05/16 v1.4 Hooks for auxiliary files (HO)
)
(/usr/share/texmf-dist/tex/latex/oberdiek/kvoptions.sty
Package: kvoptions 2016/05/16 v3.12 Key value format for package options (HO)
)
\@linkdim=\dimen122
\Hy@linkcounter=\count101
\Hy@pagecounter=\count102

(/usr/share/texmf-dist/tex/latex/hyperref/pd1enc.def
File: pd1enc.def 2018/11/30 v6.88e Hyperref: PDFDocEncoding definition (HO)
Now handling font encoding PD1 ...
... no UTF-8 mapping file for font encoding PD1
)
\Hy@SavedSpaceFactor=\count103

(/usr/share/texmf-dist/tex/latex/latexconfig/hyperref.cfg
File: hyperref.cfg 2002/06/06 v1.2 hyperref configuration of TeXLive
)
Package hyperref Info: Hyper figures OFF on input line 4519.
Package hyperref Info: Link nesting OFF on input line 4524.
Package hyperref Info: Hyper index ON on input line 4527.
Package hyperref Info: Plain pages OFF on input line 4534.
Package hyperref Info: Backreferencing OFF on input line 4539.
Package hyperref Info: Implicit mode ON; LaTeX internals redefined.
Package hyperref Info: Bookmarks ON on input line 4772.
\c@Hy@tempcnt=\count104

(/usr/share/texmf-dist/tex/latex/url/url.sty
\Urlmuskip=\muskip10
Package: url 2013/09/16  ver 3.4  Verb mode for urls, etc.
)
LaTeX Info: Redefining \url on input line 5125.
\XeTeXLinkMargin=\dimen123
\Fld@menulength=\count105
\Field@Width=\dimen124
\Fld@charsize=\dimen125
Package hyperref Info: Hyper figures OFF on input line 6380.
Package hyperref Info: Link nesting OFF on input line 6385.
Package hyperref Info: Hyper index ON on input line 6388.
Package hyperref Info: backreferencing OFF on input line 6395.
Package hyperref Info: Link coloring OFF on input line 6400.
Package hyperref Info: Link coloring with OCG OFF on input line 6405.
Package hyperref Info: PDF/A mode OFF on input line 6410.
LaTeX Info: Redefining \ref on input line 6450.
LaTeX Info: Redefining \pageref on input line 6454.
\Hy@abspage=\count106
\c@Item=\count107
\c@Hfootnote=\count108
)
Package hyperref Info: Driver (autodetected): hpdftex.

(/usr/share/texmf-dist/tex/latex/hyperref/hpdftex.def
File: hpdftex.def 2018/11/30 v6.88e Hyperref driver for pdfTeX
\Fld@listcount=\count109
\c@bookmark@seq@number=\count110

(/usr/share/texmf-dist/tex/latex/oberdiek/rerunfilecheck.sty
Package: rerunfilecheck 2016/05/16 v1.8 Rerun checks for auxiliary files (HO)
Package uniquecounter Info: New unique counter `rerunfilecheck' on input line 2
82.
)
\Hy@SectionHShift=\skip56
)
(./Preamble/mydefinitions.tex
(/usr/share/texmf-dist/tex/latex/natbib/natbib.sty
Package: natbib 2010/09/13 8.31b (PWD, AO)
\bibhang=\skip57
\bibsep=\skip58
LaTeX Info: Redefining \cite on input line 694.
\c@NAT@ctr=\count111
)
(/usr/share/texmf-dist/tex/latex/amsmath/amsmath.sty
Package: amsmath 2018/12/01 v2.17b AMS math features
\@mathmargin=\skip59

For additional information on amsmath, use the `?' option.
(/usr/share/texmf-dist/tex/latex/amsmath/amstext.sty
Package: amstext 2000/06/29 v2.01 AMS text

(/usr/share/texmf-dist/tex/latex/amsmath/amsgen.sty
File: amsgen.sty 1999/11/30 v2.0 generic functions
\@emptytoks=\toks19
\ex@=\dimen126
))
(/usr/share/texmf-dist/tex/latex/amsmath/amsbsy.sty
Package: amsbsy 1999/11/29 v1.2d Bold Symbols
\pmbraise@=\dimen127
)
(/usr/share/texmf-dist/tex/latex/amsmath/amsopn.sty
Package: amsopn 2016/03/08 v2.02 operator names
)
\inf@bad=\count112
LaTeX Info: Redefining \frac on input line 223.
\uproot@=\count113
\leftroot@=\count114
LaTeX Info: Redefining \overline on input line 385.
\classnum@=\count115
\DOTSCASE@=\count116
LaTeX Info: Redefining \ldots on input line 482.
LaTeX Info: Redefining \dots on input line 485.
LaTeX Info: Redefining \cdots on input line 606.
\Mathstrutbox@=\box31
\strutbox@=\box32
\big@size=\dimen128
LaTeX Font Info:    Redeclaring font encoding OML on input line 729.
LaTeX Font Info:    Redeclaring font encoding OMS on input line 730.
\macc@depth=\count117
\c@MaxMatrixCols=\count118
\dotsspace@=\muskip11
\c@parentequation=\count119
\dspbrk@lvl=\count120
\tag@help=\toks20
\row@=\count121
\column@=\count122
\maxfields@=\count123
\andhelp@=\toks21
\eqnshift@=\dimen129
\alignsep@=\dimen130
\tagshift@=\dimen131
\tagwidth@=\dimen132
\totwidth@=\dimen133
\lineht@=\dimen134
\@envbody=\toks22
\multlinegap=\skip60
\multlinetaggap=\skip61
\mathdisplay@stack=\toks23
LaTeX Info: Redefining \[ on input line 2844.
LaTeX Info: Redefining \] on input line 2845.
)
(/usr/share/texmf-dist/tex/latex/amscls/amsthm.sty
Package: amsthm 2017/10/31 v2.20.4
\thm@style=\toks24
\thm@bodyfont=\toks25
\thm@headfont=\toks26
\thm@notefont=\toks27
\thm@headpunct=\toks28
\thm@preskip=\skip62
\thm@postskip=\skip63
\thm@headsep=\skip64
\dth@everypar=\toks29
)
(/usr/share/texmf-dist/tex/latex/amsfonts/amssymb.sty
Package: amssymb 2013/01/14 v3.01 AMS font symbols

(/usr/share/texmf-dist/tex/latex/amsfonts/amsfonts.sty
Package: amsfonts 2013/01/14 v3.01 Basic AMSFonts support
\symAMSa=\mathgroup4
\symAMSb=\mathgroup5
LaTeX Font Info:    Overwriting math alphabet `\mathfrak' in version `bold'
(Font)                  U/euf/m/n --> U/euf/b/n on input line 106.
))
(/usr/share/texmf-dist/tex/latex/bbm-macros/bbm.sty
Package: bbm 1999/03/15 V 1.2 provides fonts for set symbols - TH
LaTeX Font Info:    Overwriting math alphabet `\mathbbm' in version `bold'
(Font)                  U/bbm/m/n --> U/bbm/bx/n on input line 33.
LaTeX Font Info:    Overwriting math alphabet `\mathbbmss' in version `bold'
(Font)                  U/bbmss/m/n --> U/bbmss/bx/n on input line 35.
)
(/usr/share/texmf-dist/tex/latex/pgf/frontendlayer/tikz.sty
(/usr/share/texmf-dist/tex/latex/pgf/basiclayer/pgf.sty
(/usr/share/texmf-dist/tex/latex/pgf/utilities/pgfrcs.sty
(/usr/share/texmf-dist/tex/generic/pgf/utilities/pgfutil-common.tex
\pgfutil@everybye=\toks30
\pgfutil@tempdima=\dimen135
\pgfutil@tempdimb=\dimen136

(/usr/share/texmf-dist/tex/generic/pgf/utilities/pgfutil-common-lists.tex))
(/usr/share/texmf-dist/tex/generic/pgf/utilities/pgfutil-latex.def
\pgfutil@abb=\box33

(/usr/share/texmf-dist/tex/latex/ms/everyshi.sty
Package: everyshi 2001/05/15 v3.00 EveryShipout Package (MS)
))
(/usr/share/texmf-dist/tex/generic/pgf/utilities/pgfrcs.code.tex
(/usr/share/texmf-dist/tex/generic/pgf/pgf.revision.tex)
Package: pgfrcs 2019/02/02 v3.1.1 (3.1.1)
))
Package: pgf 2019/02/02 v3.1.1 (3.1.1)

(/usr/share/texmf-dist/tex/latex/pgf/basiclayer/pgfcore.sty
(/usr/share/texmf-dist/tex/latex/pgf/systemlayer/pgfsys.sty
(/usr/share/texmf-dist/tex/generic/pgf/systemlayer/pgfsys.code.tex
Package: pgfsys 2019/02/02 v3.1.1 (3.1.1)

(/usr/share/texmf-dist/tex/generic/pgf/utilities/pgfkeys.code.tex
\pgfkeys@pathtoks=\toks31
\pgfkeys@temptoks=\toks32

(/usr/share/texmf-dist/tex/generic/pgf/utilities/pgfkeysfiltered.code.tex
\pgfkeys@tmptoks=\toks33
))
\pgf@x=\dimen137
\pgf@y=\dimen138
\pgf@xa=\dimen139
\pgf@ya=\dimen140
\pgf@xb=\dimen141
\pgf@yb=\dimen142
\pgf@xc=\dimen143
\pgf@yc=\dimen144
\w@pgf@writea=\write3
\r@pgf@reada=\read1
\c@pgf@counta=\count124
\c@pgf@countb=\count125
\c@pgf@countc=\count126
\c@pgf@countd=\count127
\t@pgf@toka=\toks34
\t@pgf@tokb=\toks35
\t@pgf@tokc=\toks36
\pgf@sys@id@count=\count128

(/usr/share/texmf-dist/tex/generic/pgf/systemlayer/pgf.cfg
File: pgf.cfg 2019/02/02 v3.1.1 (3.1.1)
)
Driver file for pgf: pgfsys-pdftex.def

(/usr/share/texmf-dist/tex/generic/pgf/systemlayer/pgfsys-pdftex.def
File: pgfsys-pdftex.def 2019/02/02 v3.1.1 (3.1.1)

(/usr/share/texmf-dist/tex/generic/pgf/systemlayer/pgfsys-common-pdf.def
File: pgfsys-common-pdf.def 2019/02/02 v3.1.1 (3.1.1)
)))
(/usr/share/texmf-dist/tex/generic/pgf/systemlayer/pgfsyssoftpath.code.tex
File: pgfsyssoftpath.code.tex 2019/02/02 v3.1.1 (3.1.1)
\pgfsyssoftpath@smallbuffer@items=\count129
\pgfsyssoftpath@bigbuffer@items=\count130
)
(/usr/share/texmf-dist/tex/generic/pgf/systemlayer/pgfsysprotocol.code.tex
File: pgfsysprotocol.code.tex 2019/02/02 v3.1.1 (3.1.1)
))
(/usr/share/texmf-dist/tex/generic/pgf/basiclayer/pgfcore.code.tex
Package: pgfcore 2019/02/02 v3.1.1 (3.1.1)

(/usr/share/texmf-dist/tex/generic/pgf/math/pgfmath.code.tex
(/usr/share/texmf-dist/tex/generic/pgf/math/pgfmathcalc.code.tex
(/usr/share/texmf-dist/tex/generic/pgf/math/pgfmathutil.code.tex)
(/usr/share/texmf-dist/tex/generic/pgf/math/pgfmathparser.code.tex
\pgfmath@dimen=\dimen145
\pgfmath@count=\count131
\pgfmath@box=\box34
\pgfmath@toks=\toks37
\pgfmath@stack@operand=\toks38
\pgfmath@stack@operation=\toks39
)
(/usr/share/texmf-dist/tex/generic/pgf/math/pgfmathfunctions.code.tex
(/usr/share/texmf-dist/tex/generic/pgf/math/pgfmathfunctions.basic.code.tex)
(/usr/share/texmf-dist/tex/generic/pgf/math/pgfmathfunctions.trigonometric.code
.tex)
(/usr/share/texmf-dist/tex/generic/pgf/math/pgfmathfunctions.random.code.tex)
(/usr/share/texmf-dist/tex/generic/pgf/math/pgfmathfunctions.comparison.code.te
x) (/usr/share/texmf-dist/tex/generic/pgf/math/pgfmathfunctions.base.code.tex)
(/usr/share/texmf-dist/tex/generic/pgf/math/pgfmathfunctions.round.code.tex)
(/usr/share/texmf-dist/tex/generic/pgf/math/pgfmathfunctions.misc.code.tex)
(/usr/share/texmf-dist/tex/generic/pgf/math/pgfmathfunctions.integerarithmetics
.code.tex))) (/usr/share/texmf-dist/tex/generic/pgf/math/pgfmathfloat.code.tex
\c@pgfmathroundto@lastzeros=\count132
)) (/usr/share/texmf-dist/tex/generic/pgf/basiclayer/pgfcorepoints.code.tex
File: pgfcorepoints.code.tex 2019/02/02 v3.1.1 (3.1.1)
\pgf@picminx=\dimen146
\pgf@picmaxx=\dimen147
\pgf@picminy=\dimen148
\pgf@picmaxy=\dimen149
\pgf@pathminx=\dimen150
\pgf@pathmaxx=\dimen151
\pgf@pathminy=\dimen152
\pgf@pathmaxy=\dimen153
\pgf@xx=\dimen154
\pgf@xy=\dimen155
\pgf@yx=\dimen156
\pgf@yy=\dimen157
\pgf@zx=\dimen158
\pgf@zy=\dimen159
)
(/usr/share/texmf-dist/tex/generic/pgf/basiclayer/pgfcorepathconstruct.code.tex
File: pgfcorepathconstruct.code.tex 2019/02/02 v3.1.1 (3.1.1)
\pgf@path@lastx=\dimen160
\pgf@path@lasty=\dimen161
) (/usr/share/texmf-dist/tex/generic/pgf/basiclayer/pgfcorepathusage.code.tex
File: pgfcorepathusage.code.tex 2019/02/02 v3.1.1 (3.1.1)
\pgf@shorten@end@additional=\dimen162
\pgf@shorten@start@additional=\dimen163
)
(/usr/share/texmf-dist/tex/generic/pgf/basiclayer/pgfcorescopes.code.tex
File: pgfcorescopes.code.tex 2019/02/02 v3.1.1 (3.1.1)
\pgfpic=\box35
\pgf@hbox=\box36
\pgf@layerbox@main=\box37
\pgf@picture@serial@count=\count133
)
(/usr/share/texmf-dist/tex/generic/pgf/basiclayer/pgfcoregraphicstate.code.tex
File: pgfcoregraphicstate.code.tex 2019/02/02 v3.1.1 (3.1.1)
\pgflinewidth=\dimen164
)
(/usr/share/texmf-dist/tex/generic/pgf/basiclayer/pgfcoretransformations.code.t
ex
File: pgfcoretransformations.code.tex 2019/02/02 v3.1.1 (3.1.1)
\pgf@pt@x=\dimen165
\pgf@pt@y=\dimen166
\pgf@pt@temp=\dimen167
) (/usr/share/texmf-dist/tex/generic/pgf/basiclayer/pgfcorequick.code.tex
File: pgfcorequick.code.tex 2019/02/02 v3.1.1 (3.1.1)
)
(/usr/share/texmf-dist/tex/generic/pgf/basiclayer/pgfcoreobjects.code.tex
File: pgfcoreobjects.code.tex 2019/02/02 v3.1.1 (3.1.1)
)
(/usr/share/texmf-dist/tex/generic/pgf/basiclayer/pgfcorepathprocessing.code.te
x
File: pgfcorepathprocessing.code.tex 2019/02/02 v3.1.1 (3.1.1)
) (/usr/share/texmf-dist/tex/generic/pgf/basiclayer/pgfcorearrows.code.tex
File: pgfcorearrows.code.tex 2019/02/02 v3.1.1 (3.1.1)
\pgfarrowsep=\dimen168
)
(/usr/share/texmf-dist/tex/generic/pgf/basiclayer/pgfcoreshade.code.tex
File: pgfcoreshade.code.tex 2019/02/02 v3.1.1 (3.1.1)
\pgf@max=\dimen169
\pgf@sys@shading@range@num=\count134
)
(/usr/share/texmf-dist/tex/generic/pgf/basiclayer/pgfcoreimage.code.tex
File: pgfcoreimage.code.tex 2019/02/02 v3.1.1 (3.1.1)

(/usr/share/texmf-dist/tex/generic/pgf/basiclayer/pgfcoreexternal.code.tex
File: pgfcoreexternal.code.tex 2019/02/02 v3.1.1 (3.1.1)
\pgfexternal@startupbox=\box38
))
(/usr/share/texmf-dist/tex/generic/pgf/basiclayer/pgfcorelayers.code.tex
File: pgfcorelayers.code.tex 2019/02/02 v3.1.1 (3.1.1)
)
(/usr/share/texmf-dist/tex/generic/pgf/basiclayer/pgfcoretransparency.code.tex
File: pgfcoretransparency.code.tex 2019/02/02 v3.1.1 (3.1.1)
) (/usr/share/texmf-dist/tex/generic/pgf/basiclayer/pgfcorepatterns.code.tex
File: pgfcorepatterns.code.tex 2019/02/02 v3.1.1 (3.1.1)
)
(/usr/share/texmf-dist/tex/generic/pgf/basiclayer/pgfcorerdf.code.tex
File: pgfcorerdf.code.tex 2019/02/02 v3.1.1 (3.1.1)
)))
(/usr/share/texmf-dist/tex/generic/pgf/modules/pgfmoduleshapes.code.tex
File: pgfmoduleshapes.code.tex 2019/02/02 v3.1.1 (3.1.1)
\pgfnodeparttextbox=\box39
)
(/usr/share/texmf-dist/tex/generic/pgf/modules/pgfmoduleplot.code.tex
File: pgfmoduleplot.code.tex 2019/02/02 v3.1.1 (3.1.1)
)
(/usr/share/texmf-dist/tex/latex/pgf/compatibility/pgfcomp-version-0-65.sty
Package: pgfcomp-version-0-65 2019/02/02 v3.1.1 (3.1.1)
\pgf@nodesepstart=\dimen170
\pgf@nodesepend=\dimen171
)
(/usr/share/texmf-dist/tex/latex/pgf/compatibility/pgfcomp-version-1-18.sty
Package: pgfcomp-version-1-18 2019/02/02 v3.1.1 (3.1.1)
))
(/usr/share/texmf-dist/tex/latex/pgf/utilities/pgffor.sty
(/usr/share/texmf-dist/tex/latex/pgf/utilities/pgfkeys.sty
(/usr/share/texmf-dist/tex/generic/pgf/utilities/pgfkeys.code.tex))
(/usr/share/texmf-dist/tex/latex/pgf/math/pgfmath.sty
(/usr/share/texmf-dist/tex/generic/pgf/math/pgfmath.code.tex))
(/usr/share/texmf-dist/tex/generic/pgf/utilities/pgffor.code.tex
Package: pgffor 2019/02/02 v3.1.1 (3.1.1)

(/usr/share/texmf-dist/tex/generic/pgf/math/pgfmath.code.tex)
\pgffor@iter=\dimen172
\pgffor@skip=\dimen173
\pgffor@stack=\toks40
\pgffor@toks=\toks41
))
(/usr/share/texmf-dist/tex/generic/pgf/frontendlayer/tikz/tikz.code.tex
Package: tikz 2019/02/02 v3.1.1 (3.1.1)

(/usr/share/texmf-dist/tex/generic/pgf/libraries/pgflibraryplothandlers.code.te
x
File: pgflibraryplothandlers.code.tex 2019/02/02 v3.1.1 (3.1.1)
\pgf@plot@mark@count=\count135
\pgfplotmarksize=\dimen174
)
\tikz@lastx=\dimen175
\tikz@lasty=\dimen176
\tikz@lastxsaved=\dimen177
\tikz@lastysaved=\dimen178
\tikzleveldistance=\dimen179
\tikzsiblingdistance=\dimen180
\tikz@figbox=\box40
\tikz@figbox@bg=\box41
\tikz@tempbox=\box42
\tikz@tempbox@bg=\box43
\tikztreelevel=\count136
\tikznumberofchildren=\count137
\tikznumberofcurrentchild=\count138
\tikz@fig@count=\count139
 (/usr/share/texmf-dist/tex/generic/pgf/modules/pgfmodulematrix.code.tex
File: pgfmodulematrix.code.tex 2019/02/02 v3.1.1 (3.1.1)
\pgfmatrixcurrentrow=\count140
\pgfmatrixcurrentcolumn=\count141
\pgf@matrix@numberofcolumns=\count142
)
\tikz@expandcount=\count143

(/usr/share/texmf-dist/tex/generic/pgf/frontendlayer/tikz/libraries/tikzlibrary
topaths.code.tex
File: tikzlibrarytopaths.code.tex 2019/02/02 v3.1.1 (3.1.1)
))) (/usr/share/texmf-dist/tex/latex/subfigure/subfigure.sty
Package: subfigure 2002/03/15 v2.1.5 subfigure package
\subfigtopskip=\skip65
\subfigcapskip=\skip66
\subfigcaptopadj=\dimen181
\subfigbottomskip=\skip67
\subfigcapmargin=\dimen182
\subfiglabelskip=\skip68
\c@subfigure=\count144
\c@lofdepth=\count145
\c@subtable=\count146
\c@lotdepth=\count147

****************************************
* Local config file subfigure.cfg used *
****************************************
(/usr/share/texmf-dist/tex/latex/subfigure/subfigure.cfg)
\subfig@top=\skip69
\subfig@bottom=\skip70
)
\c@critere=\count148

(/usr/share/texmf-dist/tex/latex/listings/listings.sty
\lst@mode=\count149
\lst@gtempboxa=\box44
\lst@token=\toks42
\lst@length=\count150
\lst@currlwidth=\dimen183
\lst@column=\count151
\lst@pos=\count152
\lst@lostspace=\dimen184
\lst@width=\dimen185
\lst@newlines=\count153
\lst@lineno=\count154
\lst@maxwidth=\dimen186

(/usr/share/texmf-dist/tex/latex/listings/lstmisc.sty
File: lstmisc.sty 2019/02/27 1.8b (Carsten Heinz)
\c@lstnumber=\count155
\lst@skipnumbers=\count156
\lst@framebox=\box45
)
(/usr/share/texmf-dist/tex/latex/listings/listings.cfg
File: listings.cfg 2019/02/27 1.8b listings configuration
))
Package: listings 2019/02/27 1.8b (Carsten Heinz)

(/usr/share/texmf-dist/tex/latex/listings/lstlang1.sty
File: lstlang1.sty 2019/02/27 1.8b listings language file
)
(/usr/share/texmf-dist/tex/latex/listings/lstmisc.sty
File: lstmisc.sty 2019/02/27 1.8b (Carsten Heinz)
))
(./Preamble/revision.tex) (./Final_Thesis.aux

LaTeX Warning: Label `fig:phase' multiply defined.


LaTeX Warning: Label `eqn:potential' multiply defined.


LaTeX Warning: Label `fig:V_change' multiply defined.


LaTeX Warning: Label `fig:scissors' multiply defined.

)
\openout1 = `Final_Thesis.aux'.

LaTeX Font Info:    Checking defaults for OML/cmm/m/it on input line 67.
LaTeX Font Info:    ... okay on input line 67.
LaTeX Font Info:    Checking defaults for T1/cmr/m/n on input line 67.
LaTeX Font Info:    ... okay on input line 67.
LaTeX Font Info:    Checking defaults for OT1/cmr/m/n on input line 67.
LaTeX Font Info:    ... okay on input line 67.
LaTeX Font Info:    Checking defaults for OMS/cmsy/m/n on input line 67.
LaTeX Font Info:    ... okay on input line 67.
LaTeX Font Info:    Checking defaults for OMX/cmex/m/n on input line 67.
LaTeX Font Info:    ... okay on input line 67.
LaTeX Font Info:    Checking defaults for U/cmr/m/n on input line 67.
LaTeX Font Info:    ... okay on input line 67.
LaTeX Font Info:    Checking defaults for PD1/pdf/m/n on input line 67.
LaTeX Font Info:    ... okay on input line 67.

*geometry* driver: auto-detecting
*geometry* detected driver: pdftex
*geometry* verbose mode - [ preamble ] result:
* driver: pdftex
* paper: a4paper
* layout: <same size as paper>
* layoutoffset:(h,v)=(0.0pt,0.0pt)
* modes: includehead twoside 
* h-part:(L,W,R)=(85.35826pt, 441.01773pt, 71.13188pt)
* v-part:(T,H,B)=(71.13188pt, 702.78308pt, 71.13188pt)
* \paperwidth=597.50787pt
* \paperheight=845.04684pt
* \textwidth=441.01773pt
* \textheight=665.83746pt
* \oddsidemargin=13.08827pt
* \evensidemargin=-1.1381pt
* \topmargin=-1.1381pt
* \headheight=17.07182pt
* \headsep=19.8738pt
* \topskip=12.0pt
* \footskip=30.0pt
* \marginparwidth=98.0pt
* \marginparsep=7.0pt
* \columnsep=10.0pt
* \skip\footins=10.8pt plus 4.0pt minus 2.0pt
* \hoffset=0.0pt
* \voffset=0.0pt
* \mag=1000
* \@twocolumnfalse
* \@twosidetrue
* \@mparswitchtrue
* \@reversemarginfalse
* (1in=72.27pt=25.4mm, 1cm=28.453pt)

(/usr/share/texmf-dist/tex/context/base/mkii/supp-pdf.mkii
[Loading MPS to PDF converter (version 2006.09.02).]
\scratchcounter=\count157
\scratchdimen=\dimen187
\scratchbox=\box46
\nofMPsegments=\count158
\nofMParguments=\count159
\everyMPshowfont=\toks43
\MPscratchCnt=\count160
\MPscratchDim=\dimen188
\MPnumerator=\count161
\makeMPintoPDFobject=\count162
\everyMPtoPDFconversion=\toks44
) (/usr/share/texmf-dist/tex/latex/oberdiek/epstopdf-base.sty
Package: epstopdf-base 2016/05/15 v2.6 Base part for package epstopdf

(/usr/share/texmf-dist/tex/latex/oberdiek/grfext.sty
Package: grfext 2016/05/16 v1.2 Manage graphics extensions (HO)
)
Package epstopdf-base Info: Redefining graphics rule for `.eps' on input line 4
38.
Package grfext Info: Graphics extension search list:
(grfext)             [.pdf,.png,.jpg,.mps,.jpeg,.jbig2,.jb2,.PDF,.PNG,.JPG,.JPE
G,.JBIG2,.JB2,.eps]
(grfext)             \AppendGraphicsExtensions on input line 456.

(/usr/share/texmf-dist/tex/latex/latexconfig/epstopdf-sys.cfg
File: epstopdf-sys.cfg 2010/07/13 v1.3 Configuration of (r)epstopdf for TeX Liv
e
))
Package caption Info: Begin \AtBeginDocument code.
Package caption Info: hyperref package is loaded.
Package caption Info: listings package is loaded.
Package caption Info: subfigure package is loaded.
Package caption Info: End \AtBeginDocument code.
\AtBeginShipoutBox=\box47
Package hyperref Info: Link coloring OFF on input line 67.

(/usr/share/texmf-dist/tex/latex/hyperref/nameref.sty
Package: nameref 2016/05/21 v2.44 Cross-referencing by name of section

(/usr/share/texmf-dist/tex/generic/oberdiek/gettitlestring.sty
Package: gettitlestring 2016/05/16 v1.5 Cleanup title references (HO)
)
\c@section@level=\count163
)
LaTeX Info: Redefining \ref on input line 67.
LaTeX Info: Redefining \pageref on input line 67.
LaTeX Info: Redefining \nameref on input line 67.

(./Final_Thesis.out) (./Final_Thesis.out)
\@outlinefile=\write4
\openout4 = `Final_Thesis.out'.


ABD: EveryShipout initializing macros
\c@lstlisting=\count164
<./Images/symbol.jpg, id=272, 468.7914pt x 465.4188pt>
File: ./Images/symbol.jpg Graphic file (type jpg)
<use ./Images/symbol.jpg>
Package pdftex.def Info: ./Images/symbol.jpg  used on input line 94.
(pdftex.def)             Requested size: 597.50787pt x 593.25552pt.
 [1



{/var/lib/texmf/fonts/map/pdftex/updmap/pdftex.map} <./Images/symbol.jpg>] (./P
reamble/declaration.tex [2

]
LaTeX Font Info:    Try loading font information for OMS+cmr on input line 9.

(/usr/share/texmf-dist/tex/latex/base/omscmr.fd
File: omscmr.fd 2014/09/29 v2.5h Standard LaTeX font definitions
)
LaTeX Font Info:    Font shape `OMS/cmr/m/n' in size <12> not available
(Font)              Font shape `OMS/cmsy/m/n' tried instead on input line 9.
) (./Preamble/abstract.tex
[3

] [4

]) [5

] [6

] (./Final_Thesis.toc
LaTeX Font Info:    Try loading font information for U+msa on input line 9.

(/usr/share/texmf-dist/tex/latex/amsfonts/umsa.fd
File: umsa.fd 2013/01/14 v3.01 AMS symbols A
)
LaTeX Font Info:    Try loading font information for U+msb on input line 9.

(/usr/share/texmf-dist/tex/latex/amsfonts/umsb.fd
File: umsb.fd 2013/01/14 v3.01 AMS symbols B
) [7

]
Overfull \hbox (12.0911pt too wide) in paragraph at lines 57--57
 [][] [][]\T1/cmr/m/n/12 Controlled cre-ation of three-dimensional vor-tex stru
c-tures in Bose--Einstein 
 []

[8])
\tf@toc=\write5
\openout5 = `Final_Thesis.toc'.

 [9] [10

] (./Final_Thesis.lot)
\tf@lot=\write6
\openout6 = `Final_Thesis.lot'.

 [11

] [12

] (./MainText/introduction.tex
[1

] [2]) [3] [4

] (./MainText/split_op.tex
Chapter 1.
[5

] [6]
<data/splitop/SHO/SHO_gimp.pdf, id=521, 315.91711pt x 615.56293pt>
File: data/splitop/SHO/SHO_gimp.pdf Graphic file (type pdf)
<use data/splitop/SHO/SHO_gimp.pdf>
Package pdftex.def Info: data/splitop/SHO/SHO_gimp.pdf  used on input line 103.

(pdftex.def)             Requested size: 264.61333pt x 515.61346pt.
 [7] [8 <./data/splitop/SHO/SHO_gimp.pdf>] [9]
Overfull \hbox (15.75533pt too wide) in paragraph at lines 181--181
[]\T1/cmr/bx/n/14.4 Bose--Einstein con-den-sa-tion and the Gross--Pitaevskii Eq
ua-
 []

[10] [11]
<data/qs/SHO/SHO.pdf, id=624, 361.35pt x 252.945pt>
File: data/qs/SHO/SHO.pdf Graphic file (type pdf)
<use data/qs/SHO/SHO.pdf>
Package pdftex.def Info: data/qs/SHO/SHO.pdf  used on input line 268.
(pdftex.def)             Requested size: 441.01773pt x 308.71596pt.
 [12] [13 <./data/qs/SHO/SHO.pdf>] [14]
<data/splitop/rot/WIP.pdf, id=703, 531.8787pt x 455.69261pt>
File: data/splitop/rot/WIP.pdf Graphic file (type pdf)
<use data/splitop/rot/WIP.pdf>
Package pdftex.def Info: data/splitop/rot/WIP.pdf  used on input line 334.
(pdftex.def)             Requested size: 441.01773pt x 377.84233pt.
 [15] [16 <./data/splitop/rot/WIP.pdf>] [17] [18] [19]
<data/splitop/gauge/check.pdf, id=833, 361.35pt x 252.945pt>
File: data/splitop/gauge/check.pdf Graphic file (type pdf)
<use data/splitop/gauge/check.pdf>
Package pdftex.def Info: data/splitop/gauge/check.pdf  used on input line 539.
(pdftex.def)             Requested size: 264.61333pt x 185.23111pt.
 [20]) (./MainText/1d.tex [21 <./data/splitop/gauge/check.pdf>] [22

]
Chapter 2.
[23] [24]
<data/1d/NM/NM.pdf, id=916, 361.35pt x 252.945pt>
File: data/1d/NM/NM.pdf Graphic file (type pdf)
<use data/1d/NM/NM.pdf>
Package pdftex.def Info: data/1d/NM/NM.pdf  used on input line 77.
(pdftex.def)             Requested size: 330.76329pt x 231.53503pt.
 [25] [26 <./data/1d/NM/NM.pdf>] [27] [28]
<data/1d/scheme.pdf, id=983, 416.41394pt x 286.50488pt>
File: data/1d/scheme.pdf Graphic file (type pdf)
<use data/1d/scheme.pdf>
Package pdftex.def Info: data/1d/scheme.pdf  used on input line 221.
(pdftex.def)             Requested size: 220.50887pt x 151.71571pt.
 [29]
<data/1d/cross.png, id=1006, 293.59688pt x 304.13625pt>
File: data/1d/cross.png Graphic file (type png)
<use data/1d/cross.png>
Package pdftex.def Info: data/1d/cross.png  used on input line 236.
(pdftex.def)             Requested size: 176.40439pt x 182.73375pt.
<data/1d/nocross.png, id=1008, 293.59688pt x 304.13625pt>
File: data/1d/nocross.png Graphic file (type png)
<use data/1d/nocross.png>
Package pdftex.def Info: data/1d/nocross.png  used on input line 239.
(pdftex.def)             Requested size: 176.40439pt x 182.73375pt.
 [30 <./data/1d/scheme.pdf>]
<data/1d/figR0.pdf, id=1053, 227.55013pt x 227.55013pt>
File: data/1d/figR0.pdf Graphic file (type pdf)
<use data/1d/figR0.pdf>
Package pdftex.def Info: data/1d/figR0.pdf  used on input line 284.
(pdftex.def)             Requested size: 198.45662pt x 198.45657pt.
<data/1d/figB0.pdf, id=1054, 227.55013pt x 227.55013pt>
File: data/1d/figB0.pdf Graphic file (type pdf)
<use data/1d/figB0.pdf>
Package pdftex.def Info: data/1d/figB0.pdf  used on input line 287.
(pdftex.def)             Requested size: 198.45662pt x 198.45657pt.
 [31 <./data/1d/cross.png> <./data/1d/nocross.png>]
<data/1d/figR1.pdf, id=1074, 227.55013pt x 227.55013pt>
File: data/1d/figR1.pdf Graphic file (type pdf)
<use data/1d/figR1.pdf>
Package pdftex.def Info: data/1d/figR1.pdf  used on input line 312.
(pdftex.def)             Requested size: 198.45662pt x 198.45657pt.
<data/1d/figB1.pdf, id=1075, 227.55013pt x 227.55013pt>
File: data/1d/figB1.pdf Graphic file (type pdf)
<use data/1d/figB1.pdf>
Package pdftex.def Info: data/1d/figB1.pdf  used on input line 316.
(pdftex.def)             Requested size: 198.45662pt x 198.45657pt.

Underfull \vbox (badness 1286) has occurred while \output is active []

 [32 <./data/1d/figR0.pdf> <./data/1d/figB0.pdf>]
<data/1d/figlfid.pdf, id=1112, 227.55013pt x 227.55013pt>
File: data/1d/figlfid.pdf Graphic file (type pdf)
<use data/1d/figlfid.pdf>
Package pdftex.def Info: data/1d/figlfid.pdf  used on input line 331.
(pdftex.def)             Requested size: 220.50887pt x 220.50807pt.
<data/1d/figTG3.pdf, id=1113, 227.55013pt x 227.55013pt>
File: data/1d/figTG3.pdf Graphic file (type pdf)
<use data/1d/figTG3.pdf>
Package pdftex.def Info: data/1d/figTG3.pdf  used on input line 343.
(pdftex.def)             Requested size: 198.45662pt x 198.45657pt.
<data/1d/figTG5.pdf, id=1114, 227.55013pt x 227.55013pt>
File: data/1d/figTG5.pdf Graphic file (type pdf)
<use data/1d/figTG5.pdf>
Package pdftex.def Info: data/1d/figTG5.pdf  used on input line 347.
(pdftex.def)             Requested size: 198.45662pt x 198.45657pt.
<data/1d/STAscheme.png, id=1118, 598.6365pt x 375.0813pt>
File: data/1d/STAscheme.png Graphic file (type png)
<use data/1d/STAscheme.png>
Package pdftex.def Info: data/1d/STAscheme.png  used on input line 370.
(pdftex.def)             Requested size: 352.81552pt x 221.06139pt.
 [33 <./data/1d/figR1.pdf> <./data/1d/figB1.pdf>] [34 <./data/1d/figlfid.pdf>] 
[35 <./data/1d/figTG3.pdf> <./data/1d/figTG5.pdf>] [36 <./data/1d/STAscheme.png
>]
<data/1d/fig1.png, id=1285, 442.0515pt x 398.6895pt>
File: data/1d/fig1.png Graphic file (type png)
<use data/1d/fig1.png>
Package pdftex.def Info: data/1d/fig1.png  used on input line 465.
(pdftex.def)             Requested size: 211.68661pt x 190.9186pt.
<data/1d/fig2.png, id=1286, 442.0515pt x 398.6895pt>
File: data/1d/fig2.png Graphic file (type png)
<use data/1d/fig2.png>
Package pdftex.def Info: data/1d/fig2.png  used on input line 468.
(pdftex.def)             Requested size: 211.68661pt x 190.9186pt.
<data/1d/fig5.png, id=1288, 578.16pt x 364.2408pt>
File: data/1d/fig5.png Graphic file (type png)
<use data/1d/fig5.png>
Package pdftex.def Info: data/1d/fig5.png  used on input line 483.
(pdftex.def)             Requested size: 198.45662pt x 125.02405pt.
<data/1d/fig6.png, id=1289, 528.5346pt x 339.669pt>
File: data/1d/fig6.png Graphic file (type png)
<use data/1d/fig6.png>
Package pdftex.def Info: data/1d/fig6.png  used on input line 484.
(pdftex.def)             Requested size: 198.45662pt x 127.53622pt.
 [37 <./data/1d/fig1.png> <./data/1d/fig2.png>]
<data/1d/fig7a.png, id=1306, 522.5121pt x 339.9099pt>
File: data/1d/fig7a.png Graphic file (type png)
<use data/1d/fig7a.png>
Package pdftex.def Info: data/1d/fig7a.png  used on input line 521.
(pdftex.def)             Requested size: 198.45662pt x 129.09967pt.
<data/1d/fig7b.png, id=1307, 524.1984pt x 342.8007pt>
File: data/1d/fig7b.png Graphic file (type png)
<use data/1d/fig7b.png>
Package pdftex.def Info: data/1d/fig7b.png  used on input line 524.
(pdftex.def)             Requested size: 198.45662pt x 129.77916pt.
 [38 <./data/1d/fig5.png> <./data/1d/fig6.png>]) (./MainText/gpue.tex
[39 <./data/1d/fig7a.png> <./data/1d/fig7b.png>] [40

]
Chapter 3.
[41]
Underfull \vbox (badness 10000) has occurred while \output is active []



Package Fancyhdr Warning: \headheight is too small (17.07182pt): 
Make it at least 27.13135pt.
We now make it that large for the rest of the document.
This may cause the page layout to be inconsistent, however.

[42]
<data/gpu/GPUEvsTS.png, id=1356, 577.6782pt x 433.3791pt>
File: data/gpu/GPUEvsTS.png Graphic file (type png)
<use data/gpu/GPUEvsTS.png>
Package pdftex.def Info: data/gpu/GPUEvsTS.png  used on input line 51.
(pdftex.def)             Requested size: 220.50887pt x 165.4264pt.
 [43 <./data/gpu/GPUEvsTS.png (PNG copy)>]
Package hyperref Info: bookmark level for unknown lstlisting defaults to 0 on i
nput line 92.
LaTeX Font Info:    Try loading font information for T1+cmtt on input line 92.

(/usr/share/texmf-dist/tex/latex/base/t1cmtt.fd
File: t1cmtt.fd 2014/09/29 v2.5h Standard LaTeX font definitions
)
LaTeX Font Info:    Font shape `T1/cmtt/bx/n' in size <10> not available
(Font)              Font shape `T1/cmtt/m/n' tried instead on input line 93.
 [44] [45]
<data/gpu/gputhreads.pdf, id=1416, 460.44421pt x 460.44421pt>
File: data/gpu/gputhreads.pdf Graphic file (type pdf)
<use data/gpu/gputhreads.pdf>
Package pdftex.def Info: data/gpu/gputhreads.pdf  used on input line 144.
(pdftex.def)             Requested size: 441.01773pt x 441.01672pt.


LaTeX Warning: Float too large for page by 41.61247pt on input line 229.


Underfull \vbox (badness 1377) has occurred while \output is active []

 [46]
[47 <./data/gpu/gputhreads.pdf>] [48]
<data/gpu/coalesce/check.pdf, id=1534, 1251.92119pt x 440.49068pt>
File: data/gpu/coalesce/check.pdf Graphic file (type pdf)
<use data/gpu/coalesce/check.pdf>
Package pdftex.def Info: data/gpu/coalesce/check.pdf  used on input line 258.
(pdftex.def)             Requested size: 441.01773pt x 155.1688pt.
 [49] [50 <./data/gpu/coalesce/check.pdf>] [51]
Overfull \hbox (33.12363pt too wide) in paragraph at lines 333--333
[]\T1/cmr/bx/n/17.28 Introduction to the GPUE code-base for $\OML/cmm/m/it/17.2
8 n$\T1/cmr/bx/n/17.28 -dimensional
 []


Package hyperref Warning: Token not allowed in a PDF string (PDFDocEncoding):
(hyperref)                removing `math shift' on input line 333.


Package hyperref Warning: Token not allowed in a PDF string (PDFDocEncoding):
(hyperref)                removing `math shift' on input line 333.


LaTeX Warning: Reference `o2017, o2016, o2016topo' on page 52 undefined on inpu
t line 340.


Overfull \hbox (38.96373pt too wide) in paragraph at lines 336--343
\T1/cmr/m/n/12 spired the de-vel-op-ment of other com-pu-ta-tional li-braries s
uch as the \T1/cmtt/m/n/12 DistributedTranspose.jl
 []

[52]
<data/gpu/fft/fft_fig.png, id=1596, 467.49657pt x 361.35pt>
File: data/gpu/fft/fft_fig.png Graphic file (type png)
<use data/gpu/fft/fft_fig.png>
Package pdftex.def Info: data/gpu/fft/fft_fig.png  used on input line 370.
(pdftex.def)             Requested size: 220.50887pt x 170.44104pt.
<data/gpu/fft/fft_fig2.png, id=1597, 794.97pt x 614.295pt>
File: data/gpu/fft/fft_fig2.png Graphic file (type png)
<use data/gpu/fft/fft_fig2.png>
Package pdftex.def Info: data/gpu/fft/fft_fig2.png  used on input line 372.
(pdftex.def)             Requested size: 396.91325pt x 306.71556pt.
 [53] [54 <./data/gpu/fft/fft_fig.png> <./data/gpu/fft/fft_fig2.png>]
(./data/gpu/expression/expression.tex
(/usr/share/texmf-dist/tex/generic/pgf/frontendlayer/tikz/libraries/tikzlibrary
arrows.code.tex
File: tikzlibraryarrows.code.tex 2019/02/02 v3.1.1 (3.1.1)

(/usr/share/texmf-dist/tex/generic/pgf/libraries/pgflibraryarrows.code.tex
File: pgflibraryarrows.code.tex 2019/02/02 v3.1.1 (3.1.1)
\arrowsize=\dimen189
)))
[55] [56]
<data/gpu/vortex_tracking/phi_grid.png, id=1644, 312.2064pt x 578.16pt>
File: data/gpu/vortex_tracking/phi_grid.png Graphic file (type png)
<use data/gpu/vortex_tracking/phi_grid.png>
Package pdftex.def Info: data/gpu/vortex_tracking/phi_grid.png  used on input l
ine 459.
(pdftex.def)             Requested size: 220.50887pt x 408.35272pt.
 [57] [58 <./data/gpu/vortex_tracking/phi_grid.png>]
<data/gpu/vortex_highlighting/all.png, id=1666, 443.256pt x 216.0873pt>
File: data/gpu/vortex_highlighting/all.png Graphic file (type png)
<use data/gpu/vortex_highlighting/all.png>
Package pdftex.def Info: data/gpu/vortex_highlighting/all.png  used on input li
ne 483.
(pdftex.def)             Requested size: 330.76329pt x 161.24734pt.
 [59 <./data/gpu/vortex_highlighting/all.png>] [60] [61] [62]) (./MainText/2d.t
ex [63] [64

]
Chapter 4.
[65]
<data/2d/phase/phase.pdf, id=1779, 822.27202pt x 512.30597pt>
File: data/2d/phase/phase.pdf Graphic file (type pdf)
<use data/2d/phase/phase.pdf>
Package pdftex.def Info: data/2d/phase/phase.pdf  used on input line 44.
(pdftex.def)             Requested size: 330.76329pt x 206.07568pt.
 [66]
<data/2d/histogram/histogram.png, id=1798, 1047.915pt x 482.0409pt>
File: data/2d/histogram/histogram.png Graphic file (type png)
<use data/2d/histogram/histogram.png>
Package pdftex.def Info: data/2d/histogram/histogram.png  used on input line 66
.
(pdftex.def)             Requested size: 441.01773pt x 202.86769pt.
<data/2d/evolution/evolution.pdf, id=1804, 422.05681pt x 360.6273pt>
File: data/2d/evolution/evolution.pdf Graphic file (type pdf)
<use data/2d/evolution/evolution.pdf>
Package pdftex.def Info: data/2d/evolution/evolution.pdf  used on input line 84
.
(pdftex.def)             Requested size: 220.50887pt x 188.41321pt.
 [67 <./data/2d/phase/phase.pdf>]
Overfull \hbox (13.85716pt too wide) in paragraph at lines 102--108
[]\T1/cmr/m/n/12 After closely in-spect-ing the vor-tex dy-nam-ics (shown in th
e sup-ple-men-tary movie [[]]),
 []

<data/2d/snapshots/snapshots.pdf, id=1854, 964.33995pt x 1102.10083pt>
File: data/2d/snapshots/snapshots.pdf Graphic file (type pdf)
<use data/2d/snapshots/snapshots.pdf>
Package pdftex.def Info: data/2d/snapshots/snapshots.pdf  used on input line 11
0.
(pdftex.def)             Requested size: 330.76329pt x 378.02222pt.
<data/2d/lyap/lyap.pdf, id=1857, 444.26175pt x 392.93298pt>
File: data/2d/lyap/lyap.pdf Graphic file (type pdf)
<use data/2d/lyap/lyap.pdf>
Package pdftex.def Info: data/2d/lyap/lyap.pdf  used on input line 124.
(pdftex.def)             Requested size: 330.76329pt x 292.55257pt.

Underfull \vbox (badness 10000) has occurred while \output is active []

 [68 <./data/2d/histogram/histogram.png>] [69 <./data/2d/evolution/evolution.pd
f>]
[70 <./data/2d/snapshots/snapshots.pdf>] [71 <./data/2d/lyap/lyap.pdf>]
[72]) (./MainText/vortex_states.tex [73] [74

]
Chapter 5.

LaTeX Warning: Reference `schloss2019' on page 75 undefined on input line 8.


LaTeX Warning: Reference `fig' on page 75 undefined on input line 9.


LaTeX Warning: Reference `fig' on page 75 undefined on input line 9.

[75] [76]
<data/3d/Schematic_TB.pdf, id=2200, 372.36516pt x 562.03494pt>
File: data/3d/Schematic_TB.pdf Graphic file (type pdf)
<use data/3d/Schematic_TB.pdf>
Package pdftex.def Info: data/3d/Schematic_TB.pdf  used on input line 70.
(pdftex.def)             Requested size: 176.40439pt x 266.25757pt.
 [77] [78 <./data/3d/Schematic_TB.pdf>]
<data/3d/fiber/mode_plot.jpg, id=2300, 378.213pt x 176.0979pt>
File: data/3d/fiber/mode_plot.jpg Graphic file (type jpg)
<use data/3d/fiber/mode_plot.jpg>
Package pdftex.def Info: data/3d/fiber/mode_plot.jpg  used on input line 123.
(pdftex.def)             Requested size: 441.01773pt x 205.35121pt.

Underfull \vbox (badness 2326) has occurred while \output is active []

 [79]
<data/3d/all_fields.pdf, id=2320, 660.37543pt x 454.17384pt>
File: data/3d/all_fields.pdf Graphic file (type pdf)
<use data/3d/all_fields.pdf>
Package pdftex.def Info: data/3d/all_fields.pdf  used on input line 157.
(pdftex.def)             Requested size: 441.01773pt x 303.31775pt.

[80 <./data/3d/fiber/mode_plot.jpg>] [81 <./data/3d/all_fields.pdf>]
<data/3d/vortex_transition.png, id=2348, 3539.2225pt x 788.9475pt>
File: data/3d/vortex_transition.png Graphic file (type png)
<use data/3d/vortex_transition.png>
Package pdftex.def Info: data/3d/vortex_transition.png  used on input line 198.

(pdftex.def)             Requested size: 441.01773pt x 98.30519pt.
 [82 <./data/3d/vortex_transition.png>]
<data/3d/HE21_3d.png, id=2360, 948.54375pt x 717.68124pt>
File: data/3d/HE21_3d.png Graphic file (type png)
<use data/3d/HE21_3d.png>
Package pdftex.def Info: data/3d/HE21_3d.png  used on input line 217.
(pdftex.def)             Requested size: 220.50887pt x 166.83727pt.
<data/3d/vortex_line_all.pdf, id=2367, 361.35pt x 548.52928pt>
File: data/3d/vortex_line_all.pdf Graphic file (type pdf)
<use data/3d/vortex_line_all.pdf>
Package pdftex.def Info: data/3d/vortex_line_all.pdf  used on input line 233.
(pdftex.def)             Requested size: 352.81552pt x 535.57974pt.
 [83 <./data/3d/HE21_3d.png>] [84 <./data/3d/vortex_line_all.pdf>]
<data/3d/V_change.pdf, id=2392, 361.35pt x 252.945pt>
File: data/3d/V_change.pdf Graphic file (type pdf)
<use data/3d/V_change.pdf>
Package pdftex.def Info: data/3d/V_change.pdf  used on input line 254.
(pdftex.def)             Requested size: 330.76329pt x 231.53503pt.
<data/3d/scissors_plot.pdf, id=2395, 361.35pt x 320.1561pt>
File: data/3d/scissors_plot.pdf Graphic file (type pdf)
<use data/3d/scissors_plot.pdf>
Package pdftex.def Info: data/3d/scissors_plot.pdf  used on input line 263.
(pdftex.def)             Requested size: 330.76329pt x 293.05719pt.
 [85 <./data/3d/V_change.pdf>] [86 <./data/3d/scissors_plot.pdf>] [87]) [88] (.
/MainText/conclusion.tex [89


] [90] [91]) [92]
(./MainText/appendixGPU
Appendix A.
[93


] [94] [95]
Overfull \hbox (62.8641pt too wide) in paragraph at lines 190--192
[][][][][][][][][][][][][][][][][][] 
 []


Overfull \hbox (62.8641pt too wide) in paragraph at lines 193--195
[][][][][][][][][][][][][][][][][][][][][][][] 
 []


Overfull \hbox (6.1774pt too wide) in paragraph at lines 199--201
[][][][][][][][][][][][][][][][][][][][][][][][][][][][] 
 []


Underfull \vbox (badness 10000) has occurred while \output is active []

 [96]
Overfull \hbox (18.77444pt too wide) in paragraph at lines 201--202
[][][][][][][][][][][][][][][][][][][][][][][][][][][][][] 
 []


Overfull \hbox (18.77444pt too wide) in paragraph at lines 202--204
[][][][][][][][][][][][][][][][][][][][][][][][][][][][][] 
 []


Overfull \hbox (12.47592pt too wide) in paragraph at lines 231--232
[][][][][][][][][][][][][][][][][][][][][][][][][][][][][] 
 []


Overfull \hbox (25.07297pt too wide) in paragraph at lines 234--235
[][][][][][][][][][][][][][][][][][][][][][][][][][][][][][][][][][][][][][][][
][][][][][][][][][][][][][][][][][][][][][][][][][][][] 
 []


Underfull \vbox (badness 10000) has occurred while \output is active []

 [97])
[98] (./Final_Thesis.bbl [99


]
Underfull \hbox (badness 2351) in paragraph at lines 133--136
[]\T1/cmr/m/n/12 C. Bayindir.  Com-pres-sive split-step Fourier method.  \T1/cm
r/m/it/12 arXiv preprint
 []

[100] [101] [102] [103] [104] [105] [106] [107]
Underfull \hbox (badness 10000) in paragraph at lines 874--877
[]\T1/cmr/m/n/12 R. Slaw, 2013.  URL []$\T1/cmtt/m/n/12 https : / / gist . gith
ub . com / realazthat /
 []

[108] [109] [110] [111]
Underfull \hbox (badness 1242) in paragraph at lines 1169--1172
[]\T1/cmr/m/n/12 T. Zhang, J. Schloss, A. Thomasen, L. J. O'Riordan, Th. Busch,
 and
 []

[112]
Underfull \hbox (badness 1577) in paragraph at lines 1285--1291
\T1/cmr/m/it/12 view of Con-densed Mat-ter Physics\T1/cmr/m/n/12 , 2(1):213--23
4, 2011.  doi: $10 . 1146 /
 []


Underfull \hbox (badness 4181) in paragraph at lines 1285--1291
\T1/cmr/m/n/12 annurev-[]conmatphys-[]062910-[]140533$.  URL []$\T1/cmtt/m/n/12
 http : / / dx . doi . org / 10 . 1146 /
 []

[113] [114]) [115]
Package atveryend Info: Empty hook `BeforeClearDocument' on input line 165.
Package atveryend Info: Empty hook `AfterLastShipout' on input line 165.
 (./Final_Thesis.aux)
Package atveryend Info: Executing hook `AtVeryEndDocument' on input line 165.
Package atveryend Info: Executing hook `AtEndAfterFileList' on input line 165.
Package rerunfilecheck Info: File `Final_Thesis.out' has not changed.
(rerunfilecheck)             Checksum: C1EA8A3188BCE249DF9AC3B1AEE080A0;5417.


LaTeX Warning: There were undefined references.


LaTeX Warning: There were multiply-defined labels.

Package atveryend Info: Empty hook `AtVeryVeryEnd' on input line 165.
 ) 
Here is how much of TeX's memory you used:
 23946 strings out of 492623
 424097 string characters out of 6135669
 844449 words of memory out of 5000000
 26384 multiletter control sequences out of 15000+600000
 24107 words of font info for 63 fonts, out of 8000000 for 9000
 1141 hyphenation exceptions out of 8191
 57i,18n,74p,1097b,2116s stack positions out of 5000i,500n,10000p,200000b,80000s
{/usr/share/texmf-dist/fonts/enc/dvips/cm-super/cm-super-t1.enc}</usr/share/t
exmf-dist/fonts/type1/public/amsfonts/cm/cmbx10.pfb></usr/share/texmf-dist/font
s/type1/public/amsfonts/cm/cmbx12.pfb></usr/share/texmf-dist/fonts/type1/public
/amsfonts/cm/cmbx8.pfb></usr/share/texmf-dist/fonts/type1/public/amsfonts/cm/cm
ex10.pfb></usr/share/texmf-dist/fonts/type1/public/amsfonts/cm/cmmi10.pfb></usr
/share/texmf-dist/fonts/type1/public/amsfonts/cm/cmmi12.pfb></usr/share/texmf-d
ist/fonts/type1/public/amsfonts/cm/cmmi6.pfb></usr/share/texmf-dist/fonts/type1
/public/amsfonts/cm/cmmi8.pfb></usr/share/texmf-dist/fonts/type1/public/amsfont
s/cm/cmr10.pfb></usr/share/texmf-dist/fonts/type1/public/amsfonts/cm/cmr12.pfb>
</usr/share/texmf-dist/fonts/type1/public/amsfonts/cm/cmr17.pfb></usr/share/tex
mf-dist/fonts/type1/public/amsfonts/cm/cmr6.pfb></usr/share/texmf-dist/fonts/ty
pe1/public/amsfonts/cm/cmr7.pfb></usr/share/texmf-dist/fonts/type1/public/amsfo
nts/cm/cmr8.pfb></usr/share/texmf-dist/fonts/type1/public/amsfonts/cm/cmsy10.pf
b></usr/share/texmf-dist/fonts/type1/public/amsfonts/cm/cmsy6.pfb></usr/share/t
exmf-dist/fonts/type1/public/amsfonts/cm/cmsy8.pfb></usr/share/texmf-dist/fonts
/type1/public/amsfonts/symbols/msbm10.pfb></usr/share/texmf-dist/fonts/type1/pu
blic/amsfonts/symbols/msbm7.pfb></usr/share/texmf-dist/fonts/type1/public/cm-su
per/sfbx1200.pfb></usr/share/texmf-dist/fonts/type1/public/cm-super/sfbx1440.pf
b></usr/share/texmf-dist/fonts/type1/public/cm-super/sfbx1728.pfb></usr/share/t
exmf-dist/fonts/type1/public/cm-super/sfbx2488.pfb></usr/share/texmf-dist/fonts
/type1/public/cm-super/sfcc1440.pfb></usr/share/texmf-dist/fonts/type1/public/c
m-super/sfit1000.pfb></usr/share/texmf-dist/fonts/type1/public/cm-super/sfrm060
0.pfb></usr/share/texmf-dist/fonts/type1/public/cm-super/sfrm0800.pfb></usr/sha
re/texmf-dist/fonts/type1/public/cm-super/sfrm1000.pfb></usr/share/texmf-dist/f
onts/type1/public/cm-super/sfrm1095.pfb></usr/share/texmf-dist/fonts/type1/publ
ic/cm-super/sfrm1200.pfb></usr/share/texmf-dist/fonts/type1/public/cm-super/sfr
m1440.pfb></usr/share/texmf-dist/fonts/type1/public/cm-super/sfrm1728.pfb></usr
/share/texmf-dist/fonts/type1/public/cm-super/sfti1200.pfb></usr/share/texmf-di
st/fonts/type1/public/cm-super/sftt1000.pfb></usr/share/texmf-dist/fonts/type1/
public/cm-super/sftt1200.pfb></usr/share/texmf-dist/fonts/type1/urw/palatino/up
lb8a.pfb></usr/share/texmf-dist/fonts/type1/urw/palatino/uplr8a.pfb></usr/share
/texmf-dist/fonts/type1/urw/palatino/uplri8a.pfb>
Output written on Final_Thesis.pdf (127 pages, 10103876 bytes).
PDF statistics:
 3279 PDF objects out of 3580 (max. 8388607)
 2884 compressed objects within 29 object streams
 962 named destinations out of 1000 (max. 500000)
 756 words of extra memory for PDF output out of 10000 (max. 10000000)

