This is pdfTeX, Version 3.14159265-2.6-1.40.20 (TeX Live 2019/Arch Linux) (preloaded format=pdflatex 2019.8.25)  25 OCT 2019 10:05
entering extended mode
 restricted \write18 enabled.
 %&-line parsing enabled.
**Temporary_Thesis
(./Temporary_Thesis.tex
LaTeX2e <2018-12-01>
(/usr/share/texmf-dist/tex/latex/base/book.cls
Document Class: book 2018/09/03 v1.4i Standard LaTeX document class
(/usr/share/texmf-dist/tex/latex/base/bk12.clo
File: bk12.clo 2018/09/03 v1.4i Standard LaTeX file (size option)
)
\c@part=\count80
\c@chapter=\count81
\c@section=\count82
\c@subsection=\count83
\c@subsubsection=\count84
\c@paragraph=\count85
\c@subparagraph=\count86
\c@figure=\count87
\c@table=\count88
\abovecaptionskip=\skip41
\belowcaptionskip=\skip42
\bibindent=\dimen102
)
(/usr/share/texmf-dist/tex/latex/geometry/geometry.sty
Package: geometry 2018/04/16 v5.8 Page Geometry

(/usr/share/texmf-dist/tex/latex/graphics/keyval.sty
Package: keyval 2014/10/28 v1.15 key=value parser (DPC)
\KV@toks@=\toks14
)
(/usr/share/texmf-dist/tex/generic/oberdiek/ifpdf.sty
Package: ifpdf 2018/09/07 v3.3 Provides the ifpdf switch
)
(/usr/share/texmf-dist/tex/generic/oberdiek/ifvtex.sty
Package: ifvtex 2016/05/16 v1.6 Detect VTeX and its facilities (HO)
Package ifvtex Info: VTeX not detected.
)
(/usr/share/texmf-dist/tex/generic/ifxetex/ifxetex.sty
Package: ifxetex 2010/09/12 v0.6 Provides ifxetex conditional
)
\Gm@cnth=\count89
\Gm@cntv=\count90
\c@Gm@tempcnt=\count91
\Gm@bindingoffset=\dimen103
\Gm@wd@mp=\dimen104
\Gm@odd@mp=\dimen105
\Gm@even@mp=\dimen106
\Gm@layoutwidth=\dimen107
\Gm@layoutheight=\dimen108
\Gm@layouthoffset=\dimen109
\Gm@layoutvoffset=\dimen110
\Gm@dimlist=\toks15
)
(/usr/share/texmf-dist/tex/generic/babel/babel.sty
Package: babel 2019/04/03 3.29 The Babel package

(/usr/share/texmf-dist/tex/generic/babel/switch.def
File: switch.def 2019/04/03 3.29 Babel switching mechanism
)
(/usr/share/texmf-dist/tex/generic/babel-english/english.ldf
Language: english 2017/06/06 v3.3r English support from the babel system

(/usr/share/texmf-dist/tex/generic/babel/babel.def
File: babel.def 2019/04/03 3.29 Babel common definitions
\babel@savecnt=\count92
\U@D=\dimen111

(/usr/share/texmf-dist/tex/generic/babel/txtbabel.def)
\bbl@dirlevel=\count93
)
\l@canadian = a dialect from \language\l@american 
\l@australian = a dialect from \language\l@british 
\l@newzealand = a dialect from \language\l@british 
))
(/usr/share/texmf-dist/tex/latex/base/inputenc.sty
Package: inputenc 2018/08/11 v1.3c Input encoding file
\inpenc@prehook=\toks16
\inpenc@posthook=\toks17
)
(/usr/share/texmf-dist/tex/latex/base/fontenc.sty
Package: fontenc 2018/08/11 v2.0j Standard LaTeX package

(/usr/share/texmf-dist/tex/latex/base/t1enc.def
File: t1enc.def 2018/08/11 v2.0j Standard LaTeX file
LaTeX Font Info:    Redeclaring font encoding T1 on input line 48.
))
(/usr/share/texmf-dist/tex/latex/oberdiek/epstopdf.sty
Package: epstopdf 2016/05/15 v2.6 Conversion with epstopdf on the fly (HO)

(/usr/share/texmf-dist/tex/latex/oberdiek/epstopdf-base.sty
Package: epstopdf-base 2016/05/15 v2.6 Base part for package epstopdf

(/usr/share/texmf-dist/tex/generic/oberdiek/infwarerr.sty
Package: infwarerr 2016/05/16 v1.4 Providing info/warning/error messages (HO)
)
(/usr/share/texmf-dist/tex/latex/oberdiek/grfext.sty
Package: grfext 2016/05/16 v1.2 Manage graphics extensions (HO)

(/usr/share/texmf-dist/tex/generic/oberdiek/kvdefinekeys.sty
Package: kvdefinekeys 2016/05/16 v1.4 Define keys (HO)

(/usr/share/texmf-dist/tex/generic/oberdiek/ltxcmds.sty
Package: ltxcmds 2016/05/16 v1.23 LaTeX kernel commands for general use (HO)
)))
(/usr/share/texmf-dist/tex/latex/oberdiek/kvoptions.sty
Package: kvoptions 2016/05/16 v3.12 Key value format for package options (HO)

(/usr/share/texmf-dist/tex/generic/oberdiek/kvsetkeys.sty
Package: kvsetkeys 2016/05/16 v1.17 Key value parser (HO)

(/usr/share/texmf-dist/tex/generic/oberdiek/etexcmds.sty
Package: etexcmds 2016/05/16 v1.6 Avoid name clashes with e-TeX commands (HO)

(/usr/share/texmf-dist/tex/generic/oberdiek/ifluatex.sty
Package: ifluatex 2016/05/16 v1.4 Provides the ifluatex switch (HO)
Package ifluatex Info: LuaTeX not detected.
))))
(/usr/share/texmf-dist/tex/generic/oberdiek/pdftexcmds.sty
Package: pdftexcmds 2018/09/10 v0.29 Utility functions of pdfTeX for LuaTeX (HO
)
Package pdftexcmds Info: LuaTeX not detected.
Package pdftexcmds Info: \pdf@primitive is available.
Package pdftexcmds Info: \pdf@ifprimitive is available.
Package pdftexcmds Info: \pdfdraftmode found.
)

Package epstopdf Warning: No graphics package `graphic{s,x}' loaded.

)) (/usr/share/texmf-dist/tex/latex/graphics/graphicx.sty
Package: graphicx 2017/06/01 v1.1a Enhanced LaTeX Graphics (DPC,SPQR)

(/usr/share/texmf-dist/tex/latex/graphics/graphics.sty
Package: graphics 2017/06/25 v1.2c Standard LaTeX Graphics (DPC,SPQR)

(/usr/share/texmf-dist/tex/latex/graphics/trig.sty
Package: trig 2016/01/03 v1.10 sin cos tan (DPC)
)
(/usr/share/texmf-dist/tex/latex/graphics-cfg/graphics.cfg
File: graphics.cfg 2016/06/04 v1.11 sample graphics configuration
)
Package graphics Info: Driver file: pdftex.def on input line 99.

(/usr/share/texmf-dist/tex/latex/graphics-def/pdftex.def
File: pdftex.def 2018/01/08 v1.0l Graphics/color driver for pdftex
))
\Gin@req@height=\dimen112
\Gin@req@width=\dimen113
)
(/usr/share/texmf-dist/tex/latex/tools/longtable.sty
Package: longtable 2014/10/28 v4.11 Multi-page Table package (DPC)+ FMi change
\LTleft=\skip43
\LTright=\skip44
\LTpre=\skip45
\LTpost=\skip46
\LTchunksize=\count94
\LTcapwidth=\dimen114
\LT@head=\box27
\LT@firsthead=\box28
\LT@foot=\box29
\LT@lastfoot=\box30
\LT@cols=\count95
\LT@rows=\count96
\c@LT@tables=\count97
\c@LT@chunks=\count98
\LT@p@ftn=\toks18
)
(/usr/share/texmf-dist/tex/latex/setspace/setspace.sty
Package: setspace 2011/12/19 v6.7a set line spacing
)
(/usr/share/texmf-dist/tex/latex/caption/caption.sty
Package: caption 2018/10/06 v3.3-154 Customizing captions (AR)

(/usr/share/texmf-dist/tex/latex/caption/caption3.sty
Package: caption3 2018/09/12 v1.8c caption3 kernel (AR)
Package caption3 Info: TeX engine: e-TeX on input line 64.
\captionmargin=\dimen115
\captionmargin@=\dimen116
\captionwidth=\dimen117
\caption@tempdima=\dimen118
\caption@indent=\dimen119
\caption@parindent=\dimen120
\caption@hangindent=\dimen121
)
\c@caption@flags=\count99
\c@ContinuedFloat=\count100
Package caption Info: longtable package is loaded.

(/usr/share/texmf-dist/tex/latex/caption/ltcaption.sty
Package: ltcaption 2018/08/26 v1.4-95 longtable captions (AR)
))
(/usr/share/texmf-dist/tex/latex/pdfpages/pdfpages.sty
Package: pdfpages 2017/10/31 v0.5l Insert pages of external PDF documents (AM)

(/usr/share/texmf-dist/tex/latex/base/ifthen.sty
Package: ifthen 2014/09/29 v1.1c Standard LaTeX ifthen package (DPC)
)
(/usr/share/texmf-dist/tex/latex/tools/calc.sty
Package: calc 2017/05/25 v4.3 Infix arithmetic (KKT,FJ)
\calc@Acount=\count101
\calc@Bcount=\count102
\calc@Adimen=\dimen122
\calc@Bdimen=\dimen123
\calc@Askip=\skip47
\calc@Bskip=\skip48
LaTeX Info: Redefining \setlength on input line 80.
LaTeX Info: Redefining \addtolength on input line 81.
\calc@Ccount=\count103
\calc@Cskip=\skip49
)
(/usr/share/texmf-dist/tex/latex/eso-pic/eso-pic.sty
Package: eso-pic 2018/04/12 v2.0h eso-pic (RN)

(/usr/share/texmf-dist/tex/generic/oberdiek/atbegshi.sty
Package: atbegshi 2016/06/09 v1.18 At begin shipout hook (HO)
)
(/usr/share/texmf-dist/tex/latex/xcolor/xcolor.sty
Package: xcolor 2016/05/11 v2.12 LaTeX color extensions (UK)

(/usr/share/texmf-dist/tex/latex/graphics-cfg/color.cfg
File: color.cfg 2016/01/02 v1.6 sample color configuration
)
Package xcolor Info: Driver file: pdftex.def on input line 225.
Package xcolor Info: Model `cmy' substituted by `cmy0' on input line 1348.
Package xcolor Info: Model `hsb' substituted by `rgb' on input line 1352.
Package xcolor Info: Model `RGB' extended on input line 1364.
Package xcolor Info: Model `HTML' substituted by `rgb' on input line 1366.
Package xcolor Info: Model `Hsb' substituted by `hsb' on input line 1367.
Package xcolor Info: Model `tHsb' substituted by `hsb' on input line 1368.
Package xcolor Info: Model `HSB' substituted by `hsb' on input line 1369.
Package xcolor Info: Model `Gray' substituted by `gray' on input line 1370.
Package xcolor Info: Model `wave' substituted by `hsb' on input line 1371.
))
\AM@pagewidth=\dimen124
\AM@pageheight=\dimen125

(/usr/share/texmf-dist/tex/latex/pdfpages/pppdftex.def
File: pppdftex.def 2017/10/31 v0.5l Pdfpages driver for pdfTeX (AM)
)
\AM@pagebox=\box31
\AM@global@opts=\toks19
\AM@toc@title=\toks20
\c@AM@survey=\count104
\AM@templatesizebox=\box32
)
(/usr/share/texmf-dist/tex/latex/fancyhdr/fancyhdr.sty
Package: fancyhdr 2019/01/31 v3.10 Extensive control of page headers and footer
s
\f@nch@headwidth=\skip50
\f@nch@O@elh=\skip51
\f@nch@O@erh=\skip52
\f@nch@O@olh=\skip53
\f@nch@O@orh=\skip54
\f@nch@O@elf=\skip55
\f@nch@O@erf=\skip56
\f@nch@O@olf=\skip57
\f@nch@O@orf=\skip58
)
(/usr/share/texmf-dist/tex/latex/braket/braket.sty)
(/usr/share/texmf-dist/tex/latex/hyperref/hyperref.sty
Package: hyperref 2018/11/30 v6.88e Hypertext links for LaTeX

(/usr/share/texmf-dist/tex/generic/oberdiek/hobsub-hyperref.sty
Package: hobsub-hyperref 2016/05/16 v1.14 Bundle oberdiek, subset hyperref (HO)


(/usr/share/texmf-dist/tex/generic/oberdiek/hobsub-generic.sty
Package: hobsub-generic 2016/05/16 v1.14 Bundle oberdiek, subset generic (HO)
Package: hobsub 2016/05/16 v1.14 Construct package bundles (HO)
Package hobsub Info: Skipping package `infwarerr' (already loaded).
Package hobsub Info: Skipping package `ltxcmds' (already loaded).
Package hobsub Info: Skipping package `ifluatex' (already loaded).
Package hobsub Info: Skipping package `ifvtex' (already loaded).
Package: intcalc 2016/05/16 v1.2 Expandable calculations with integers (HO)
Package hobsub Info: Skipping package `ifpdf' (already loaded).
Package hobsub Info: Skipping package `etexcmds' (already loaded).
Package hobsub Info: Skipping package `kvsetkeys' (already loaded).
Package hobsub Info: Skipping package `kvdefinekeys' (already loaded).
Package hobsub Info: Skipping package `pdftexcmds' (already loaded).
Package: pdfescape 2016/05/16 v1.14 Implements pdfTeX's escape features (HO)
Package: bigintcalc 2016/05/16 v1.4 Expandable calculations on big integers (HO
)
Package: bitset 2016/05/16 v1.2 Handle bit-vector datatype (HO)
Package: uniquecounter 2016/05/16 v1.3 Provide unlimited unique counter (HO)
)
Package hobsub Info: Skipping package `hobsub' (already loaded).
Package: letltxmacro 2016/05/16 v1.5 Let assignment for LaTeX macros (HO)
Package: hopatch 2016/05/16 v1.3 Wrapper for package hooks (HO)
Package: xcolor-patch 2016/05/16 xcolor patch
Package: atveryend 2016/05/16 v1.9 Hooks at the very end of document (HO)
Package atveryend Info: \enddocument detected (standard20110627).
Package hobsub Info: Skipping package `atbegshi' (already loaded).
Package: refcount 2016/05/16 v3.5 Data extraction from label references (HO)
Package: hycolor 2016/05/16 v1.8 Color options for hyperref/bookmark (HO)
)
(/usr/share/texmf-dist/tex/latex/oberdiek/auxhook.sty
Package: auxhook 2016/05/16 v1.4 Hooks for auxiliary files (HO)
)
\@linkdim=\dimen126
\Hy@linkcounter=\count105
\Hy@pagecounter=\count106

(/usr/share/texmf-dist/tex/latex/hyperref/pd1enc.def
File: pd1enc.def 2018/11/30 v6.88e Hyperref: PDFDocEncoding definition (HO)
Now handling font encoding PD1 ...
... no UTF-8 mapping file for font encoding PD1
)
\Hy@SavedSpaceFactor=\count107

(/usr/share/texmf-dist/tex/latex/latexconfig/hyperref.cfg
File: hyperref.cfg 2002/06/06 v1.2 hyperref configuration of TeXLive
)
Package hyperref Info: Hyper figures OFF on input line 4519.
Package hyperref Info: Link nesting OFF on input line 4524.
Package hyperref Info: Hyper index ON on input line 4527.
Package hyperref Info: Plain pages OFF on input line 4534.
Package hyperref Info: Backreferencing OFF on input line 4539.
Package hyperref Info: Implicit mode ON; LaTeX internals redefined.
Package hyperref Info: Bookmarks ON on input line 4772.
\c@Hy@tempcnt=\count108

(/usr/share/texmf-dist/tex/latex/url/url.sty
\Urlmuskip=\muskip10
Package: url 2013/09/16  ver 3.4  Verb mode for urls, etc.
)
LaTeX Info: Redefining \url on input line 5125.
\XeTeXLinkMargin=\dimen127
\Fld@menulength=\count109
\Field@Width=\dimen128
\Fld@charsize=\dimen129
Package hyperref Info: Hyper figures OFF on input line 6380.
Package hyperref Info: Link nesting OFF on input line 6385.
Package hyperref Info: Hyper index ON on input line 6388.
Package hyperref Info: backreferencing OFF on input line 6395.
Package hyperref Info: Link coloring OFF on input line 6400.
Package hyperref Info: Link coloring with OCG OFF on input line 6405.
Package hyperref Info: PDF/A mode OFF on input line 6410.
LaTeX Info: Redefining \ref on input line 6450.
LaTeX Info: Redefining \pageref on input line 6454.
\Hy@abspage=\count110
\c@Item=\count111
\c@Hfootnote=\count112
)
Package hyperref Info: Driver (autodetected): hpdftex.

(/usr/share/texmf-dist/tex/latex/hyperref/hpdftex.def
File: hpdftex.def 2018/11/30 v6.88e Hyperref driver for pdfTeX
\Fld@listcount=\count113
\c@bookmark@seq@number=\count114

(/usr/share/texmf-dist/tex/latex/oberdiek/rerunfilecheck.sty
Package: rerunfilecheck 2016/05/16 v1.8 Rerun checks for auxiliary files (HO)
Package uniquecounter Info: New unique counter `rerunfilecheck' on input line 2
82.
)
\Hy@SectionHShift=\skip59
)
(./Preamble/mydefinitions.tex
(/usr/share/texmf-dist/tex/latex/natbib/natbib.sty
Package: natbib 2010/09/13 8.31b (PWD, AO)
\bibhang=\skip60
\bibsep=\skip61
LaTeX Info: Redefining \cite on input line 694.
\c@NAT@ctr=\count115
)
(/usr/share/texmf-dist/tex/latex/amsmath/amsmath.sty
Package: amsmath 2018/12/01 v2.17b AMS math features
\@mathmargin=\skip62

For additional information on amsmath, use the `?' option.
(/usr/share/texmf-dist/tex/latex/amsmath/amstext.sty
Package: amstext 2000/06/29 v2.01 AMS text

(/usr/share/texmf-dist/tex/latex/amsmath/amsgen.sty
File: amsgen.sty 1999/11/30 v2.0 generic functions
\@emptytoks=\toks21
\ex@=\dimen130
))
(/usr/share/texmf-dist/tex/latex/amsmath/amsbsy.sty
Package: amsbsy 1999/11/29 v1.2d Bold Symbols
\pmbraise@=\dimen131
)
(/usr/share/texmf-dist/tex/latex/amsmath/amsopn.sty
Package: amsopn 2016/03/08 v2.02 operator names
)
\inf@bad=\count116
LaTeX Info: Redefining \frac on input line 223.
\uproot@=\count117
\leftroot@=\count118
LaTeX Info: Redefining \overline on input line 385.
\classnum@=\count119
\DOTSCASE@=\count120
LaTeX Info: Redefining \ldots on input line 482.
LaTeX Info: Redefining \dots on input line 485.
LaTeX Info: Redefining \cdots on input line 606.
\Mathstrutbox@=\box33
\strutbox@=\box34
\big@size=\dimen132
LaTeX Font Info:    Redeclaring font encoding OML on input line 729.
LaTeX Font Info:    Redeclaring font encoding OMS on input line 730.
\macc@depth=\count121
\c@MaxMatrixCols=\count122
\dotsspace@=\muskip11
\c@parentequation=\count123
\dspbrk@lvl=\count124
\tag@help=\toks22
\row@=\count125
\column@=\count126
\maxfields@=\count127
\andhelp@=\toks23
\eqnshift@=\dimen133
\alignsep@=\dimen134
\tagshift@=\dimen135
\tagwidth@=\dimen136
\totwidth@=\dimen137
\lineht@=\dimen138
\@envbody=\toks24
\multlinegap=\skip63
\multlinetaggap=\skip64
\mathdisplay@stack=\toks25
LaTeX Info: Redefining \[ on input line 2844.
LaTeX Info: Redefining \] on input line 2845.
)
(/usr/share/texmf-dist/tex/latex/amscls/amsthm.sty
Package: amsthm 2017/10/31 v2.20.4
\thm@style=\toks26
\thm@bodyfont=\toks27
\thm@headfont=\toks28
\thm@notefont=\toks29
\thm@headpunct=\toks30
\thm@preskip=\skip65
\thm@postskip=\skip66
\thm@headsep=\skip67
\dth@everypar=\toks31
)
(/usr/share/texmf-dist/tex/latex/amsfonts/amssymb.sty
Package: amssymb 2013/01/14 v3.01 AMS font symbols

(/usr/share/texmf-dist/tex/latex/amsfonts/amsfonts.sty
Package: amsfonts 2013/01/14 v3.01 Basic AMSFonts support
\symAMSa=\mathgroup4
\symAMSb=\mathgroup5
LaTeX Font Info:    Overwriting math alphabet `\mathfrak' in version `bold'
(Font)                  U/euf/m/n --> U/euf/b/n on input line 106.
))
(/usr/share/texmf-dist/tex/latex/bbm-macros/bbm.sty
Package: bbm 1999/03/15 V 1.2 provides fonts for set symbols - TH
LaTeX Font Info:    Overwriting math alphabet `\mathbbm' in version `bold'
(Font)                  U/bbm/m/n --> U/bbm/bx/n on input line 33.
LaTeX Font Info:    Overwriting math alphabet `\mathbbmss' in version `bold'
(Font)                  U/bbmss/m/n --> U/bbmss/bx/n on input line 35.
)
(/usr/share/texmf-dist/tex/latex/pgf/frontendlayer/tikz.sty
(/usr/share/texmf-dist/tex/latex/pgf/basiclayer/pgf.sty
(/usr/share/texmf-dist/tex/latex/pgf/utilities/pgfrcs.sty
(/usr/share/texmf-dist/tex/generic/pgf/utilities/pgfutil-common.tex
\pgfutil@everybye=\toks32
\pgfutil@tempdima=\dimen139
\pgfutil@tempdimb=\dimen140

(/usr/share/texmf-dist/tex/generic/pgf/utilities/pgfutil-common-lists.tex))
(/usr/share/texmf-dist/tex/generic/pgf/utilities/pgfutil-latex.def
\pgfutil@abb=\box35

(/usr/share/texmf-dist/tex/latex/ms/everyshi.sty
Package: everyshi 2001/05/15 v3.00 EveryShipout Package (MS)
))
(/usr/share/texmf-dist/tex/generic/pgf/utilities/pgfrcs.code.tex
(/usr/share/texmf-dist/tex/generic/pgf/pgf.revision.tex)
Package: pgfrcs 2019/02/02 v3.1.1 (3.1.1)
))
Package: pgf 2019/02/02 v3.1.1 (3.1.1)

(/usr/share/texmf-dist/tex/latex/pgf/basiclayer/pgfcore.sty
(/usr/share/texmf-dist/tex/latex/pgf/systemlayer/pgfsys.sty
(/usr/share/texmf-dist/tex/generic/pgf/systemlayer/pgfsys.code.tex
Package: pgfsys 2019/02/02 v3.1.1 (3.1.1)

(/usr/share/texmf-dist/tex/generic/pgf/utilities/pgfkeys.code.tex
\pgfkeys@pathtoks=\toks33
\pgfkeys@temptoks=\toks34

(/usr/share/texmf-dist/tex/generic/pgf/utilities/pgfkeysfiltered.code.tex
\pgfkeys@tmptoks=\toks35
))
\pgf@x=\dimen141
\pgf@y=\dimen142
\pgf@xa=\dimen143
\pgf@ya=\dimen144
\pgf@xb=\dimen145
\pgf@yb=\dimen146
\pgf@xc=\dimen147
\pgf@yc=\dimen148
\w@pgf@writea=\write3
\r@pgf@reada=\read1
\c@pgf@counta=\count128
\c@pgf@countb=\count129
\c@pgf@countc=\count130
\c@pgf@countd=\count131
\t@pgf@toka=\toks36
\t@pgf@tokb=\toks37
\t@pgf@tokc=\toks38
\pgf@sys@id@count=\count132

(/usr/share/texmf-dist/tex/generic/pgf/systemlayer/pgf.cfg
File: pgf.cfg 2019/02/02 v3.1.1 (3.1.1)
)
Driver file for pgf: pgfsys-pdftex.def

(/usr/share/texmf-dist/tex/generic/pgf/systemlayer/pgfsys-pdftex.def
File: pgfsys-pdftex.def 2019/02/02 v3.1.1 (3.1.1)

(/usr/share/texmf-dist/tex/generic/pgf/systemlayer/pgfsys-common-pdf.def
File: pgfsys-common-pdf.def 2019/02/02 v3.1.1 (3.1.1)
)))
(/usr/share/texmf-dist/tex/generic/pgf/systemlayer/pgfsyssoftpath.code.tex
File: pgfsyssoftpath.code.tex 2019/02/02 v3.1.1 (3.1.1)
\pgfsyssoftpath@smallbuffer@items=\count133
\pgfsyssoftpath@bigbuffer@items=\count134
)
(/usr/share/texmf-dist/tex/generic/pgf/systemlayer/pgfsysprotocol.code.tex
File: pgfsysprotocol.code.tex 2019/02/02 v3.1.1 (3.1.1)
))
(/usr/share/texmf-dist/tex/generic/pgf/basiclayer/pgfcore.code.tex
Package: pgfcore 2019/02/02 v3.1.1 (3.1.1)

(/usr/share/texmf-dist/tex/generic/pgf/math/pgfmath.code.tex
(/usr/share/texmf-dist/tex/generic/pgf/math/pgfmathcalc.code.tex
(/usr/share/texmf-dist/tex/generic/pgf/math/pgfmathutil.code.tex)
(/usr/share/texmf-dist/tex/generic/pgf/math/pgfmathparser.code.tex
\pgfmath@dimen=\dimen149
\pgfmath@count=\count135
\pgfmath@box=\box36
\pgfmath@toks=\toks39
\pgfmath@stack@operand=\toks40
\pgfmath@stack@operation=\toks41
)
(/usr/share/texmf-dist/tex/generic/pgf/math/pgfmathfunctions.code.tex
(/usr/share/texmf-dist/tex/generic/pgf/math/pgfmathfunctions.basic.code.tex)
(/usr/share/texmf-dist/tex/generic/pgf/math/pgfmathfunctions.trigonometric.code
.tex)
(/usr/share/texmf-dist/tex/generic/pgf/math/pgfmathfunctions.random.code.tex)
(/usr/share/texmf-dist/tex/generic/pgf/math/pgfmathfunctions.comparison.code.te
x) (/usr/share/texmf-dist/tex/generic/pgf/math/pgfmathfunctions.base.code.tex)
(/usr/share/texmf-dist/tex/generic/pgf/math/pgfmathfunctions.round.code.tex)
(/usr/share/texmf-dist/tex/generic/pgf/math/pgfmathfunctions.misc.code.tex)
(/usr/share/texmf-dist/tex/generic/pgf/math/pgfmathfunctions.integerarithmetics
.code.tex))) (/usr/share/texmf-dist/tex/generic/pgf/math/pgfmathfloat.code.tex
\c@pgfmathroundto@lastzeros=\count136
)) (/usr/share/texmf-dist/tex/generic/pgf/basiclayer/pgfcorepoints.code.tex
File: pgfcorepoints.code.tex 2019/02/02 v3.1.1 (3.1.1)
\pgf@picminx=\dimen150
\pgf@picmaxx=\dimen151
\pgf@picminy=\dimen152
\pgf@picmaxy=\dimen153
\pgf@pathminx=\dimen154
\pgf@pathmaxx=\dimen155
\pgf@pathminy=\dimen156
\pgf@pathmaxy=\dimen157
\pgf@xx=\dimen158
\pgf@xy=\dimen159
\pgf@yx=\dimen160
\pgf@yy=\dimen161
\pgf@zx=\dimen162
\pgf@zy=\dimen163
)
(/usr/share/texmf-dist/tex/generic/pgf/basiclayer/pgfcorepathconstruct.code.tex
File: pgfcorepathconstruct.code.tex 2019/02/02 v3.1.1 (3.1.1)
\pgf@path@lastx=\dimen164
\pgf@path@lasty=\dimen165
) (/usr/share/texmf-dist/tex/generic/pgf/basiclayer/pgfcorepathusage.code.tex
File: pgfcorepathusage.code.tex 2019/02/02 v3.1.1 (3.1.1)
\pgf@shorten@end@additional=\dimen166
\pgf@shorten@start@additional=\dimen167
)
(/usr/share/texmf-dist/tex/generic/pgf/basiclayer/pgfcorescopes.code.tex
File: pgfcorescopes.code.tex 2019/02/02 v3.1.1 (3.1.1)
\pgfpic=\box37
\pgf@hbox=\box38
\pgf@layerbox@main=\box39
\pgf@picture@serial@count=\count137
)
(/usr/share/texmf-dist/tex/generic/pgf/basiclayer/pgfcoregraphicstate.code.tex
File: pgfcoregraphicstate.code.tex 2019/02/02 v3.1.1 (3.1.1)
\pgflinewidth=\dimen168
)
(/usr/share/texmf-dist/tex/generic/pgf/basiclayer/pgfcoretransformations.code.t
ex
File: pgfcoretransformations.code.tex 2019/02/02 v3.1.1 (3.1.1)
\pgf@pt@x=\dimen169
\pgf@pt@y=\dimen170
\pgf@pt@temp=\dimen171
) (/usr/share/texmf-dist/tex/generic/pgf/basiclayer/pgfcorequick.code.tex
File: pgfcorequick.code.tex 2019/02/02 v3.1.1 (3.1.1)
)
(/usr/share/texmf-dist/tex/generic/pgf/basiclayer/pgfcoreobjects.code.tex
File: pgfcoreobjects.code.tex 2019/02/02 v3.1.1 (3.1.1)
)
(/usr/share/texmf-dist/tex/generic/pgf/basiclayer/pgfcorepathprocessing.code.te
x
File: pgfcorepathprocessing.code.tex 2019/02/02 v3.1.1 (3.1.1)
) (/usr/share/texmf-dist/tex/generic/pgf/basiclayer/pgfcorearrows.code.tex
File: pgfcorearrows.code.tex 2019/02/02 v3.1.1 (3.1.1)
\pgfarrowsep=\dimen172
)
(/usr/share/texmf-dist/tex/generic/pgf/basiclayer/pgfcoreshade.code.tex
File: pgfcoreshade.code.tex 2019/02/02 v3.1.1 (3.1.1)
\pgf@max=\dimen173
\pgf@sys@shading@range@num=\count138
)
(/usr/share/texmf-dist/tex/generic/pgf/basiclayer/pgfcoreimage.code.tex
File: pgfcoreimage.code.tex 2019/02/02 v3.1.1 (3.1.1)

(/usr/share/texmf-dist/tex/generic/pgf/basiclayer/pgfcoreexternal.code.tex
File: pgfcoreexternal.code.tex 2019/02/02 v3.1.1 (3.1.1)
\pgfexternal@startupbox=\box40
))
(/usr/share/texmf-dist/tex/generic/pgf/basiclayer/pgfcorelayers.code.tex
File: pgfcorelayers.code.tex 2019/02/02 v3.1.1 (3.1.1)
)
(/usr/share/texmf-dist/tex/generic/pgf/basiclayer/pgfcoretransparency.code.tex
File: pgfcoretransparency.code.tex 2019/02/02 v3.1.1 (3.1.1)
) (/usr/share/texmf-dist/tex/generic/pgf/basiclayer/pgfcorepatterns.code.tex
File: pgfcorepatterns.code.tex 2019/02/02 v3.1.1 (3.1.1)
)
(/usr/share/texmf-dist/tex/generic/pgf/basiclayer/pgfcorerdf.code.tex
File: pgfcorerdf.code.tex 2019/02/02 v3.1.1 (3.1.1)
)))
(/usr/share/texmf-dist/tex/generic/pgf/modules/pgfmoduleshapes.code.tex
File: pgfmoduleshapes.code.tex 2019/02/02 v3.1.1 (3.1.1)
\pgfnodeparttextbox=\box41
)
(/usr/share/texmf-dist/tex/generic/pgf/modules/pgfmoduleplot.code.tex
File: pgfmoduleplot.code.tex 2019/02/02 v3.1.1 (3.1.1)
)
(/usr/share/texmf-dist/tex/latex/pgf/compatibility/pgfcomp-version-0-65.sty
Package: pgfcomp-version-0-65 2019/02/02 v3.1.1 (3.1.1)
\pgf@nodesepstart=\dimen174
\pgf@nodesepend=\dimen175
)
(/usr/share/texmf-dist/tex/latex/pgf/compatibility/pgfcomp-version-1-18.sty
Package: pgfcomp-version-1-18 2019/02/02 v3.1.1 (3.1.1)
))
(/usr/share/texmf-dist/tex/latex/pgf/utilities/pgffor.sty
(/usr/share/texmf-dist/tex/latex/pgf/utilities/pgfkeys.sty
(/usr/share/texmf-dist/tex/generic/pgf/utilities/pgfkeys.code.tex))
(/usr/share/texmf-dist/tex/latex/pgf/math/pgfmath.sty
(/usr/share/texmf-dist/tex/generic/pgf/math/pgfmath.code.tex))
(/usr/share/texmf-dist/tex/generic/pgf/utilities/pgffor.code.tex
Package: pgffor 2019/02/02 v3.1.1 (3.1.1)

(/usr/share/texmf-dist/tex/generic/pgf/math/pgfmath.code.tex)
\pgffor@iter=\dimen176
\pgffor@skip=\dimen177
\pgffor@stack=\toks42
\pgffor@toks=\toks43
))
(/usr/share/texmf-dist/tex/generic/pgf/frontendlayer/tikz/tikz.code.tex
Package: tikz 2019/02/02 v3.1.1 (3.1.1)

(/usr/share/texmf-dist/tex/generic/pgf/libraries/pgflibraryplothandlers.code.te
x
File: pgflibraryplothandlers.code.tex 2019/02/02 v3.1.1 (3.1.1)
\pgf@plot@mark@count=\count139
\pgfplotmarksize=\dimen178
)
\tikz@lastx=\dimen179
\tikz@lasty=\dimen180
\tikz@lastxsaved=\dimen181
\tikz@lastysaved=\dimen182
\tikzleveldistance=\dimen183
\tikzsiblingdistance=\dimen184
\tikz@figbox=\box42
\tikz@figbox@bg=\box43
\tikz@tempbox=\box44
\tikz@tempbox@bg=\box45
\tikztreelevel=\count140
\tikznumberofchildren=\count141
\tikznumberofcurrentchild=\count142
\tikz@fig@count=\count143
 (/usr/share/texmf-dist/tex/generic/pgf/modules/pgfmodulematrix.code.tex
File: pgfmodulematrix.code.tex 2019/02/02 v3.1.1 (3.1.1)
\pgfmatrixcurrentrow=\count144
\pgfmatrixcurrentcolumn=\count145
\pgf@matrix@numberofcolumns=\count146
)
\tikz@expandcount=\count147

(/usr/share/texmf-dist/tex/generic/pgf/frontendlayer/tikz/libraries/tikzlibrary
topaths.code.tex
File: tikzlibrarytopaths.code.tex 2019/02/02 v3.1.1 (3.1.1)
))) (/usr/share/texmf-dist/tex/latex/subfigure/subfigure.sty
Package: subfigure 2002/03/15 v2.1.5 subfigure package
\subfigtopskip=\skip68
\subfigcapskip=\skip69
\subfigcaptopadj=\dimen185
\subfigbottomskip=\skip70
\subfigcapmargin=\dimen186
\subfiglabelskip=\skip71
\c@subfigure=\count148
\c@lofdepth=\count149
\c@subtable=\count150
\c@lotdepth=\count151

****************************************
* Local config file subfigure.cfg used *
****************************************
(/usr/share/texmf-dist/tex/latex/subfigure/subfigure.cfg)
\subfig@top=\skip72
\subfig@bottom=\skip73
)
\c@critere=\count152

(/usr/share/texmf-dist/tex/latex/listings/listings.sty
\lst@mode=\count153
\lst@gtempboxa=\box46
\lst@token=\toks44
\lst@length=\count154
\lst@currlwidth=\dimen187
\lst@column=\count155
\lst@pos=\count156
\lst@lostspace=\dimen188
\lst@width=\dimen189
\lst@newlines=\count157
\lst@lineno=\count158
\lst@maxwidth=\dimen190

(/usr/share/texmf-dist/tex/latex/listings/lstmisc.sty
File: lstmisc.sty 2019/02/27 1.8b (Carsten Heinz)
\c@lstnumber=\count159
\lst@skipnumbers=\count160
\lst@framebox=\box47
)
(/usr/share/texmf-dist/tex/latex/listings/listings.cfg
File: listings.cfg 2019/02/27 1.8b listings configuration
))
Package: listings 2019/02/27 1.8b (Carsten Heinz)

(/usr/share/texmf-dist/tex/latex/listings/lstlang1.sty
File: lstlang1.sty 2019/02/27 1.8b listings language file
)
(/usr/share/texmf-dist/tex/latex/listings/lstmisc.sty
File: lstmisc.sty 2019/02/27 1.8b (Carsten Heinz)
)) (./Temporary_Thesis.aux

LaTeX Warning: Label `eqn:potential' multiply defined.


LaTeX Warning: Label `fig:scissors' multiply defined.

)
\openout1 = `Temporary_Thesis.aux'.

LaTeX Font Info:    Checking defaults for OML/cmm/m/it on input line 69.
LaTeX Font Info:    ... okay on input line 69.
LaTeX Font Info:    Checking defaults for T1/cmr/m/n on input line 69.
LaTeX Font Info:    ... okay on input line 69.
LaTeX Font Info:    Checking defaults for OT1/cmr/m/n on input line 69.
LaTeX Font Info:    ... okay on input line 69.
LaTeX Font Info:    Checking defaults for OMS/cmsy/m/n on input line 69.
LaTeX Font Info:    ... okay on input line 69.
LaTeX Font Info:    Checking defaults for OMX/cmex/m/n on input line 69.
LaTeX Font Info:    ... okay on input line 69.
LaTeX Font Info:    Checking defaults for U/cmr/m/n on input line 69.
LaTeX Font Info:    ... okay on input line 69.
LaTeX Font Info:    Checking defaults for PD1/pdf/m/n on input line 69.
LaTeX Font Info:    ... okay on input line 69.

*geometry* driver: auto-detecting
*geometry* detected driver: pdftex
*geometry* verbose mode - [ preamble ] result:
* driver: pdftex
* paper: a4paper
* layout: <same size as paper>
* layoutoffset:(h,v)=(0.0pt,0.0pt)
* modes: includehead 
* h-part:(L,W,R)=(71.13188pt, 455.24411pt, 71.13188pt)
* v-part:(T,H,B)=(71.13188pt, 702.78308pt, 71.13188pt)
* \paperwidth=597.50787pt
* \paperheight=845.04684pt
* \textwidth=455.24411pt
* \textheight=665.83746pt
* \oddsidemargin=-1.1381pt
* \evensidemargin=-1.1381pt
* \topmargin=-1.1381pt
* \headheight=17.07182pt
* \headsep=19.8738pt
* \topskip=12.0pt
* \footskip=30.0pt
* \marginparwidth=47.0pt
* \marginparsep=7.0pt
* \columnsep=10.0pt
* \skip\footins=10.8pt plus 4.0pt minus 2.0pt
* \hoffset=0.0pt
* \voffset=0.0pt
* \mag=1000
* \@twocolumnfalse
* \@twosidefalse
* \@mparswitchfalse
* \@reversemarginfalse
* (1in=72.27pt=25.4mm, 1cm=28.453pt)

(/usr/share/texmf-dist/tex/context/base/mkii/supp-pdf.mkii
[Loading MPS to PDF converter (version 2006.09.02).]
\scratchcounter=\count161
\scratchdimen=\dimen191
\scratchbox=\box48
\nofMPsegments=\count162
\nofMParguments=\count163
\everyMPshowfont=\toks45
\MPscratchCnt=\count164
\MPscratchDim=\dimen192
\MPnumerator=\count165
\makeMPintoPDFobject=\count166
\everyMPtoPDFconversion=\toks46
)
Package caption Info: Begin \AtBeginDocument code.
Package caption Info: hyperref package is loaded.
Package caption Info: listings package is loaded.
Package caption Info: subfigure package is loaded.
Package caption Info: End \AtBeginDocument code.
\AtBeginShipoutBox=\box49
 (/usr/share/texmf-dist/tex/latex/oberdiek/pdflscape.sty
Package: pdflscape 2016/05/14 v0.11 Display of landscape pages in PDF (HO)

(/usr/share/texmf-dist/tex/latex/graphics/lscape.sty
Package: lscape 2000/10/22 v3.01 Landscape Pages (DPC)
)
Package pdflscape Info: Auto-detected driver: pdftex on input line 81.
)
Package hyperref Info: Link coloring OFF on input line 69.

(/usr/share/texmf-dist/tex/latex/hyperref/nameref.sty
Package: nameref 2016/05/21 v2.44 Cross-referencing by name of section

(/usr/share/texmf-dist/tex/generic/oberdiek/gettitlestring.sty
Package: gettitlestring 2016/05/16 v1.5 Cleanup title references (HO)
)
\c@section@level=\count167
)
LaTeX Info: Redefining \ref on input line 69.
LaTeX Info: Redefining \pageref on input line 69.
LaTeX Info: Redefining \nameref on input line 69.

(./Temporary_Thesis.out) (./Temporary_Thesis.out)
\@outlinefile=\write4
\openout4 = `Temporary_Thesis.out'.


ABD: EveryShipout initializing macros
\c@lstlisting=\count168
<./Images/symbol.jpg, id=268, 468.7914pt x 465.4188pt>
File: ./Images/symbol.jpg Graphic file (type jpg)
<use ./Images/symbol.jpg>
Package pdftex.def Info: ./Images/symbol.jpg  used on input line 96.
(pdftex.def)             Requested size: 597.50787pt x 593.25552pt.
 [1



{/var/lib/texmf/fonts/map/pdftex/updmap/pdftex.map} <./Images/symbol.jpg>] (./P
reamble/declaration.tex
LaTeX Font Info:    Try loading font information for OMS+cmr on input line 9.

(/usr/share/texmf-dist/tex/latex/base/omscmr.fd
File: omscmr.fd 2014/09/29 v2.5h Standard LaTeX font definitions
)
LaTeX Font Info:    Font shape `OMS/cmr/m/n' in size <12> not available
(Font)              Font shape `OMS/cmsy/m/n' tried instead on input line 9.
 [2



]

Package natbib Warning: Citation `Nieddu2016' on page iii undefined on input li
ne 22.

) (./Preamble/abstract.tex [3]
Overfull \hbox (4.71983pt too wide) in paragraph at lines 3--3
[][]\T1/cmr/bx/n/14.4 Massively par-al-lel split-step Fourier tech-niques for s
im-u-lat-ing quan-
 []

) (./Preamble/acknowledgments.tex [4


]) [5


] (./Temporary_Thesis.toc
LaTeX Font Info:    Try loading font information for U+msa on input line 9.

(/usr/share/texmf-dist/tex/latex/amsfonts/umsa.fd
File: umsa.fd 2013/01/14 v3.01 AMS symbols A
)
LaTeX Font Info:    Try loading font information for U+msb on input line 9.

(/usr/share/texmf-dist/tex/latex/amsfonts/umsb.fd
File: umsb.fd 2013/01/14 v3.01 AMS symbols B
) [6


] [7] [8])
\tf@toc=\write5
\openout5 = `Temporary_Thesis.toc'.

 [9]
(./MainText/introduction.tex [1


] [2] [3]) [4] (./MainText/split_op.tex
Chapter 1.
[5


] [6] [7] [8]
<data/splitop/SHO/SHO_gimp.pdf, id=548, 315.45854pt x 576.7146pt>
File: data/splitop/SHO/SHO_gimp.pdf Graphic file (type pdf)
<use data/splitop/SHO/SHO_gimp.pdf>
Package pdftex.def Info: data/splitop/SHO/SHO_gimp.pdf  used on input line 103.

(pdftex.def)             Requested size: 273.14923pt x 499.39685pt.


LaTeX Warning: Float too large for page by 5.50952pt on input line 112.

[9] [10 <./data/splitop/SHO/SHO_gimp.pdf>] [11] [12]
Overfull \hbox (1.52895pt too wide) in paragraph at lines 180--180
[]\T1/cmr/bx/n/14.4 Bose--Einstein con-den-sa-tion and the Gross--Pitaevskii Eq
ua-
 []

[13] [14]
<data/qs/SHO/SHO.pdf, id=640, 361.35pt x 252.945pt>
File: data/qs/SHO/SHO.pdf Graphic file (type pdf)
<use data/qs/SHO/SHO.pdf>
Package pdftex.def Info: data/qs/SHO/SHO.pdf  used on input line 245.
(pdftex.def)             Requested size: 455.24411pt x 318.67378pt.
 [15] [16 <./data/qs/SHO/SHO.pdf>] [17] [18]
<data/splitop/rot/WIP.pdf, id=729, 531.8787pt x 455.69261pt>
File: data/splitop/rot/WIP.pdf Graphic file (type pdf)
<use data/splitop/rot/WIP.pdf>
Package pdftex.def Info: data/splitop/rot/WIP.pdf  used on input line 338.
(pdftex.def)             Requested size: 455.24411pt x 390.03148pt.
 [19] [20 <./data/splitop/rot/WIP.pdf>] [21] [22]
Overfull \hbox (3.37988pt too wide) in paragraph at lines 412--413
[]\T1/cmr/m/n/12 For the pur-poses of this work, I will only con-sider im-print
-ing vor-tices in two-dimensional
 []

[23] [24] [25] [26] [27]
<data/splitop/gauge/check.pdf, id=885, 361.35pt x 252.945pt>
File: data/splitop/gauge/check.pdf Graphic file (type pdf)
<use data/splitop/gauge/check.pdf>
Package pdftex.def Info: data/splitop/gauge/check.pdf  used on input line 543.
(pdftex.def)             Requested size: 273.14923pt x 191.20581pt.
 [28 <./data/splitop/gauge/check.pdf>])
(./MainText/1d.tex [29]
Chapter 2.
[30

] [31] [32] [33]
<data/1d/NM/NM.pdf, id=972, 361.35pt x 252.945pt>
File: data/1d/NM/NM.pdf Graphic file (type pdf)
<use data/1d/NM/NM.pdf>
Package pdftex.def Info: data/1d/NM/NM.pdf  used on input line 76.
(pdftex.def)             Requested size: 341.43307pt x 239.0034pt.
 [34 <./data/1d/NM/NM.pdf>] [35] [36] [37]
Overfull \hbox (18.4005pt too wide) in paragraph at lines 169--169
[]\T1/cmr/bx/n/17.28 Non-adiabatic gen-er-a-tion of NOON states in a Tonks--
 []

[38] [39]
<data/1d/scheme.pdf, id=1052, 416.41394pt x 286.50488pt>
File: data/1d/scheme.pdf Graphic file (type pdf)
<use data/1d/scheme.pdf>
Package pdftex.def Info: data/1d/scheme.pdf  used on input line 223.
(pdftex.def)             Requested size: 227.62206pt x 156.61201pt.
 [40 <./data/1d/scheme.pdf>]
<data/1d/cross.png, id=1096, 293.59688pt x 304.13625pt>
File: data/1d/cross.png Graphic file (type png)
<use data/1d/cross.png>
Package pdftex.def Info: data/1d/cross.png  used on input line 238.
(pdftex.def)             Requested size: 182.09486pt x 188.63213pt.
<data/1d/nocross.png, id=1098, 293.59688pt x 304.13625pt>
File: data/1d/nocross.png Graphic file (type png)
<use data/1d/nocross.png>
Package pdftex.def Info: data/1d/nocross.png  used on input line 241.
(pdftex.def)             Requested size: 182.09486pt x 188.63213pt.
 [41 <./data/1d/cross.png> <./data/1d/nocross.png>] [42]
<data/1d/figR0.pdf, id=1126, 227.55013pt x 227.55013pt>
File: data/1d/figR0.pdf Graphic file (type pdf)
<use data/1d/figR0.pdf>
Package pdftex.def Info: data/1d/figR0.pdf  used on input line 287.
(pdftex.def)             Requested size: 204.85846pt x 204.85918pt.
<data/1d/figB0.pdf, id=1127, 227.55013pt x 227.55013pt>
File: data/1d/figB0.pdf Graphic file (type pdf)
<use data/1d/figB0.pdf>
Package pdftex.def Info: data/1d/figB0.pdf  used on input line 290.
(pdftex.def)             Requested size: 204.85846pt x 204.85918pt.
 [43 <./data/1d/figR0.pdf> <./data/1d/figB0.pdf>]
<data/1d/figR1.pdf, id=1166, 227.55013pt x 227.55013pt>
File: data/1d/figR1.pdf Graphic file (type pdf)
<use data/1d/figR1.pdf>
Package pdftex.def Info: data/1d/figR1.pdf  used on input line 315.
(pdftex.def)             Requested size: 204.85846pt x 204.85918pt.
<data/1d/figB1.pdf, id=1167, 227.55013pt x 227.55013pt>
File: data/1d/figB1.pdf Graphic file (type pdf)
<use data/1d/figB1.pdf>
Package pdftex.def Info: data/1d/figB1.pdf  used on input line 319.
(pdftex.def)             Requested size: 204.85846pt x 204.85918pt.
 [44 <./data/1d/figR1.pdf> <./data/1d/figB1.pdf>]
<data/1d/figlfid.pdf, id=1208, 227.55013pt x 227.55013pt>
File: data/1d/figlfid.pdf Graphic file (type pdf)
<use data/1d/figlfid.pdf>
Package pdftex.def Info: data/1d/figlfid.pdf  used on input line 335.
(pdftex.def)             Requested size: 227.62206pt x 227.62247pt.
<data/1d/figTG3.pdf, id=1209, 227.55013pt x 227.55013pt>
File: data/1d/figTG3.pdf Graphic file (type pdf)
<use data/1d/figTG3.pdf>
Package pdftex.def Info: data/1d/figTG3.pdf  used on input line 347.
(pdftex.def)             Requested size: 204.85846pt x 204.85918pt.
<data/1d/figTG5.pdf, id=1210, 227.55013pt x 227.55013pt>
File: data/1d/figTG5.pdf Graphic file (type pdf)
<use data/1d/figTG5.pdf>
Package pdftex.def Info: data/1d/figTG5.pdf  used on input line 351.
(pdftex.def)             Requested size: 204.85846pt x 204.85918pt.
 [45 <./data/1d/figlfid.pdf>]
<data/1d/STAscheme.png, id=1240, 598.6365pt x 375.0813pt>
File: data/1d/STAscheme.png Graphic file (type png)
<use data/1d/STAscheme.png>
Package pdftex.def Info: data/1d/STAscheme.png  used on input line 374.
(pdftex.def)             Requested size: 364.19667pt x 228.19258pt.
 [46 <./data/1d/figTG3.pdf> <./data/1d/figTG5.pdf>] [47 <./data/1d/STAscheme.pn
g>] [48] [49]
<data/1d/fig1.png, id=1354, 442.0515pt x 398.6895pt>
File: data/1d/fig1.png Graphic file (type png)
<use data/1d/fig1.png>
Package pdftex.def Info: data/1d/fig1.png  used on input line 470.
(pdftex.def)             Requested size: 218.51521pt x 197.08119pt.
<data/1d/fig2.png, id=1355, 442.0515pt x 398.6895pt>
File: data/1d/fig2.png Graphic file (type png)
<use data/1d/fig2.png>
Package pdftex.def Info: data/1d/fig2.png  used on input line 473.
(pdftex.def)             Requested size: 218.51521pt x 197.08119pt.
<data/1d/fig5.png, id=1357, 578.16pt x 364.2408pt>
File: data/1d/fig5.png Graphic file (type png)
<use data/1d/fig5.png>
Package pdftex.def Info: data/1d/fig5.png  used on input line 488.
(pdftex.def)             Requested size: 204.85846pt x 129.05907pt.
<data/1d/fig6.png, id=1358, 528.5346pt x 339.669pt>
File: data/1d/fig6.png Graphic file (type png)
<use data/1d/fig6.png>
Package pdftex.def Info: data/1d/fig6.png  used on input line 489.
(pdftex.def)             Requested size: 204.85846pt x 131.65147pt.

[50] [51 <./data/1d/fig1.png> <./data/1d/fig2.png> <./data/1d/fig5.png> <./data
/1d/fig6.png>]
<data/1d/fig7a.png, id=1381, 522.5121pt x 339.9099pt>
File: data/1d/fig7a.png Graphic file (type png)
<use data/1d/fig7a.png>
Package pdftex.def Info: data/1d/fig7a.png  used on input line 526.
(pdftex.def)             Requested size: 204.85846pt x 133.26451pt.
<data/1d/fig7b.png, id=1382, 524.1984pt x 342.8007pt>
File: data/1d/fig7b.png Graphic file (type png)
<use data/1d/fig7b.png>
Package pdftex.def Info: data/1d/fig7b.png  used on input line 529.
(pdftex.def)             Requested size: 204.85846pt x 133.96895pt.
 [52]) (./MainText/gpue.tex [53 <./data/1d/fig7a.png> <./data/1d/fig7b.png>]
Chapter 3.
[54

]

Package Fancyhdr Warning: \headheight is too small (17.07182pt): 
Make it at least 27.13135pt.
We now make it that large for the rest of the document.
This may cause the page layout to be inconsistent, however.

[55] [56]
<data/gpu/GPUEvsTS.png, id=1431, 577.6782pt x 433.3791pt>
File: data/gpu/GPUEvsTS.png Graphic file (type png)
<use data/gpu/GPUEvsTS.png>
Package pdftex.def Info: data/gpu/GPUEvsTS.png  used on input line 51.
(pdftex.def)             Requested size: 227.62206pt x 170.76295pt.
 [57 <./data/gpu/GPUEvsTS.png (PNG copy)>] [58]
Package hyperref Info: bookmark level for unknown lstlisting defaults to 0 on i
nput line 93.
LaTeX Font Info:    Try loading font information for T1+cmtt on input line 93.

(/usr/share/texmf-dist/tex/latex/base/t1cmtt.fd
File: t1cmtt.fd 2014/09/29 v2.5h Standard LaTeX font definitions
)
LaTeX Font Info:    Font shape `T1/cmtt/bx/n' in size <10> not available
(Font)              Font shape `T1/cmtt/m/n' tried instead on input line 94.
 [59] [60]
<data/gpu/gputhreads.pdf, id=1492, 460.44421pt x 460.44421pt>
File: data/gpu/gputhreads.pdf Graphic file (type pdf)
<use data/gpu/gputhreads.pdf>
Package pdftex.def Info: data/gpu/gputhreads.pdf  used on input line 147.
(pdftex.def)             Requested size: 455.24411pt x 455.24399pt.
 [61]

LaTeX Warning: Float too large for page by 44.05858pt on input line 232.

[62] [63 <./data/gpu/gputhreads.pdf>] [64] [65]
<data/gpu/coalesce/check.pdf, id=1620, 1251.92119pt x 440.49068pt>
File: data/gpu/coalesce/check.pdf Graphic file (type pdf)
<use data/gpu/coalesce/check.pdf>
Package pdftex.def Info: data/gpu/coalesce/check.pdf  used on input line 261.
(pdftex.def)             Requested size: 455.24411pt x 160.1762pt.
 [66 <./data/gpu/coalesce/check.pdf>] [67] [68] [69]
Overfull \hbox (18.89725pt too wide) in paragraph at lines 338--338
[]\T1/cmr/bx/n/17.28 Introduction to the GPUE code-base for $\OML/cmm/m/it/17.2
8 n$\T1/cmr/bx/n/17.28 -dimensional
 []


Package hyperref Warning: Token not allowed in a PDF string (PDFDocEncoding):
(hyperref)                removing `math shift' on input line 338.


Package hyperref Warning: Token not allowed in a PDF string (PDFDocEncoding):
(hyperref)                removing `math shift' on input line 338.

[70] [71]
<data/gpu/fft/fft_fig.png, id=1694, 467.49657pt x 361.35pt>
File: data/gpu/fft/fft_fig.png Graphic file (type png)
<use data/gpu/fft/fft_fig.png>
Package pdftex.def Info: data/gpu/fft/fft_fig.png  used on input line 375.
(pdftex.def)             Requested size: 227.62206pt x 175.94376pt.
<data/gpu/fft/fft_fig2.png, id=1695, 794.97pt x 614.295pt>
File: data/gpu/fft/fft_fig2.png Graphic file (type png)
<use data/gpu/fft/fft_fig2.png>
Package pdftex.def Info: data/gpu/fft/fft_fig2.png  used on input line 377.
(pdftex.def)             Requested size: 409.71692pt x 316.60448pt.
 [72] [73 <./data/gpu/fft/fft_fig.png> <./data/gpu/fft/fft_fig2.png>]
(./data/gpu/expression/expression.tex
(/usr/share/texmf-dist/tex/generic/pgf/frontendlayer/tikz/libraries/tikzlibrary
arrows.code.tex
File: tikzlibraryarrows.code.tex 2019/02/02 v3.1.1 (3.1.1)

(/usr/share/texmf-dist/tex/generic/pgf/libraries/pgflibraryarrows.code.tex
File: pgflibraryarrows.code.tex 2019/02/02 v3.1.1 (3.1.1)
\arrowsize=\dimen193
)))
[74] [75] [76]
<data/gpu/vortex_tracking/phi_grid.png, id=1741, 312.2064pt x 578.16pt>
File: data/gpu/vortex_tracking/phi_grid.png Graphic file (type png)
<use data/gpu/vortex_tracking/phi_grid.png>
Package pdftex.def Info: data/gpu/vortex_tracking/phi_grid.png  used on input l
ine 465.
(pdftex.def)             Requested size: 227.62206pt x 421.52397pt.
 [77] [78 <./data/gpu/vortex_tracking/phi_grid.png>]
<data/gpu/vortex_highlighting/all.png, id=1761, 443.256pt x 216.0873pt>
File: data/gpu/vortex_highlighting/all.png Graphic file (type png)
<use data/gpu/vortex_highlighting/all.png>
Package pdftex.def Info: data/gpu/vortex_highlighting/all.png  used on input li
ne 489.
(pdftex.def)             Requested size: 341.43307pt x 166.45036pt.
 [79 <./data/gpu/vortex_highlighting/all.png>] [80] [81] [82] [83] [84]) (./Mai
nText/2d.tex
[85] [86]
Chapter 4.
[87

] [88]
<data/2d/phase/phase.pdf, id=1902, 822.27202pt x 512.30597pt>
File: data/2d/phase/phase.pdf Graphic file (type pdf)
<use data/2d/phase/phase.pdf>
Package pdftex.def Info: data/2d/phase/phase.pdf  used on input line 46.
(pdftex.def)             Requested size: 341.43307pt x 212.72809pt.
 [89]
<data/2d/histogram/histogram.png, id=1911, 1047.915pt x 482.0409pt>
File: data/2d/histogram/histogram.png Graphic file (type png)
<use data/2d/histogram/histogram.png>
Package pdftex.def Info: data/2d/histogram/histogram.png  used on input line 67
.
(pdftex.def)             Requested size: 455.24411pt x 209.40659pt.
 [90 <./data/2d/phase/phase.pdf>] [91 <./data/2d/histogram/histogram.png>]
<data/2d/evolution/evolution.pdf, id=1965, 422.05681pt x 360.6273pt>
File: data/2d/evolution/evolution.pdf Graphic file (type pdf)
<use data/2d/evolution/evolution.pdf>
Package pdftex.def Info: data/2d/evolution/evolution.pdf  used on input line 85
.
(pdftex.def)             Requested size: 227.62206pt x 194.49371pt.
 [92 <./data/2d/evolution/evolution.pdf>]
<data/2d/snapshots/snapshots.pdf, id=1986, 964.33995pt x 1102.10083pt>
File: data/2d/snapshots/snapshots.pdf Graphic file (type pdf)
<use data/2d/snapshots/snapshots.pdf>
Package pdftex.def Info: data/2d/snapshots/snapshots.pdf  used on input line 11
1.
(pdftex.def)             Requested size: 341.43307pt x 390.21431pt.
<data/2d/lyap/lyap.pdf, id=1989, 444.26175pt x 392.93298pt>
File: data/2d/lyap/lyap.pdf Graphic file (type pdf)
<use data/2d/lyap/lyap.pdf>
Package pdftex.def Info: data/2d/lyap/lyap.pdf  used on input line 125.
(pdftex.def)             Requested size: 341.43307pt x 301.98975pt.
 [93] [94 <./data/2d/snapshots/snapshots.pdf>] [95 <./data/2d/lyap/lyap.pdf>] [
96] [97])
(./MainText/vortex_states.tex [98]
Chapter 5.
[99

] [100] [101]
Overfull \hbox (18.07693pt too wide) in paragraph at lines 55--55
[]\T1/cmr/bx/n/17.28 Controlled cre-ation of three-dimensional vor-tex struc-
 []

[102]
<data/3d/Schematic_TB.pdf, id=2345, 372.36516pt x 562.03494pt>
File: data/3d/Schematic_TB.pdf Graphic file (type pdf)
<use data/3d/Schematic_TB.pdf>
Package pdftex.def Info: data/3d/Schematic_TB.pdf  used on input line 71.
(pdftex.def)             Requested size: 182.09486pt x 274.85066pt.
 [103] [104 <./data/3d/Schematic_TB.pdf>]
<data/3d/fiber/mode_plot.jpg, id=2439, 378.213pt x 176.0979pt>
File: data/3d/fiber/mode_plot.jpg Graphic file (type jpg)
<use data/3d/fiber/mode_plot.jpg>
Package pdftex.def Info: data/3d/fiber/mode_plot.jpg  used on input line 125.
(pdftex.def)             Requested size: 455.24411pt x 211.97743pt.
 [105] [106 <./data/3d/fiber/mode_plot.jpg>]
<data/3d/all_fields.pdf, id=2462, 660.37543pt x 454.17384pt>
File: data/3d/all_fields.pdf Graphic file (type pdf)
<use data/3d/all_fields.pdf>
Package pdftex.def Info: data/3d/all_fields.pdf  used on input line 159.
(pdftex.def)             Requested size: 455.24411pt x 313.10307pt.
 [107] [108 <./data/3d/all_fields.pdf>]
<data/3d/vortex_transition.png, id=2490, 3539.2225pt x 788.9475pt>
File: data/3d/vortex_transition.png Graphic file (type png)
<use data/3d/vortex_transition.png>
Package pdftex.def Info: data/3d/vortex_transition.png  used on input line 200.

(pdftex.def)             Requested size: 455.24411pt x 101.47128pt.
 [109]
<data/3d/HE21_3d.png, id=2500, 948.54375pt x 717.68124pt>
File: data/3d/HE21_3d.png Graphic file (type png)
<use data/3d/HE21_3d.png>
Package pdftex.def Info: data/3d/HE21_3d.png  used on input line 220.
(pdftex.def)             Requested size: 227.62206pt x 172.21416pt.
 [110 <./data/3d/vortex_transition.png>]
<data/3d/vortex_line_all.pdf, id=2512, 361.35pt x 548.52928pt>
File: data/3d/vortex_line_all.pdf Graphic file (type pdf)
<use data/3d/vortex_line_all.pdf>
Package pdftex.def Info: data/3d/vortex_line_all.pdf  used on input line 236.
(pdftex.def)             Requested size: 364.19667pt x 552.85515pt.


LaTeX Warning: Float too large for page by 40.97336pt on input line 242.

[111 <./data/3d/HE21_3d.png>] [112 <./data/3d/vortex_line_all.pdf>]
<data/3d/scissors_plot.pdf, id=2535, 361.35pt x 320.1561pt>
File: data/3d/scissors_plot.pdf Graphic file (type pdf)
<use data/3d/scissors_plot.pdf>
Package pdftex.def Info: data/3d/scissors_plot.pdf  used on input line 258.
(pdftex.def)             Requested size: 341.43307pt x 302.51003pt.
 [113 <./data/3d/scissors_plot.pdf>] [114] [115]) (./MainText/conclusion.tex [1
16]
Chapter 6.
[117

] [118] [119] [120]) [121] [122] (./MainText/appendixGPU
Appendix A.
[123


] [124] [125] [126] [127] [128] [129] [130] [131]) [132]
(./Temporary_Thesis.bbl [133


] [134]
Underfull \hbox (badness 4403) in paragraph at lines 129--132
[]\T1/cmr/m/n/12 C. Bayindir.  Com-pres-sive split-step Fourier method.  \T1/cm
r/m/it/12 arXiv preprint
 []

[135] [136] [137] [138] [139] [140] [141] [142] [143] [144] [145]
Underfull \hbox (badness 1028) in paragraph at lines 839--844
\T1/cmr/m/n/12 tion, 2016.  URL []$\T1/cmtt/m/n/12 https : / / web . archive . 
org / web / 20171120181431 / https : / /
 []

[146] [147]
Underfull \hbox (badness 10000) in paragraph at lines 900--903
[]\T1/cmr/m/n/12 R. Slaw, 2013.  URL []$\T1/cmtt/m/n/12 https : / / gist . gith
ub . com / realazthat /
 []

[148] [149] [150]
Underfull \hbox (badness 1264) in paragraph at lines 1083--1089
[]\T1/cmr/m/n/12 R. Navarro, R. Carretero-González, P. J. Tor-res, P. G. Kevrek
idis, D. J.
 []

[151] [152]
Underfull \hbox (badness 2460) in paragraph at lines 1208--1212
[]\T1/cmr/m/n/12 T. Zhang, J. Schloss, A. Thomasen, L. J. O'Riordan, Th. Busch,
 and
 []

[153] [154]
Underfull \hbox (badness 5133) in paragraph at lines 1339--1345
[]\T1/cmr/m/n/12 M. S. Pao-letti and D. P. Lath-rop.  Quan-tum tur-bu-lence.  \
T1/cmr/m/it/12 An-nual
 []


Underfull \hbox (badness 5893) in paragraph at lines 1339--1345
\T1/cmr/m/it/12 Re-view of Con-densed Mat-ter Physics\T1/cmr/m/n/12 , 2(1):213-
-234, 2011.  doi: $10 .
 []

[155] [156] [157] [158]) [159]

pdfTeX warning: pdflatex (file ./Images/papers/NJP_TG.pdf): PDF inclusion: foun
d PDF version <1.7>, but at most version <1.5> allowed
<./Images/papers/NJP_TG.pdf, id=3158, 597.23125pt x 845.1575pt>
File: ./Images/papers/NJP_TG.pdf Graphic file (type pdf)
<use ./Images/papers/NJP_TG.pdf>
Package pdftex.def Info: ./Images/papers/NJP_TG.pdf  used on input line 177.
(pdftex.def)             Requested size: 597.22978pt x 845.15544pt.


pdfTeX warning: pdflatex (file ./Images/papers/NJP_TG.pdf): PDF inclusion: foun
d PDF version <1.7>, but at most version <1.5> allowed
File: ./Images/papers/NJP_TG.pdf Graphic file (type pdf)
<use ./Images/papers/NJP_TG.pdf>
Package pdftex.def Info: ./Images/papers/NJP_TG.pdf  used on input line 177.
(pdftex.def)             Requested size: 597.22978pt x 845.15544pt.


pdfTeX warning: pdflatex (file ./Images/papers/NJP_TG.pdf): PDF inclusion: foun
d PDF version <1.7>, but at most version <1.5> allowed


pdfTeX warning: pdflatex (file ./Images/papers/NJP_TG.pdf): PDF inclusion: foun
d PDF version <1.7>, but at most version <1.5> allowed
<./Images/papers/NJP_TG.pdf, id=3161, page=2, 597.50829pt x 845.0471pt>
File: ./Images/papers/NJP_TG.pdf Graphic file (type pdf)
<use ./Images/papers/NJP_TG.pdf, page 2>
Package pdftex.def Info: ./Images/papers/NJP_TG.pdf , page2 used on input line 
177.
(pdftex.def)             Requested size: 597.50682pt x 845.04504pt.
File: ./Images/papers/NJP_TG.pdf Graphic file (type pdf)
<use ./Images/papers/NJP_TG.pdf, page 2>
Package pdftex.def Info: ./Images/papers/NJP_TG.pdf , page2 used on input line 
177.
(pdftex.def)             Requested size: 597.53416pt x 845.08372pt.
[160


]
File: ./Images/papers/NJP_TG.pdf Graphic file (type pdf)
<use ./Images/papers/NJP_TG.pdf, page 2>
Package pdftex.def Info: ./Images/papers/NJP_TG.pdf , page2 used on input line 
177.
(pdftex.def)             Requested size: 597.53416pt x 845.08372pt.
File: ./Images/papers/NJP_TG.pdf Graphic file (type pdf)
<use ./Images/papers/NJP_TG.pdf, page 2>
Package pdftex.def Info: ./Images/papers/NJP_TG.pdf , page2 used on input line 
177.
(pdftex.def)             Requested size: 597.53416pt x 845.08372pt.
File: ./Images/papers/NJP_TG.pdf Graphic file (type pdf)
<use ./Images/papers/NJP_TG.pdf, page 2>
Package pdftex.def Info: ./Images/papers/NJP_TG.pdf , page2 used on input line 
177.
(pdftex.def)             Requested size: 597.53416pt x 845.08372pt.
 [161 <./Images/papers/NJP_TG.pdf>]

pdfTeX warning: pdflatex (file ./Images/papers/NJP_TG.pdf): PDF inclusion: foun
d PDF version <1.7>, but at most version <1.5> allowed
<./Images/papers/NJP_TG.pdf, id=3244, page=3, 597.50829pt x 845.0471pt>
File: ./Images/papers/NJP_TG.pdf Graphic file (type pdf)
<use ./Images/papers/NJP_TG.pdf, page 3>
Package pdftex.def Info: ./Images/papers/NJP_TG.pdf , page3 used on input line 
177.
(pdftex.def)             Requested size: 597.53416pt x 845.08372pt.
File: ./Images/papers/NJP_TG.pdf Graphic file (type pdf)
<use ./Images/papers/NJP_TG.pdf, page 3>
Package pdftex.def Info: ./Images/papers/NJP_TG.pdf , page3 used on input line 
177.
(pdftex.def)             Requested size: 597.53416pt x 845.08372pt.
File: ./Images/papers/NJP_TG.pdf Graphic file (type pdf)
<use ./Images/papers/NJP_TG.pdf, page 3>
Package pdftex.def Info: ./Images/papers/NJP_TG.pdf , page3 used on input line 
177.
(pdftex.def)             Requested size: 597.53416pt x 845.08372pt.
[162 <./Images/papers/NJP_TG.pdf>]

pdfTeX warning: pdflatex (file ./Images/papers/NJP_TG.pdf): PDF inclusion: foun
d PDF version <1.7>, but at most version <1.5> allowed
<./Images/papers/NJP_TG.pdf, id=3281, page=4, 597.50829pt x 845.0471pt>
File: ./Images/papers/NJP_TG.pdf Graphic file (type pdf)
<use ./Images/papers/NJP_TG.pdf, page 4>
Package pdftex.def Info: ./Images/papers/NJP_TG.pdf , page4 used on input line 
177.
(pdftex.def)             Requested size: 597.53416pt x 845.08372pt.
File: ./Images/papers/NJP_TG.pdf Graphic file (type pdf)
<use ./Images/papers/NJP_TG.pdf, page 4>
Package pdftex.def Info: ./Images/papers/NJP_TG.pdf , page4 used on input line 
177.
(pdftex.def)             Requested size: 597.53416pt x 845.08372pt.
File: ./Images/papers/NJP_TG.pdf Graphic file (type pdf)
<use ./Images/papers/NJP_TG.pdf, page 4>
Package pdftex.def Info: ./Images/papers/NJP_TG.pdf , page4 used on input line 
177.
(pdftex.def)             Requested size: 597.53416pt x 845.08372pt.
[163 <./Images/papers/NJP_TG.pdf>]

pdfTeX warning: pdflatex (file ./Images/papers/NJP_TG.pdf): PDF inclusion: foun
d PDF version <1.7>, but at most version <1.5> allowed
<./Images/papers/NJP_TG.pdf, id=3304, page=5, 597.50829pt x 845.0471pt>
File: ./Images/papers/NJP_TG.pdf Graphic file (type pdf)
<use ./Images/papers/NJP_TG.pdf, page 5>
Package pdftex.def Info: ./Images/papers/NJP_TG.pdf , page5 used on input line 
177.
(pdftex.def)             Requested size: 597.53416pt x 845.08372pt.
File: ./Images/papers/NJP_TG.pdf Graphic file (type pdf)
<use ./Images/papers/NJP_TG.pdf, page 5>
Package pdftex.def Info: ./Images/papers/NJP_TG.pdf , page5 used on input line 
177.
(pdftex.def)             Requested size: 597.53416pt x 845.08372pt.
File: ./Images/papers/NJP_TG.pdf Graphic file (type pdf)
<use ./Images/papers/NJP_TG.pdf, page 5>
Package pdftex.def Info: ./Images/papers/NJP_TG.pdf , page5 used on input line 
177.
(pdftex.def)             Requested size: 597.53416pt x 845.08372pt.
[164 <./Images/papers/NJP_TG.pdf>]

pdfTeX warning: pdflatex (file ./Images/papers/NJP_TG.pdf): PDF inclusion: foun
d PDF version <1.7>, but at most version <1.5> allowed
<./Images/papers/NJP_TG.pdf, id=3318, page=6, 597.50829pt x 845.0471pt>
File: ./Images/papers/NJP_TG.pdf Graphic file (type pdf)
<use ./Images/papers/NJP_TG.pdf, page 6>
Package pdftex.def Info: ./Images/papers/NJP_TG.pdf , page6 used on input line 
177.
(pdftex.def)             Requested size: 597.53416pt x 845.08372pt.
File: ./Images/papers/NJP_TG.pdf Graphic file (type pdf)
<use ./Images/papers/NJP_TG.pdf, page 6>
Package pdftex.def Info: ./Images/papers/NJP_TG.pdf , page6 used on input line 
177.
(pdftex.def)             Requested size: 597.53416pt x 845.08372pt.
File: ./Images/papers/NJP_TG.pdf Graphic file (type pdf)
<use ./Images/papers/NJP_TG.pdf, page 6>
Package pdftex.def Info: ./Images/papers/NJP_TG.pdf , page6 used on input line 
177.
(pdftex.def)             Requested size: 597.53416pt x 845.08372pt.
[165 <./Images/papers/NJP_TG.pdf>]

pdfTeX warning: pdflatex (file ./Images/papers/NJP_TG.pdf): PDF inclusion: foun
d PDF version <1.7>, but at most version <1.5> allowed
<./Images/papers/NJP_TG.pdf, id=3329, page=7, 597.50829pt x 845.0471pt>
File: ./Images/papers/NJP_TG.pdf Graphic file (type pdf)
<use ./Images/papers/NJP_TG.pdf, page 7>
Package pdftex.def Info: ./Images/papers/NJP_TG.pdf , page7 used on input line 
177.
(pdftex.def)             Requested size: 597.53416pt x 845.08372pt.
File: ./Images/papers/NJP_TG.pdf Graphic file (type pdf)
<use ./Images/papers/NJP_TG.pdf, page 7>
Package pdftex.def Info: ./Images/papers/NJP_TG.pdf , page7 used on input line 
177.
(pdftex.def)             Requested size: 597.53416pt x 845.08372pt.
File: ./Images/papers/NJP_TG.pdf Graphic file (type pdf)
<use ./Images/papers/NJP_TG.pdf, page 7>
Package pdftex.def Info: ./Images/papers/NJP_TG.pdf , page7 used on input line 
177.
(pdftex.def)             Requested size: 597.53416pt x 845.08372pt.
[166 <./Images/papers/NJP_TG.pdf>]

pdfTeX warning: pdflatex (file ./Images/papers/NJP_TG.pdf): PDF inclusion: foun
d PDF version <1.7>, but at most version <1.5> allowed
<./Images/papers/NJP_TG.pdf, id=3344, page=8, 597.50829pt x 845.0471pt>
File: ./Images/papers/NJP_TG.pdf Graphic file (type pdf)
<use ./Images/papers/NJP_TG.pdf, page 8>
Package pdftex.def Info: ./Images/papers/NJP_TG.pdf , page8 used on input line 
177.
(pdftex.def)             Requested size: 597.53416pt x 845.08372pt.
File: ./Images/papers/NJP_TG.pdf Graphic file (type pdf)
<use ./Images/papers/NJP_TG.pdf, page 8>
Package pdftex.def Info: ./Images/papers/NJP_TG.pdf , page8 used on input line 
177.
(pdftex.def)             Requested size: 597.53416pt x 845.08372pt.
File: ./Images/papers/NJP_TG.pdf Graphic file (type pdf)
<use ./Images/papers/NJP_TG.pdf, page 8>
Package pdftex.def Info: ./Images/papers/NJP_TG.pdf , page8 used on input line 
177.
(pdftex.def)             Requested size: 597.53416pt x 845.08372pt.
[167 <./Images/papers/NJP_TG.pdf>]

pdfTeX warning: pdflatex (file ./Images/papers/NJP_TG.pdf): PDF inclusion: foun
d PDF version <1.7>, but at most version <1.5> allowed
<./Images/papers/NJP_TG.pdf, id=3357, page=9, 597.50829pt x 845.0471pt>
File: ./Images/papers/NJP_TG.pdf Graphic file (type pdf)
<use ./Images/papers/NJP_TG.pdf, page 9>
Package pdftex.def Info: ./Images/papers/NJP_TG.pdf , page9 used on input line 
177.
(pdftex.def)             Requested size: 597.53416pt x 845.08372pt.
File: ./Images/papers/NJP_TG.pdf Graphic file (type pdf)
<use ./Images/papers/NJP_TG.pdf, page 9>
Package pdftex.def Info: ./Images/papers/NJP_TG.pdf , page9 used on input line 
177.
(pdftex.def)             Requested size: 597.53416pt x 845.08372pt.
File: ./Images/papers/NJP_TG.pdf Graphic file (type pdf)
<use ./Images/papers/NJP_TG.pdf, page 9>
Package pdftex.def Info: ./Images/papers/NJP_TG.pdf , page9 used on input line 
177.
(pdftex.def)             Requested size: 597.53416pt x 845.08372pt.
[168 <./Images/papers/NJP_TG.pdf>]

pdfTeX warning: pdflatex (file ./Images/papers/NJP_TG.pdf): PDF inclusion: foun
d PDF version <1.7>, but at most version <1.5> allowed
<./Images/papers/NJP_TG.pdf, id=3364, page=10, 597.50829pt x 845.0471pt>
File: ./Images/papers/NJP_TG.pdf Graphic file (type pdf)
<use ./Images/papers/NJP_TG.pdf, page 10>
Package pdftex.def Info: ./Images/papers/NJP_TG.pdf , page10 used on input line
 177.
(pdftex.def)             Requested size: 597.53416pt x 845.08372pt.
File: ./Images/papers/NJP_TG.pdf Graphic file (type pdf)
<use ./Images/papers/NJP_TG.pdf, page 10>
Package pdftex.def Info: ./Images/papers/NJP_TG.pdf , page10 used on input line
 177.
(pdftex.def)             Requested size: 597.53416pt x 845.08372pt.
File: ./Images/papers/NJP_TG.pdf Graphic file (type pdf)
<use ./Images/papers/NJP_TG.pdf, page 10>
Package pdftex.def Info: ./Images/papers/NJP_TG.pdf , page10 used on input line
 177.
(pdftex.def)             Requested size: 597.53416pt x 845.08372pt.
[169 <./Images/papers/NJP_TG.pdf>]

pdfTeX warning: pdflatex (file ./Images/papers/NJP_TG.pdf): PDF inclusion: foun
d PDF version <1.7>, but at most version <1.5> allowed
<./Images/papers/NJP_TG.pdf, id=3377, page=11, 597.50829pt x 845.0471pt>
File: ./Images/papers/NJP_TG.pdf Graphic file (type pdf)
<use ./Images/papers/NJP_TG.pdf, page 11>
Package pdftex.def Info: ./Images/papers/NJP_TG.pdf , page11 used on input line
 177.
(pdftex.def)             Requested size: 597.53416pt x 845.08372pt.
File: ./Images/papers/NJP_TG.pdf Graphic file (type pdf)
<use ./Images/papers/NJP_TG.pdf, page 11>
Package pdftex.def Info: ./Images/papers/NJP_TG.pdf , page11 used on input line
 177.
(pdftex.def)             Requested size: 597.53416pt x 845.08372pt.
File: ./Images/papers/NJP_TG.pdf Graphic file (type pdf)
<use ./Images/papers/NJP_TG.pdf, page 11>
Package pdftex.def Info: ./Images/papers/NJP_TG.pdf , page11 used on input line
 177.
(pdftex.def)             Requested size: 597.53416pt x 845.08372pt.
[170 <./Images/papers/NJP_TG.pdf>]

pdfTeX warning: pdflatex (file ./Images/papers/NJP_TG.pdf): PDF inclusion: foun
d PDF version <1.7>, but at most version <1.5> allowed
<./Images/papers/NJP_TG.pdf, id=3397, page=12, 597.50829pt x 845.0471pt>
File: ./Images/papers/NJP_TG.pdf Graphic file (type pdf)
<use ./Images/papers/NJP_TG.pdf, page 12>
Package pdftex.def Info: ./Images/papers/NJP_TG.pdf , page12 used on input line
 177.
(pdftex.def)             Requested size: 597.53416pt x 845.08372pt.
File: ./Images/papers/NJP_TG.pdf Graphic file (type pdf)
<use ./Images/papers/NJP_TG.pdf, page 12>
Package pdftex.def Info: ./Images/papers/NJP_TG.pdf , page12 used on input line
 177.
(pdftex.def)             Requested size: 597.53416pt x 845.08372pt.
File: ./Images/papers/NJP_TG.pdf Graphic file (type pdf)
<use ./Images/papers/NJP_TG.pdf, page 12>
Package pdftex.def Info: ./Images/papers/NJP_TG.pdf , page12 used on input line
 177.
(pdftex.def)             Requested size: 597.53416pt x 845.08372pt.
[171 <./Images/papers/NJP_TG.pdf>]
<./Images/papers/GPUE_JOSS.pdf, id=3407, 597.51233pt x 845.0471pt>
File: ./Images/papers/GPUE_JOSS.pdf Graphic file (type pdf)
<use ./Images/papers/GPUE_JOSS.pdf>
Package pdftex.def Info: ./Images/papers/GPUE_JOSS.pdf  used on input line 178.

(pdftex.def)             Requested size: 597.51086pt x 845.04504pt.
File: ./Images/papers/GPUE_JOSS.pdf Graphic file (type pdf)
<use ./Images/papers/GPUE_JOSS.pdf>
Package pdftex.def Info: ./Images/papers/GPUE_JOSS.pdf  used on input line 178.

(pdftex.def)             Requested size: 597.51086pt x 845.04504pt.
<./Images/papers/GPUE_JOSS.pdf, id=3410, page=1, 597.51233pt x 845.0471pt>
File: ./Images/papers/GPUE_JOSS.pdf Graphic file (type pdf)
<use ./Images/papers/GPUE_JOSS.pdf, page 1>
Package pdftex.def Info: ./Images/papers/GPUE_JOSS.pdf , page1 used on input li
ne 178.
(pdftex.def)             Requested size: 597.51086pt x 845.04504pt.
File: ./Images/papers/GPUE_JOSS.pdf Graphic file (type pdf)
<use ./Images/papers/GPUE_JOSS.pdf, page 1>
Package pdftex.def Info: ./Images/papers/GPUE_JOSS.pdf , page1 used on input li
ne 178.
(pdftex.def)             Requested size: 597.53821pt x 845.08372pt.
File: ./Images/papers/GPUE_JOSS.pdf Graphic file (type pdf)
<use ./Images/papers/GPUE_JOSS.pdf, page 1>
Package pdftex.def Info: ./Images/papers/GPUE_JOSS.pdf , page1 used on input li
ne 178.
(pdftex.def)             Requested size: 597.53821pt x 845.08372pt.
File: ./Images/papers/GPUE_JOSS.pdf Graphic file (type pdf)
<use ./Images/papers/GPUE_JOSS.pdf, page 1>
Package pdftex.def Info: ./Images/papers/GPUE_JOSS.pdf , page1 used on input li
ne 178.
(pdftex.def)             Requested size: 597.53821pt x 845.08372pt.
File: ./Images/papers/GPUE_JOSS.pdf Graphic file (type pdf)
<use ./Images/papers/GPUE_JOSS.pdf, page 1>
Package pdftex.def Info: ./Images/papers/GPUE_JOSS.pdf , page1 used on input li
ne 178.
(pdftex.def)             Requested size: 597.53821pt x 845.08372pt.
 [172 <./Images/papers/GPUE_JOSS.pdf>]
<./Images/papers/GPUE_JOSS.pdf, id=3525, page=2, 597.51233pt x 845.0471pt>
File: ./Images/papers/GPUE_JOSS.pdf Graphic file (type pdf)
<use ./Images/papers/GPUE_JOSS.pdf, page 2>
Package pdftex.def Info: ./Images/papers/GPUE_JOSS.pdf , page2 used on input li
ne 178.
(pdftex.def)             Requested size: 597.53821pt x 845.08372pt.
File: ./Images/papers/GPUE_JOSS.pdf Graphic file (type pdf)
<use ./Images/papers/GPUE_JOSS.pdf, page 2>
Package pdftex.def Info: ./Images/papers/GPUE_JOSS.pdf , page2 used on input li
ne 178.
(pdftex.def)             Requested size: 597.53821pt x 845.08372pt.
File: ./Images/papers/GPUE_JOSS.pdf Graphic file (type pdf)
<use ./Images/papers/GPUE_JOSS.pdf, page 2>
Package pdftex.def Info: ./Images/papers/GPUE_JOSS.pdf , page2 used on input li
ne 178.
(pdftex.def)             Requested size: 597.53821pt x 845.08372pt.

[173 <./Images/papers/GPUE_JOSS.pdf>]
<./Images/papers/GPUE_JOSS.pdf, id=3544, page=3, 597.51233pt x 845.0471pt>
File: ./Images/papers/GPUE_JOSS.pdf Graphic file (type pdf)
<use ./Images/papers/GPUE_JOSS.pdf, page 3>
Package pdftex.def Info: ./Images/papers/GPUE_JOSS.pdf , page3 used on input li
ne 178.
(pdftex.def)             Requested size: 597.53821pt x 845.08372pt.
File: ./Images/papers/GPUE_JOSS.pdf Graphic file (type pdf)
<use ./Images/papers/GPUE_JOSS.pdf, page 3>
Package pdftex.def Info: ./Images/papers/GPUE_JOSS.pdf , page3 used on input li
ne 178.
(pdftex.def)             Requested size: 597.53821pt x 845.08372pt.
File: ./Images/papers/GPUE_JOSS.pdf Graphic file (type pdf)
<use ./Images/papers/GPUE_JOSS.pdf, page 3>
Package pdftex.def Info: ./Images/papers/GPUE_JOSS.pdf , page3 used on input li
ne 178.
(pdftex.def)             Requested size: 597.53821pt x 845.08372pt.
 [174 <./Images/papers/GPUE_JOSS.pdf>]
<./Images/papers/PRF_CHAOS.pdf, id=3549, 505.89pt x 722.7pt>
File: ./Images/papers/PRF_CHAOS.pdf Graphic file (type pdf)
<use ./Images/papers/PRF_CHAOS.pdf>
Package pdftex.def Info: ./Images/papers/PRF_CHAOS.pdf  used on input line 179.

(pdftex.def)             Requested size: 505.88875pt x 722.69823pt.
File: ./Images/papers/PRF_CHAOS.pdf Graphic file (type pdf)
<use ./Images/papers/PRF_CHAOS.pdf>
Package pdftex.def Info: ./Images/papers/PRF_CHAOS.pdf  used on input line 179.

(pdftex.def)             Requested size: 505.88875pt x 722.69823pt.
<./Images/papers/PRF_CHAOS.pdf, id=3552, page=1, 505.89pt x 722.7pt>
File: ./Images/papers/PRF_CHAOS.pdf Graphic file (type pdf)
<use ./Images/papers/PRF_CHAOS.pdf, page 1>
Package pdftex.def Info: ./Images/papers/PRF_CHAOS.pdf , page1 used on input li
ne 179.
(pdftex.def)             Requested size: 505.88875pt x 722.69823pt.
File: ./Images/papers/PRF_CHAOS.pdf Graphic file (type pdf)
<use ./Images/papers/PRF_CHAOS.pdf, page 1>
Package pdftex.def Info: ./Images/papers/PRF_CHAOS.pdf , page1 used on input li
ne 179.
(pdftex.def)             Requested size: 592.09732pt x 845.85333pt.
File: ./Images/papers/PRF_CHAOS.pdf Graphic file (type pdf)
<use ./Images/papers/PRF_CHAOS.pdf, page 1>
Package pdftex.def Info: ./Images/papers/PRF_CHAOS.pdf , page1 used on input li
ne 179.
(pdftex.def)             Requested size: 592.09732pt x 845.85333pt.
File: ./Images/papers/PRF_CHAOS.pdf Graphic file (type pdf)
<use ./Images/papers/PRF_CHAOS.pdf, page 1>
Package pdftex.def Info: ./Images/papers/PRF_CHAOS.pdf , page1 used on input li
ne 179.
(pdftex.def)             Requested size: 592.09732pt x 845.85333pt.
File: ./Images/papers/PRF_CHAOS.pdf Graphic file (type pdf)
<use ./Images/papers/PRF_CHAOS.pdf, page 1>
Package pdftex.def Info: ./Images/papers/PRF_CHAOS.pdf , page1 used on input li
ne 179.
(pdftex.def)             Requested size: 592.09732pt x 845.85333pt.

[175 <./Images/papers/PRF_CHAOS.pdf>]
<./Images/papers/PRF_CHAOS.pdf, id=3577, page=2, 505.89pt x 722.7pt>
File: ./Images/papers/PRF_CHAOS.pdf Graphic file (type pdf)
<use ./Images/papers/PRF_CHAOS.pdf, page 2>
Package pdftex.def Info: ./Images/papers/PRF_CHAOS.pdf , page2 used on input li
ne 179.
(pdftex.def)             Requested size: 592.09732pt x 845.85333pt.
File: ./Images/papers/PRF_CHAOS.pdf Graphic file (type pdf)
<use ./Images/papers/PRF_CHAOS.pdf, page 2>
Package pdftex.def Info: ./Images/papers/PRF_CHAOS.pdf , page2 used on input li
ne 179.
(pdftex.def)             Requested size: 592.09732pt x 845.85333pt.
File: ./Images/papers/PRF_CHAOS.pdf Graphic file (type pdf)
<use ./Images/papers/PRF_CHAOS.pdf, page 2>
Package pdftex.def Info: ./Images/papers/PRF_CHAOS.pdf , page2 used on input li
ne 179.
(pdftex.def)             Requested size: 592.09732pt x 845.85333pt.
 [176 <./Images/papers/PRF_CHAOS.pdf>]
<./Images/papers/PRF_CHAOS.pdf, id=3601, page=3, 505.89pt x 722.7pt>
File: ./Images/papers/PRF_CHAOS.pdf Graphic file (type pdf)
<use ./Images/papers/PRF_CHAOS.pdf, page 3>
Package pdftex.def Info: ./Images/papers/PRF_CHAOS.pdf , page3 used on input li
ne 179.
(pdftex.def)             Requested size: 592.09732pt x 845.85333pt.
File: ./Images/papers/PRF_CHAOS.pdf Graphic file (type pdf)
<use ./Images/papers/PRF_CHAOS.pdf, page 3>
Package pdftex.def Info: ./Images/papers/PRF_CHAOS.pdf , page3 used on input li
ne 179.
(pdftex.def)             Requested size: 592.09732pt x 845.85333pt.
File: ./Images/papers/PRF_CHAOS.pdf Graphic file (type pdf)
<use ./Images/papers/PRF_CHAOS.pdf, page 3>
Package pdftex.def Info: ./Images/papers/PRF_CHAOS.pdf , page3 used on input li
ne 179.
(pdftex.def)             Requested size: 592.09732pt x 845.85333pt.

[177 <./Images/papers/PRF_CHAOS.pdf>]
<./Images/papers/PRF_CHAOS.pdf, id=3610, page=4, 505.89pt x 722.7pt>
File: ./Images/papers/PRF_CHAOS.pdf Graphic file (type pdf)
<use ./Images/papers/PRF_CHAOS.pdf, page 4>
Package pdftex.def Info: ./Images/papers/PRF_CHAOS.pdf , page4 used on input li
ne 179.
(pdftex.def)             Requested size: 592.09732pt x 845.85333pt.
File: ./Images/papers/PRF_CHAOS.pdf Graphic file (type pdf)
<use ./Images/papers/PRF_CHAOS.pdf, page 4>
Package pdftex.def Info: ./Images/papers/PRF_CHAOS.pdf , page4 used on input li
ne 179.
(pdftex.def)             Requested size: 592.09732pt x 845.85333pt.
File: ./Images/papers/PRF_CHAOS.pdf Graphic file (type pdf)
<use ./Images/papers/PRF_CHAOS.pdf, page 4>
Package pdftex.def Info: ./Images/papers/PRF_CHAOS.pdf , page4 used on input li
ne 179.
(pdftex.def)             Requested size: 592.09732pt x 845.85333pt.
 [178 <./Images/papers/PRF_CHAOS.pdf>]
<./Images/papers/PRF_CHAOS.pdf, id=3620, page=5, 505.89pt x 722.7pt>
File: ./Images/papers/PRF_CHAOS.pdf Graphic file (type pdf)
<use ./Images/papers/PRF_CHAOS.pdf, page 5>
Package pdftex.def Info: ./Images/papers/PRF_CHAOS.pdf , page5 used on input li
ne 179.
(pdftex.def)             Requested size: 592.09732pt x 845.85333pt.
File: ./Images/papers/PRF_CHAOS.pdf Graphic file (type pdf)
<use ./Images/papers/PRF_CHAOS.pdf, page 5>
Package pdftex.def Info: ./Images/papers/PRF_CHAOS.pdf , page5 used on input li
ne 179.
(pdftex.def)             Requested size: 592.09732pt x 845.85333pt.
File: ./Images/papers/PRF_CHAOS.pdf Graphic file (type pdf)
<use ./Images/papers/PRF_CHAOS.pdf, page 5>
Package pdftex.def Info: ./Images/papers/PRF_CHAOS.pdf , page5 used on input li
ne 179.
(pdftex.def)             Requested size: 592.09732pt x 845.85333pt.

[179 <./Images/papers/PRF_CHAOS.pdf>]
<./Images/papers/PRF_CHAOS.pdf, id=3634, page=6, 505.89pt x 722.7pt>
File: ./Images/papers/PRF_CHAOS.pdf Graphic file (type pdf)
<use ./Images/papers/PRF_CHAOS.pdf, page 6>
Package pdftex.def Info: ./Images/papers/PRF_CHAOS.pdf , page6 used on input li
ne 179.
(pdftex.def)             Requested size: 592.09732pt x 845.85333pt.
File: ./Images/papers/PRF_CHAOS.pdf Graphic file (type pdf)
<use ./Images/papers/PRF_CHAOS.pdf, page 6>
Package pdftex.def Info: ./Images/papers/PRF_CHAOS.pdf , page6 used on input li
ne 179.
(pdftex.def)             Requested size: 592.09732pt x 845.85333pt.
File: ./Images/papers/PRF_CHAOS.pdf Graphic file (type pdf)
<use ./Images/papers/PRF_CHAOS.pdf, page 6>
Package pdftex.def Info: ./Images/papers/PRF_CHAOS.pdf , page6 used on input li
ne 179.
(pdftex.def)             Requested size: 592.09732pt x 845.85333pt.
 [180 <./Images/papers/PRF_CHAOS.pdf>]
<./Images/papers/PRF_CHAOS.pdf, id=3647, page=7, 505.89pt x 722.7pt>
File: ./Images/papers/PRF_CHAOS.pdf Graphic file (type pdf)
<use ./Images/papers/PRF_CHAOS.pdf, page 7>
Package pdftex.def Info: ./Images/papers/PRF_CHAOS.pdf , page7 used on input li
ne 179.
(pdftex.def)             Requested size: 592.09732pt x 845.85333pt.
File: ./Images/papers/PRF_CHAOS.pdf Graphic file (type pdf)
<use ./Images/papers/PRF_CHAOS.pdf, page 7>
Package pdftex.def Info: ./Images/papers/PRF_CHAOS.pdf , page7 used on input li
ne 179.
(pdftex.def)             Requested size: 592.09732pt x 845.85333pt.
File: ./Images/papers/PRF_CHAOS.pdf Graphic file (type pdf)
<use ./Images/papers/PRF_CHAOS.pdf, page 7>
Package pdftex.def Info: ./Images/papers/PRF_CHAOS.pdf , page7 used on input li
ne 179.
(pdftex.def)             Requested size: 592.09732pt x 845.85333pt.

[181 <./Images/papers/PRF_CHAOS.pdf>]
<./Images/papers/PRF_CHAOS.pdf, id=3680, page=8, 505.89pt x 722.7pt>
File: ./Images/papers/PRF_CHAOS.pdf Graphic file (type pdf)
<use ./Images/papers/PRF_CHAOS.pdf, page 8>
Package pdftex.def Info: ./Images/papers/PRF_CHAOS.pdf , page8 used on input li
ne 179.
(pdftex.def)             Requested size: 592.09732pt x 845.85333pt.
File: ./Images/papers/PRF_CHAOS.pdf Graphic file (type pdf)
<use ./Images/papers/PRF_CHAOS.pdf, page 8>
Package pdftex.def Info: ./Images/papers/PRF_CHAOS.pdf , page8 used on input li
ne 179.
(pdftex.def)             Requested size: 592.09732pt x 845.85333pt.
File: ./Images/papers/PRF_CHAOS.pdf Graphic file (type pdf)
<use ./Images/papers/PRF_CHAOS.pdf, page 8>
Package pdftex.def Info: ./Images/papers/PRF_CHAOS.pdf , page8 used on input li
ne 179.
(pdftex.def)             Requested size: 592.09732pt x 845.85333pt.
 [182 <./Images/papers/PRF_CHAOS.pdf>]
<./Images/papers/PRF_CHAOS.pdf, id=3685, page=9, 505.89pt x 722.7pt>
File: ./Images/papers/PRF_CHAOS.pdf Graphic file (type pdf)
<use ./Images/papers/PRF_CHAOS.pdf, page 9>
Package pdftex.def Info: ./Images/papers/PRF_CHAOS.pdf , page9 used on input li
ne 179.
(pdftex.def)             Requested size: 592.09732pt x 845.85333pt.
File: ./Images/papers/PRF_CHAOS.pdf Graphic file (type pdf)
<use ./Images/papers/PRF_CHAOS.pdf, page 9>
Package pdftex.def Info: ./Images/papers/PRF_CHAOS.pdf , page9 used on input li
ne 179.
(pdftex.def)             Requested size: 592.09732pt x 845.85333pt.
File: ./Images/papers/PRF_CHAOS.pdf Graphic file (type pdf)
<use ./Images/papers/PRF_CHAOS.pdf, page 9>
Package pdftex.def Info: ./Images/papers/PRF_CHAOS.pdf , page9 used on input li
ne 179.
(pdftex.def)             Requested size: 592.09732pt x 845.85333pt.

[183 <./Images/papers/PRF_CHAOS.pdf>]
<./Images/papers/PRF_CHAOS.pdf, id=3690, page=10, 505.89pt x 722.7pt>
File: ./Images/papers/PRF_CHAOS.pdf Graphic file (type pdf)
<use ./Images/papers/PRF_CHAOS.pdf, page 10>
Package pdftex.def Info: ./Images/papers/PRF_CHAOS.pdf , page10 used on input l
ine 179.
(pdftex.def)             Requested size: 592.09732pt x 845.85333pt.
File: ./Images/papers/PRF_CHAOS.pdf Graphic file (type pdf)
<use ./Images/papers/PRF_CHAOS.pdf, page 10>
Package pdftex.def Info: ./Images/papers/PRF_CHAOS.pdf , page10 used on input l
ine 179.
(pdftex.def)             Requested size: 592.09732pt x 845.85333pt.
File: ./Images/papers/PRF_CHAOS.pdf Graphic file (type pdf)
<use ./Images/papers/PRF_CHAOS.pdf, page 10>
Package pdftex.def Info: ./Images/papers/PRF_CHAOS.pdf , page10 used on input l
ine 179.
(pdftex.def)             Requested size: 592.09732pt x 845.85333pt.
 [184 <./Images/papers/PRF_CHAOS.pdf>]
<./Images/papers/PRF_VORTEX.pdf, id=3696, 614.295pt x 794.97pt>
File: ./Images/papers/PRF_VORTEX.pdf Graphic file (type pdf)
<use ./Images/papers/PRF_VORTEX.pdf>
Package pdftex.def Info: ./Images/papers/PRF_VORTEX.pdf  used on input line 180
.
(pdftex.def)             Requested size: 614.29349pt x 794.96806pt.
File: ./Images/papers/PRF_VORTEX.pdf Graphic file (type pdf)
<use ./Images/papers/PRF_VORTEX.pdf>
Package pdftex.def Info: ./Images/papers/PRF_VORTEX.pdf  used on input line 180
.
(pdftex.def)             Requested size: 614.29349pt x 794.96806pt.
<./Images/papers/PRF_VORTEX.pdf, id=3699, page=1, 614.295pt x 794.97pt>
File: ./Images/papers/PRF_VORTEX.pdf Graphic file (type pdf)
<use ./Images/papers/PRF_VORTEX.pdf, page 1>
Package pdftex.def Info: ./Images/papers/PRF_VORTEX.pdf , page1 used on input l
ine 180.
(pdftex.def)             Requested size: 614.29349pt x 794.96806pt.
File: ./Images/papers/PRF_VORTEX.pdf Graphic file (type pdf)
<use ./Images/papers/PRF_VORTEX.pdf, page 1>
Package pdftex.def Info: ./Images/papers/PRF_VORTEX.pdf , page1 used on input l
ine 180.
(pdftex.def)             Requested size: 597.78697pt x 773.60669pt.
File: ./Images/papers/PRF_VORTEX.pdf Graphic file (type pdf)
<use ./Images/papers/PRF_VORTEX.pdf, page 1>
Package pdftex.def Info: ./Images/papers/PRF_VORTEX.pdf , page1 used on input l
ine 180.
(pdftex.def)             Requested size: 597.78697pt x 773.60669pt.
File: ./Images/papers/PRF_VORTEX.pdf Graphic file (type pdf)
<use ./Images/papers/PRF_VORTEX.pdf, page 1>
Package pdftex.def Info: ./Images/papers/PRF_VORTEX.pdf , page1 used on input l
ine 180.
(pdftex.def)             Requested size: 597.78697pt x 773.60669pt.
File: ./Images/papers/PRF_VORTEX.pdf Graphic file (type pdf)
<use ./Images/papers/PRF_VORTEX.pdf, page 1>
Package pdftex.def Info: ./Images/papers/PRF_VORTEX.pdf , page1 used on input l
ine 180.
(pdftex.def)             Requested size: 597.78697pt x 773.60669pt.

[185 <./Images/papers/PRF_VORTEX.pdf>]
<./Images/papers/PRF_VORTEX.pdf, id=3736, page=2, 614.295pt x 794.97pt>
File: ./Images/papers/PRF_VORTEX.pdf Graphic file (type pdf)
<use ./Images/papers/PRF_VORTEX.pdf, page 2>
Package pdftex.def Info: ./Images/papers/PRF_VORTEX.pdf , page2 used on input l
ine 180.
(pdftex.def)             Requested size: 597.78697pt x 773.60669pt.
File: ./Images/papers/PRF_VORTEX.pdf Graphic file (type pdf)
<use ./Images/papers/PRF_VORTEX.pdf, page 2>
Package pdftex.def Info: ./Images/papers/PRF_VORTEX.pdf , page2 used on input l
ine 180.
(pdftex.def)             Requested size: 597.78697pt x 773.60669pt.
File: ./Images/papers/PRF_VORTEX.pdf Graphic file (type pdf)
<use ./Images/papers/PRF_VORTEX.pdf, page 2>
Package pdftex.def Info: ./Images/papers/PRF_VORTEX.pdf , page2 used on input l
ine 180.
(pdftex.def)             Requested size: 597.78697pt x 773.60669pt.
 [186 <./Images/papers/PRF_VORTEX.pdf>]
<./Images/papers/PRF_VORTEX.pdf, id=3846, page=3, 614.295pt x 794.97pt>
File: ./Images/papers/PRF_VORTEX.pdf Graphic file (type pdf)
<use ./Images/papers/PRF_VORTEX.pdf, page 3>
Package pdftex.def Info: ./Images/papers/PRF_VORTEX.pdf , page3 used on input l
ine 180.
(pdftex.def)             Requested size: 597.78697pt x 773.60669pt.
File: ./Images/papers/PRF_VORTEX.pdf Graphic file (type pdf)
<use ./Images/papers/PRF_VORTEX.pdf, page 3>
Package pdftex.def Info: ./Images/papers/PRF_VORTEX.pdf , page3 used on input l
ine 180.
(pdftex.def)             Requested size: 597.78697pt x 773.60669pt.
File: ./Images/papers/PRF_VORTEX.pdf Graphic file (type pdf)
<use ./Images/papers/PRF_VORTEX.pdf, page 3>
Package pdftex.def Info: ./Images/papers/PRF_VORTEX.pdf , page3 used on input l
ine 180.
(pdftex.def)             Requested size: 597.78697pt x 773.60669pt.

[187 <./Images/papers/PRF_VORTEX.pdf>]
<./Images/papers/PRF_VORTEX.pdf, id=3851, page=4, 614.295pt x 794.97pt>
File: ./Images/papers/PRF_VORTEX.pdf Graphic file (type pdf)
<use ./Images/papers/PRF_VORTEX.pdf, page 4>
Package pdftex.def Info: ./Images/papers/PRF_VORTEX.pdf , page4 used on input l
ine 180.
(pdftex.def)             Requested size: 597.78697pt x 773.60669pt.
File: ./Images/papers/PRF_VORTEX.pdf Graphic file (type pdf)
<use ./Images/papers/PRF_VORTEX.pdf, page 4>
Package pdftex.def Info: ./Images/papers/PRF_VORTEX.pdf , page4 used on input l
ine 180.
(pdftex.def)             Requested size: 597.78697pt x 773.60669pt.
File: ./Images/papers/PRF_VORTEX.pdf Graphic file (type pdf)
<use ./Images/papers/PRF_VORTEX.pdf, page 4>
Package pdftex.def Info: ./Images/papers/PRF_VORTEX.pdf , page4 used on input l
ine 180.
(pdftex.def)             Requested size: 597.78697pt x 773.60669pt.
 [188 <./Images/papers/PRF_VORTEX.pdf>]
<./Images/papers/PRF_VORTEX.pdf, id=3872, page=5, 614.295pt x 794.97pt>
File: ./Images/papers/PRF_VORTEX.pdf Graphic file (type pdf)
<use ./Images/papers/PRF_VORTEX.pdf, page 5>
Package pdftex.def Info: ./Images/papers/PRF_VORTEX.pdf , page5 used on input l
ine 180.
(pdftex.def)             Requested size: 597.78697pt x 773.60669pt.
File: ./Images/papers/PRF_VORTEX.pdf Graphic file (type pdf)
<use ./Images/papers/PRF_VORTEX.pdf, page 5>
Package pdftex.def Info: ./Images/papers/PRF_VORTEX.pdf , page5 used on input l
ine 180.
(pdftex.def)             Requested size: 597.78697pt x 773.60669pt.
File: ./Images/papers/PRF_VORTEX.pdf Graphic file (type pdf)
<use ./Images/papers/PRF_VORTEX.pdf, page 5>
Package pdftex.def Info: ./Images/papers/PRF_VORTEX.pdf , page5 used on input l
ine 180.
(pdftex.def)             Requested size: 597.78697pt x 773.60669pt.

[189 <./Images/papers/PRF_VORTEX.pdf>]
<./Images/papers/PRF_VORTEX.pdf, id=3888, page=6, 614.295pt x 794.97pt>
File: ./Images/papers/PRF_VORTEX.pdf Graphic file (type pdf)
<use ./Images/papers/PRF_VORTEX.pdf, page 6>
Package pdftex.def Info: ./Images/papers/PRF_VORTEX.pdf , page6 used on input l
ine 180.
(pdftex.def)             Requested size: 597.78697pt x 773.60669pt.
File: ./Images/papers/PRF_VORTEX.pdf Graphic file (type pdf)
<use ./Images/papers/PRF_VORTEX.pdf, page 6>
Package pdftex.def Info: ./Images/papers/PRF_VORTEX.pdf , page6 used on input l
ine 180.
(pdftex.def)             Requested size: 597.78697pt x 773.60669pt.
File: ./Images/papers/PRF_VORTEX.pdf Graphic file (type pdf)
<use ./Images/papers/PRF_VORTEX.pdf, page 6>
Package pdftex.def Info: ./Images/papers/PRF_VORTEX.pdf , page6 used on input l
ine 180.
(pdftex.def)             Requested size: 597.78697pt x 773.60669pt.
 [190 <./Images/papers/PRF_VORTEX.pdf>]
<./Images/papers/PRF_VORTEX.pdf, id=3924, page=7, 614.295pt x 794.97pt>
File: ./Images/papers/PRF_VORTEX.pdf Graphic file (type pdf)
<use ./Images/papers/PRF_VORTEX.pdf, page 7>
Package pdftex.def Info: ./Images/papers/PRF_VORTEX.pdf , page7 used on input l
ine 180.
(pdftex.def)             Requested size: 597.78697pt x 773.60669pt.
File: ./Images/papers/PRF_VORTEX.pdf Graphic file (type pdf)
<use ./Images/papers/PRF_VORTEX.pdf, page 7>
Package pdftex.def Info: ./Images/papers/PRF_VORTEX.pdf , page7 used on input l
ine 180.
(pdftex.def)             Requested size: 597.78697pt x 773.60669pt.
File: ./Images/papers/PRF_VORTEX.pdf Graphic file (type pdf)
<use ./Images/papers/PRF_VORTEX.pdf, page 7>
Package pdftex.def Info: ./Images/papers/PRF_VORTEX.pdf , page7 used on input l
ine 180.
(pdftex.def)             Requested size: 597.78697pt x 773.60669pt.

[191 <./Images/papers/PRF_VORTEX.pdf>]
<./Images/papers/PRF_VORTEX.pdf, id=3937, page=8, 614.295pt x 794.97pt>
File: ./Images/papers/PRF_VORTEX.pdf Graphic file (type pdf)
<use ./Images/papers/PRF_VORTEX.pdf, page 8>
Package pdftex.def Info: ./Images/papers/PRF_VORTEX.pdf , page8 used on input l
ine 180.
(pdftex.def)             Requested size: 597.78697pt x 773.60669pt.
File: ./Images/papers/PRF_VORTEX.pdf Graphic file (type pdf)
<use ./Images/papers/PRF_VORTEX.pdf, page 8>
Package pdftex.def Info: ./Images/papers/PRF_VORTEX.pdf , page8 used on input l
ine 180.
(pdftex.def)             Requested size: 597.78697pt x 773.60669pt.
File: ./Images/papers/PRF_VORTEX.pdf Graphic file (type pdf)
<use ./Images/papers/PRF_VORTEX.pdf, page 8>
Package pdftex.def Info: ./Images/papers/PRF_VORTEX.pdf , page8 used on input l
ine 180.
(pdftex.def)             Requested size: 597.78697pt x 773.60669pt.
 [192 <./Images/papers/PRF_VORTEX.pdf>]

Package natbib Warning: There were undefined citations.

Package atveryend Info: Empty hook `BeforeClearDocument' on input line 182.
Package atveryend Info: Empty hook `AfterLastShipout' on input line 182.
(./Temporary_Thesis.aux)
Package atveryend Info: Executing hook `AtVeryEndDocument' on input line 182.
Package atveryend Info: Executing hook `AtEndAfterFileList' on input line 182.
Package rerunfilecheck Info: File `Temporary_Thesis.out' has not changed.
(rerunfilecheck)             Checksum: FC461AA6C74D6AA775943692CEC6EF9E;5317.


LaTeX Warning: There were multiply-defined labels.

Package atveryend Info: Empty hook `AtVeryVeryEnd' on input line 182.
 ) 
Here is how much of TeX's memory you used:
 24787 strings out of 492623
 440449 string characters out of 6135669
 855326 words of memory out of 5000000
 27103 multiletter control sequences out of 15000+600000
 24107 words of font info for 63 fonts, out of 8000000 for 9000
 1141 hyphenation exceptions out of 8191
 57i,18n,74p,1101b,2118s stack positions out of 5000i,500n,10000p,200000b,80000s
{/usr/share/texmf-dist/fonts/enc/dvips/cm-super/cm-super-t1.enc}</usr/share/t
exmf-dist/fonts/type1/public/stix/STIXGeneral-Regular.pfb></usr/share/texmf-dis
t/fonts/type1/public/amsfonts/cm/cmbx10.pfb></usr/share/texmf-dist/fonts/type1/
public/amsfonts/cm/cmbx12.pfb></usr/share/texmf-dist/fonts/type1/public/amsfont
s/cm/cmbx7.pfb></usr/share/texmf-dist/fonts/type1/public/amsfonts/cm/cmbx8.pfb>
</usr/share/texmf-dist/fonts/type1/public/amsfonts/cm/cmex10.pfb></usr/share/te
xmf-dist/fonts/type1/public/amsfonts/cm/cmmi10.pfb></usr/share/texmf-dist/fonts
/type1/public/amsfonts/cm/cmmi12.pfb></usr/share/texmf-dist/fonts/type1/public/
amsfonts/cm/cmmi5.pfb></usr/share/texmf-dist/fonts/type1/public/amsfonts/cm/cmm
i6.pfb></usr/share/texmf-dist/fonts/type1/public/amsfonts/cm/cmmi7.pfb></usr/sh
are/texmf-dist/fonts/type1/public/amsfonts/cm/cmmi8.pfb></usr/share/texmf-dist/
fonts/type1/public/amsfonts/cm/cmmi9.pfb></usr/share/texmf-dist/fonts/type1/pub
lic/amsfonts/cm/cmr10.pfb></usr/share/texmf-dist/fonts/type1/public/amsfonts/cm
/cmr12.pfb></usr/share/texmf-dist/fonts/type1/public/amsfonts/cm/cmr17.pfb></us
r/share/texmf-dist/fonts/type1/public/amsfonts/cm/cmr5.pfb></usr/share/texmf-di
st/fonts/type1/public/amsfonts/cm/cmr6.pfb></usr/share/texmf-dist/fonts/type1/p
ublic/amsfonts/cm/cmr7.pfb></usr/share/texmf-dist/fonts/type1/public/amsfonts/c
m/cmr8.pfb></usr/share/texmf-dist/fonts/type1/public/amsfonts/cm/cmr9.pfb></usr
/share/texmf-dist/fonts/type1/public/amsfonts/cm/cmss10.pfb></usr/share/texmf-d
ist/fonts/type1/public/amsfonts/cm/cmss8.pfb></usr/share/texmf-dist/fonts/type1
/public/amsfonts/cm/cmssbx10.pfb></usr/share/texmf-dist/fonts/type1/public/amsf
onts/cm/cmsy10.pfb></usr/share/texmf-dist/fonts/type1/public/amsfonts/cm/cmsy6.
pfb></usr/share/texmf-dist/fonts/type1/public/amsfonts/cm/cmsy7.pfb></usr/share
/texmf-dist/fonts/type1/public/amsfonts/cm/cmsy8.pfb></usr/share/texmf-dist/fon
ts/type1/public/amsfonts/cm/cmti8.pfb></usr/share/texmf-dist/fonts/type1/public
/amsfonts/cm/cmti9.pfb></usr/share/texmf-dist/fonts/type1/public/amsfonts/symbo
ls/msbm10.pfb></usr/share/texmf-dist/fonts/type1/public/amsfonts/symbols/msbm7.
pfb></usr/share/texmf-dist/fonts/type1/public/cm-super/sfbx1200.pfb></usr/share
/texmf-dist/fonts/type1/public/cm-super/sfbx1440.pfb></usr/share/texmf-dist/fon
ts/type1/public/cm-super/sfbx1728.pfb></usr/share/texmf-dist/fonts/type1/public
/cm-super/sfbx2488.pfb></usr/share/texmf-dist/fonts/type1/public/cm-super/sfcc1
440.pfb></usr/share/texmf-dist/fonts/type1/public/cm-super/sfit1000.pfb></usr/s
hare/texmf-dist/fonts/type1/public/cm-super/sfrm0600.pfb></usr/share/texmf-dist
/fonts/type1/public/cm-super/sfrm0800.pfb></usr/share/texmf-dist/fonts/type1/pu
blic/cm-super/sfrm1000.pfb></usr/share/texmf-dist/fonts/type1/public/cm-super/s
frm1095.pfb></usr/share/texmf-dist/fonts/type1/public/cm-super/sfrm1200.pfb></u
sr/share/texmf-dist/fonts/type1/public/cm-super/sfrm1440.pfb></usr/share/texmf-
dist/fonts/type1/public/cm-super/sfrm1728.pfb></usr/share/texmf-dist/fonts/type
1/public/cm-super/sfti1200.pfb></usr/share/texmf-dist/fonts/type1/public/cm-sup
er/sftt1000.pfb></usr/share/texmf-dist/fonts/type1/public/cm-super/sftt1200.pfb
></usr/share/texmf-dist/fonts/type1/urw/palatino/uplb8a.pfb></usr/share/texmf-d
ist/fonts/type1/urw/palatino/uplr8a.pfb></usr/share/texmf-dist/fonts/type1/urw/
palatino/uplri8a.pfb>
Output written on Temporary_Thesis.pdf (201 pages, 16066652 bytes).
PDF statistics:
 4268 PDF objects out of 4296 (max. 8388607)
 3534 compressed objects within 36 object streams
 1045 named destinations out of 1200 (max. 500000)
 963 words of extra memory for PDF output out of 10000 (max. 10000000)

