This is pdfTeX, Version 3.14159265-2.6-1.40.20 (TeX Live 2019/Arch Linux) (preloaded format=pdflatex 2019.8.25)  26 NOV 2019 13:06
entering extended mode
 restricted \write18 enabled.
 %&-line parsing enabled.
**presentation.tex
(./presentation.tex
LaTeX2e <2018-12-01>
(/usr/share/texmf-dist/tex/latex/beamer/beamer.cls
Document Class: beamer 2018/12/02 v3.55 A class for typesetting presentations
(/usr/share/texmf-dist/tex/latex/beamer/beamerbasemodes.sty
(/usr/share/texmf-dist/tex/latex/etoolbox/etoolbox.sty
Package: etoolbox 2018/08/19 v2.5f e-TeX tools for LaTeX (JAW)
\etb@tempcnta=\count80
)
\beamer@tempbox=\box27
\beamer@tempcount=\count81
\c@beamerpauses=\count82

(/usr/share/texmf-dist/tex/latex/beamer/beamerbasedecode.sty
\beamer@slideinframe=\count83
\beamer@minimum=\count84
)
\beamer@commentbox=\box28
\beamer@modecount=\count85
)
(/usr/share/texmf-dist/tex/generic/oberdiek/ifpdf.sty
Package: ifpdf 2018/09/07 v3.3 Provides the ifpdf switch
)
\headdp=\dimen102
\footheight=\dimen103
\sidebarheight=\dimen104
\beamer@tempdim=\dimen105
\beamer@finalheight=\dimen106
\beamer@animht=\dimen107
\beamer@animdp=\dimen108
\beamer@animwd=\dimen109
\beamer@leftmargin=\dimen110
\beamer@rightmargin=\dimen111
\beamer@leftsidebar=\dimen112
\beamer@rightsidebar=\dimen113
\beamer@boxsize=\dimen114
\beamer@vboxoffset=\dimen115
\beamer@descdefault=\dimen116
\beamer@descriptionwidth=\dimen117
\beamer@lastskip=\skip41
\beamer@areabox=\box29
\beamer@animcurrent=\box30
\beamer@animshowbox=\box31
\beamer@sectionbox=\box32
\beamer@logobox=\box33
\beamer@linebox=\box34
\beamer@sectioncount=\count86
\beamer@subsubsectionmax=\count87
\beamer@subsectionmax=\count88
\beamer@sectionmax=\count89
\beamer@totalheads=\count90
\beamer@headcounter=\count91
\beamer@partstartpage=\count92
\beamer@sectionstartpage=\count93
\beamer@subsectionstartpage=\count94
\beamer@animationtempa=\count95
\beamer@animationtempb=\count96
\beamer@xpos=\count97
\beamer@ypos=\count98
\beamer@ypos@offset=\count99
\beamer@showpartnumber=\count100
\beamer@currentsubsection=\count101
\beamer@coveringdepth=\count102
\beamer@sectionadjust=\count103
\beamer@tocsectionnumber=\count104

(/usr/share/texmf-dist/tex/latex/beamer/beamerbaseoptions.sty
(/usr/share/texmf-dist/tex/latex/graphics/keyval.sty
Package: keyval 2014/10/28 v1.15 key=value parser (DPC)
\KV@toks@=\toks14
))
\beamer@paperwidth=\skip42
\beamer@paperheight=\skip43

(/usr/share/texmf-dist/tex/latex/geometry/geometry.sty
Package: geometry 2018/04/16 v5.8 Page Geometry

(/usr/share/texmf-dist/tex/generic/oberdiek/ifvtex.sty
Package: ifvtex 2016/05/16 v1.6 Detect VTeX and its facilities (HO)
Package ifvtex Info: VTeX not detected.
)
(/usr/share/texmf-dist/tex/generic/ifxetex/ifxetex.sty
Package: ifxetex 2010/09/12 v0.6 Provides ifxetex conditional
)
\Gm@cnth=\count105
\Gm@cntv=\count106
\c@Gm@tempcnt=\count107
\Gm@bindingoffset=\dimen118
\Gm@wd@mp=\dimen119
\Gm@odd@mp=\dimen120
\Gm@even@mp=\dimen121
\Gm@layoutwidth=\dimen122
\Gm@layoutheight=\dimen123
\Gm@layouthoffset=\dimen124
\Gm@layoutvoffset=\dimen125
\Gm@dimlist=\toks15
)
(/usr/share/texmf-dist/tex/latex/base/size11.clo
File: size11.clo 2018/09/03 v1.4i Standard LaTeX file (size option)
)
(/usr/share/texmf-dist/tex/latex/pgf/basiclayer/pgfcore.sty
(/usr/share/texmf-dist/tex/latex/graphics/graphicx.sty
Package: graphicx 2017/06/01 v1.1a Enhanced LaTeX Graphics (DPC,SPQR)

(/usr/share/texmf-dist/tex/latex/graphics/graphics.sty
Package: graphics 2017/06/25 v1.2c Standard LaTeX Graphics (DPC,SPQR)

(/usr/share/texmf-dist/tex/latex/graphics/trig.sty
Package: trig 2016/01/03 v1.10 sin cos tan (DPC)
)
(/usr/share/texmf-dist/tex/latex/graphics-cfg/graphics.cfg
File: graphics.cfg 2016/06/04 v1.11 sample graphics configuration
)
Package graphics Info: Driver file: pdftex.def on input line 99.

(/usr/share/texmf-dist/tex/latex/graphics-def/pdftex.def
File: pdftex.def 2018/01/08 v1.0l Graphics/color driver for pdftex
))
\Gin@req@height=\dimen126
\Gin@req@width=\dimen127
)
(/usr/share/texmf-dist/tex/latex/pgf/systemlayer/pgfsys.sty
(/usr/share/texmf-dist/tex/latex/pgf/utilities/pgfrcs.sty
(/usr/share/texmf-dist/tex/generic/pgf/utilities/pgfutil-common.tex
\pgfutil@everybye=\toks16
\pgfutil@tempdima=\dimen128
\pgfutil@tempdimb=\dimen129

(/usr/share/texmf-dist/tex/generic/pgf/utilities/pgfutil-common-lists.tex))
(/usr/share/texmf-dist/tex/generic/pgf/utilities/pgfutil-latex.def
\pgfutil@abb=\box35

(/usr/share/texmf-dist/tex/latex/ms/everyshi.sty
Package: everyshi 2001/05/15 v3.00 EveryShipout Package (MS)
))
(/usr/share/texmf-dist/tex/generic/pgf/utilities/pgfrcs.code.tex
(/usr/share/texmf-dist/tex/generic/pgf/pgf.revision.tex)
Package: pgfrcs 2019/02/02 v3.1.1 (3.1.1)
))
(/usr/share/texmf-dist/tex/generic/pgf/systemlayer/pgfsys.code.tex
Package: pgfsys 2019/02/02 v3.1.1 (3.1.1)

(/usr/share/texmf-dist/tex/generic/pgf/utilities/pgfkeys.code.tex
\pgfkeys@pathtoks=\toks17
\pgfkeys@temptoks=\toks18

(/usr/share/texmf-dist/tex/generic/pgf/utilities/pgfkeysfiltered.code.tex
\pgfkeys@tmptoks=\toks19
))
\pgf@x=\dimen130
\pgf@y=\dimen131
\pgf@xa=\dimen132
\pgf@ya=\dimen133
\pgf@xb=\dimen134
\pgf@yb=\dimen135
\pgf@xc=\dimen136
\pgf@yc=\dimen137
\w@pgf@writea=\write3
\r@pgf@reada=\read1
\c@pgf@counta=\count108
\c@pgf@countb=\count109
\c@pgf@countc=\count110
\c@pgf@countd=\count111
\t@pgf@toka=\toks20
\t@pgf@tokb=\toks21
\t@pgf@tokc=\toks22
\pgf@sys@id@count=\count112

(/usr/share/texmf-dist/tex/generic/pgf/systemlayer/pgf.cfg
File: pgf.cfg 2019/02/02 v3.1.1 (3.1.1)
)
Driver file for pgf: pgfsys-pdftex.def

(/usr/share/texmf-dist/tex/generic/pgf/systemlayer/pgfsys-pdftex.def
File: pgfsys-pdftex.def 2019/02/02 v3.1.1 (3.1.1)

(/usr/share/texmf-dist/tex/generic/pgf/systemlayer/pgfsys-common-pdf.def
File: pgfsys-common-pdf.def 2019/02/02 v3.1.1 (3.1.1)
)))
(/usr/share/texmf-dist/tex/generic/pgf/systemlayer/pgfsyssoftpath.code.tex
File: pgfsyssoftpath.code.tex 2019/02/02 v3.1.1 (3.1.1)
\pgfsyssoftpath@smallbuffer@items=\count113
\pgfsyssoftpath@bigbuffer@items=\count114
)
(/usr/share/texmf-dist/tex/generic/pgf/systemlayer/pgfsysprotocol.code.tex
File: pgfsysprotocol.code.tex 2019/02/02 v3.1.1 (3.1.1)
))
(/usr/share/texmf-dist/tex/latex/xcolor/xcolor.sty
Package: xcolor 2016/05/11 v2.12 LaTeX color extensions (UK)

(/usr/share/texmf-dist/tex/latex/graphics-cfg/color.cfg
File: color.cfg 2016/01/02 v1.6 sample color configuration
)
Package xcolor Info: Driver file: pdftex.def on input line 225.
Package xcolor Info: Model `cmy' substituted by `cmy0' on input line 1348.
Package xcolor Info: Model `hsb' substituted by `rgb' on input line 1352.
Package xcolor Info: Model `RGB' extended on input line 1364.
Package xcolor Info: Model `HTML' substituted by `rgb' on input line 1366.
Package xcolor Info: Model `Hsb' substituted by `hsb' on input line 1367.
Package xcolor Info: Model `tHsb' substituted by `hsb' on input line 1368.
Package xcolor Info: Model `HSB' substituted by `hsb' on input line 1369.
Package xcolor Info: Model `Gray' substituted by `gray' on input line 1370.
Package xcolor Info: Model `wave' substituted by `hsb' on input line 1371.
)
(/usr/share/texmf-dist/tex/generic/pgf/basiclayer/pgfcore.code.tex
Package: pgfcore 2019/02/02 v3.1.1 (3.1.1)

(/usr/share/texmf-dist/tex/generic/pgf/math/pgfmath.code.tex
(/usr/share/texmf-dist/tex/generic/pgf/math/pgfmathcalc.code.tex
(/usr/share/texmf-dist/tex/generic/pgf/math/pgfmathutil.code.tex)
(/usr/share/texmf-dist/tex/generic/pgf/math/pgfmathparser.code.tex
\pgfmath@dimen=\dimen138
\pgfmath@count=\count115
\pgfmath@box=\box36
\pgfmath@toks=\toks23
\pgfmath@stack@operand=\toks24
\pgfmath@stack@operation=\toks25
)
(/usr/share/texmf-dist/tex/generic/pgf/math/pgfmathfunctions.code.tex
(/usr/share/texmf-dist/tex/generic/pgf/math/pgfmathfunctions.basic.code.tex)
(/usr/share/texmf-dist/tex/generic/pgf/math/pgfmathfunctions.trigonometric.code
.tex)
(/usr/share/texmf-dist/tex/generic/pgf/math/pgfmathfunctions.random.code.tex)
(/usr/share/texmf-dist/tex/generic/pgf/math/pgfmathfunctions.comparison.code.te
x) (/usr/share/texmf-dist/tex/generic/pgf/math/pgfmathfunctions.base.code.tex)
(/usr/share/texmf-dist/tex/generic/pgf/math/pgfmathfunctions.round.code.tex)
(/usr/share/texmf-dist/tex/generic/pgf/math/pgfmathfunctions.misc.code.tex)
(/usr/share/texmf-dist/tex/generic/pgf/math/pgfmathfunctions.integerarithmetics
.code.tex))) (/usr/share/texmf-dist/tex/generic/pgf/math/pgfmathfloat.code.tex
\c@pgfmathroundto@lastzeros=\count116
)) (/usr/share/texmf-dist/tex/generic/pgf/basiclayer/pgfcorepoints.code.tex
File: pgfcorepoints.code.tex 2019/02/02 v3.1.1 (3.1.1)
\pgf@picminx=\dimen139
\pgf@picmaxx=\dimen140
\pgf@picminy=\dimen141
\pgf@picmaxy=\dimen142
\pgf@pathminx=\dimen143
\pgf@pathmaxx=\dimen144
\pgf@pathminy=\dimen145
\pgf@pathmaxy=\dimen146
\pgf@xx=\dimen147
\pgf@xy=\dimen148
\pgf@yx=\dimen149
\pgf@yy=\dimen150
\pgf@zx=\dimen151
\pgf@zy=\dimen152
)
(/usr/share/texmf-dist/tex/generic/pgf/basiclayer/pgfcorepathconstruct.code.tex
File: pgfcorepathconstruct.code.tex 2019/02/02 v3.1.1 (3.1.1)
\pgf@path@lastx=\dimen153
\pgf@path@lasty=\dimen154
) (/usr/share/texmf-dist/tex/generic/pgf/basiclayer/pgfcorepathusage.code.tex
File: pgfcorepathusage.code.tex 2019/02/02 v3.1.1 (3.1.1)
\pgf@shorten@end@additional=\dimen155
\pgf@shorten@start@additional=\dimen156
)
(/usr/share/texmf-dist/tex/generic/pgf/basiclayer/pgfcorescopes.code.tex
File: pgfcorescopes.code.tex 2019/02/02 v3.1.1 (3.1.1)
\pgfpic=\box37
\pgf@hbox=\box38
\pgf@layerbox@main=\box39
\pgf@picture@serial@count=\count117
)
(/usr/share/texmf-dist/tex/generic/pgf/basiclayer/pgfcoregraphicstate.code.tex
File: pgfcoregraphicstate.code.tex 2019/02/02 v3.1.1 (3.1.1)
\pgflinewidth=\dimen157
)
(/usr/share/texmf-dist/tex/generic/pgf/basiclayer/pgfcoretransformations.code.t
ex
File: pgfcoretransformations.code.tex 2019/02/02 v3.1.1 (3.1.1)
\pgf@pt@x=\dimen158
\pgf@pt@y=\dimen159
\pgf@pt@temp=\dimen160
) (/usr/share/texmf-dist/tex/generic/pgf/basiclayer/pgfcorequick.code.tex
File: pgfcorequick.code.tex 2019/02/02 v3.1.1 (3.1.1)
)
(/usr/share/texmf-dist/tex/generic/pgf/basiclayer/pgfcoreobjects.code.tex
File: pgfcoreobjects.code.tex 2019/02/02 v3.1.1 (3.1.1)
)
(/usr/share/texmf-dist/tex/generic/pgf/basiclayer/pgfcorepathprocessing.code.te
x
File: pgfcorepathprocessing.code.tex 2019/02/02 v3.1.1 (3.1.1)
) (/usr/share/texmf-dist/tex/generic/pgf/basiclayer/pgfcorearrows.code.tex
File: pgfcorearrows.code.tex 2019/02/02 v3.1.1 (3.1.1)
\pgfarrowsep=\dimen161
)
(/usr/share/texmf-dist/tex/generic/pgf/basiclayer/pgfcoreshade.code.tex
File: pgfcoreshade.code.tex 2019/02/02 v3.1.1 (3.1.1)
\pgf@max=\dimen162
\pgf@sys@shading@range@num=\count118
)
(/usr/share/texmf-dist/tex/generic/pgf/basiclayer/pgfcoreimage.code.tex
File: pgfcoreimage.code.tex 2019/02/02 v3.1.1 (3.1.1)

(/usr/share/texmf-dist/tex/generic/pgf/basiclayer/pgfcoreexternal.code.tex
File: pgfcoreexternal.code.tex 2019/02/02 v3.1.1 (3.1.1)
\pgfexternal@startupbox=\box40
))
(/usr/share/texmf-dist/tex/generic/pgf/basiclayer/pgfcorelayers.code.tex
File: pgfcorelayers.code.tex 2019/02/02 v3.1.1 (3.1.1)
)
(/usr/share/texmf-dist/tex/generic/pgf/basiclayer/pgfcoretransparency.code.tex
File: pgfcoretransparency.code.tex 2019/02/02 v3.1.1 (3.1.1)
) (/usr/share/texmf-dist/tex/generic/pgf/basiclayer/pgfcorepatterns.code.tex
File: pgfcorepatterns.code.tex 2019/02/02 v3.1.1 (3.1.1)
)
(/usr/share/texmf-dist/tex/generic/pgf/basiclayer/pgfcorerdf.code.tex
File: pgfcorerdf.code.tex 2019/02/02 v3.1.1 (3.1.1)
)))
(/usr/share/texmf-dist/tex/latex/pgf/utilities/xxcolor.sty
Package: xxcolor 2003/10/24 ver 0.1
\XC@nummixins=\count119
\XC@countmixins=\count120
)
(/usr/share/texmf-dist/tex/generic/oberdiek/atbegshi.sty
Package: atbegshi 2016/06/09 v1.18 At begin shipout hook (HO)

(/usr/share/texmf-dist/tex/generic/oberdiek/infwarerr.sty
Package: infwarerr 2016/05/16 v1.4 Providing info/warning/error messages (HO)
)
(/usr/share/texmf-dist/tex/generic/oberdiek/ltxcmds.sty
Package: ltxcmds 2016/05/16 v1.23 LaTeX kernel commands for general use (HO)
))
(/usr/share/texmf-dist/tex/latex/hyperref/hyperref.sty
Package: hyperref 2018/11/30 v6.88e Hypertext links for LaTeX

(/usr/share/texmf-dist/tex/generic/oberdiek/hobsub-hyperref.sty
Package: hobsub-hyperref 2016/05/16 v1.14 Bundle oberdiek, subset hyperref (HO)


(/usr/share/texmf-dist/tex/generic/oberdiek/hobsub-generic.sty
Package: hobsub-generic 2016/05/16 v1.14 Bundle oberdiek, subset generic (HO)
Package: hobsub 2016/05/16 v1.14 Construct package bundles (HO)
Package hobsub Info: Skipping package `infwarerr' (already loaded).
Package hobsub Info: Skipping package `ltxcmds' (already loaded).
Package: ifluatex 2016/05/16 v1.4 Provides the ifluatex switch (HO)
Package ifluatex Info: LuaTeX not detected.
Package hobsub Info: Skipping package `ifvtex' (already loaded).
Package: intcalc 2016/05/16 v1.2 Expandable calculations with integers (HO)
Package hobsub Info: Skipping package `ifpdf' (already loaded).
Package: etexcmds 2016/05/16 v1.6 Avoid name clashes with e-TeX commands (HO)
Package: kvsetkeys 2016/05/16 v1.17 Key value parser (HO)
Package: kvdefinekeys 2016/05/16 v1.4 Define keys (HO)
Package: pdftexcmds 2018/09/10 v0.29 Utility functions of pdfTeX for LuaTeX (HO
)
Package pdftexcmds Info: LuaTeX not detected.
Package pdftexcmds Info: \pdf@primitive is available.
Package pdftexcmds Info: \pdf@ifprimitive is available.
Package pdftexcmds Info: \pdfdraftmode found.
Package: pdfescape 2016/05/16 v1.14 Implements pdfTeX's escape features (HO)
Package: bigintcalc 2016/05/16 v1.4 Expandable calculations on big integers (HO
)
Package: bitset 2016/05/16 v1.2 Handle bit-vector datatype (HO)
Package: uniquecounter 2016/05/16 v1.3 Provide unlimited unique counter (HO)
)
Package hobsub Info: Skipping package `hobsub' (already loaded).
Package: letltxmacro 2016/05/16 v1.5 Let assignment for LaTeX macros (HO)
Package: hopatch 2016/05/16 v1.3 Wrapper for package hooks (HO)
Package: xcolor-patch 2016/05/16 xcolor patch
Package: atveryend 2016/05/16 v1.9 Hooks at the very end of document (HO)
Package hobsub Info: Skipping package `atbegshi' (already loaded).
Package: refcount 2016/05/16 v3.5 Data extraction from label references (HO)
Package: hycolor 2016/05/16 v1.8 Color options for hyperref/bookmark (HO)
)
(/usr/share/texmf-dist/tex/latex/oberdiek/auxhook.sty
Package: auxhook 2016/05/16 v1.4 Hooks for auxiliary files (HO)
)
(/usr/share/texmf-dist/tex/latex/oberdiek/kvoptions.sty
Package: kvoptions 2016/05/16 v3.12 Key value format for package options (HO)
)
\@linkdim=\dimen163
\Hy@linkcounter=\count121
\Hy@pagecounter=\count122

(/usr/share/texmf-dist/tex/latex/hyperref/pd1enc.def
File: pd1enc.def 2018/11/30 v6.88e Hyperref: PDFDocEncoding definition (HO)
Now handling font encoding PD1 ...
... no UTF-8 mapping file for font encoding PD1
)
\Hy@SavedSpaceFactor=\count123

(/usr/share/texmf-dist/tex/latex/latexconfig/hyperref.cfg
File: hyperref.cfg 2002/06/06 v1.2 hyperref configuration of TeXLive
)
Package hyperref Info: Option `bookmarks' set `true' on input line 4393.
Package hyperref Info: Option `bookmarksopen' set `true' on input line 4393.
Package hyperref Info: Option `implicit' set `false' on input line 4393.
Package hyperref Info: Hyper figures OFF on input line 4519.
Package hyperref Info: Link nesting OFF on input line 4524.
Package hyperref Info: Hyper index ON on input line 4527.
Package hyperref Info: Plain pages OFF on input line 4534.
Package hyperref Info: Backreferencing OFF on input line 4539.
Package hyperref Info: Implicit mode OFF; no redefinition of LaTeX internals.
Package hyperref Info: Bookmarks ON on input line 4772.
\c@Hy@tempcnt=\count124

(/usr/share/texmf-dist/tex/latex/url/url.sty
\Urlmuskip=\muskip10
Package: url 2013/09/16  ver 3.4  Verb mode for urls, etc.
)
LaTeX Info: Redefining \url on input line 5125.
\XeTeXLinkMargin=\dimen164
\Fld@menulength=\count125
\Field@Width=\dimen165
\Fld@charsize=\dimen166
Package hyperref Info: Hyper figures OFF on input line 6380.
Package hyperref Info: Link nesting OFF on input line 6385.
Package hyperref Info: Hyper index ON on input line 6388.
Package hyperref Info: backreferencing OFF on input line 6395.
Package hyperref Info: Link coloring OFF on input line 6400.
Package hyperref Info: Link coloring with OCG OFF on input line 6405.
Package hyperref Info: PDF/A mode OFF on input line 6410.
LaTeX Info: Redefining \ref on input line 6450.
LaTeX Info: Redefining \pageref on input line 6454.
\Hy@abspage=\count126


Package hyperref Message: Stopped early.

)
Package hyperref Info: Driver (autodetected): hpdftex.
 (/usr/share/texmf-dist/tex/latex/hyperref/hpdftex.def
File: hpdftex.def 2018/11/30 v6.88e Hyperref driver for pdfTeX
\Fld@listcount=\count127
\c@bookmark@seq@number=\count128

(/usr/share/texmf-dist/tex/latex/oberdiek/rerunfilecheck.sty
Package: rerunfilecheck 2016/05/16 v1.8 Rerun checks for auxiliary files (HO)
Package uniquecounter Info: New unique counter `rerunfilecheck' on input line 2
82.
))
(/usr/share/texmf-dist/tex/latex/beamer/beamerbaserequires.sty
(/usr/share/texmf-dist/tex/latex/beamer/beamerbasecompatibility.sty)
(/usr/share/texmf-dist/tex/latex/beamer/beamerbasefont.sty
(/usr/share/texmf-dist/tex/latex/amsfonts/amssymb.sty
Package: amssymb 2013/01/14 v3.01 AMS font symbols

(/usr/share/texmf-dist/tex/latex/amsfonts/amsfonts.sty
Package: amsfonts 2013/01/14 v3.01 Basic AMSFonts support
\@emptytoks=\toks26
\symAMSa=\mathgroup4
\symAMSb=\mathgroup5
LaTeX Font Info:    Overwriting math alphabet `\mathfrak' in version `bold'
(Font)                  U/euf/m/n --> U/euf/b/n on input line 106.
))
(/usr/share/texmf-dist/tex/latex/sansmathaccent/sansmathaccent.sty
Package: sansmathaccent 2013/03/28

(/usr/share/texmf-dist/tex/latex/filehook/filehook.sty
Package: filehook 2011/10/12 v0.5d Hooks for input files
)))
(/usr/share/texmf-dist/tex/latex/beamer/beamerbasetranslator.sty
(/usr/share/texmf-dist/tex/latex/translator/translator.sty
Package: translator 2018/01/04 v1.12 Easy translation of strings in LaTeX
))
(/usr/share/texmf-dist/tex/latex/beamer/beamerbasemisc.sty)
(/usr/share/texmf-dist/tex/latex/beamer/beamerbasetwoscreens.sty)
(/usr/share/texmf-dist/tex/latex/beamer/beamerbaseoverlay.sty
\beamer@argscount=\count129
\beamer@lastskipcover=\skip44
\beamer@trivlistdepth=\count130
)
(/usr/share/texmf-dist/tex/latex/beamer/beamerbasetitle.sty)
(/usr/share/texmf-dist/tex/latex/beamer/beamerbasesection.sty
\c@lecture=\count131
\c@part=\count132
\c@section=\count133
\c@subsection=\count134
\c@subsubsection=\count135
)
(/usr/share/texmf-dist/tex/latex/beamer/beamerbaseframe.sty
\beamer@framebox=\box41
\beamer@frametitlebox=\box42
\beamer@zoombox=\box43
\beamer@zoomcount=\count136
\beamer@zoomframecount=\count137
\beamer@frametextheight=\dimen167
\c@subsectionslide=\count138
\beamer@frametopskip=\skip45
\beamer@framebottomskip=\skip46
\beamer@frametopskipautobreak=\skip47
\beamer@framebottomskipautobreak=\skip48
\beamer@envbody=\toks27
\framewidth=\dimen168
\c@framenumber=\count139
)
(/usr/share/texmf-dist/tex/latex/beamer/beamerbaseverbatim.sty
\beamer@verbatimfileout=\write4
)
(/usr/share/texmf-dist/tex/latex/beamer/beamerbaseframesize.sty
\beamer@splitbox=\box44
\beamer@autobreakcount=\count140
\beamer@autobreaklastheight=\dimen169
\beamer@frametitletoks=\toks28
\beamer@framesubtitletoks=\toks29
)
(/usr/share/texmf-dist/tex/latex/beamer/beamerbaseframecomponents.sty
\beamer@footins=\box45
)
(/usr/share/texmf-dist/tex/latex/beamer/beamerbasecolor.sty)
(/usr/share/texmf-dist/tex/latex/beamer/beamerbasenotes.sty
\beamer@frameboxcopy=\box46
)
(/usr/share/texmf-dist/tex/latex/beamer/beamerbasetoc.sty)
(/usr/share/texmf-dist/tex/latex/beamer/beamerbasetemplates.sty
\beamer@sbttoks=\toks30

(/usr/share/texmf-dist/tex/latex/beamer/beamerbaseauxtemplates.sty
(/usr/share/texmf-dist/tex/latex/beamer/beamerbaseboxes.sty
\bmb@box=\box47
\bmb@colorbox=\box48
\bmb@boxshadow=\box49
\bmb@boxshadowball=\box50
\bmb@boxshadowballlarge=\box51
\bmb@temp=\dimen170
\bmb@dima=\dimen171
\bmb@dimb=\dimen172
\bmb@prevheight=\dimen173
)
\beamer@blockheadheight=\dimen174
))
(/usr/share/texmf-dist/tex/latex/beamer/beamerbaselocalstructure.sty
(/usr/share/texmf-dist/tex/latex/tools/enumerate.sty
Package: enumerate 2015/07/23 v3.00 enumerate extensions (DPC)
\@enLab=\toks31
)
\c@figure=\count141
\c@table=\count142
\abovecaptionskip=\skip49
\belowcaptionskip=\skip50
)
(/usr/share/texmf-dist/tex/latex/beamer/beamerbasenavigation.sty
\beamer@section@min@dim=\dimen175
)
(/usr/share/texmf-dist/tex/latex/beamer/beamerbasetheorems.sty
(/usr/share/texmf-dist/tex/latex/amsmath/amsmath.sty
Package: amsmath 2018/12/01 v2.17b AMS math features
\@mathmargin=\skip51

For additional information on amsmath, use the `?' option.
(/usr/share/texmf-dist/tex/latex/amsmath/amstext.sty
Package: amstext 2000/06/29 v2.01 AMS text

(/usr/share/texmf-dist/tex/latex/amsmath/amsgen.sty
File: amsgen.sty 1999/11/30 v2.0 generic functions
\@emptytoks=\toks32
\ex@=\dimen176
))
(/usr/share/texmf-dist/tex/latex/amsmath/amsbsy.sty
Package: amsbsy 1999/11/29 v1.2d Bold Symbols
\pmbraise@=\dimen177
)
(/usr/share/texmf-dist/tex/latex/amsmath/amsopn.sty
Package: amsopn 2016/03/08 v2.02 operator names
)
\inf@bad=\count143
LaTeX Info: Redefining \frac on input line 223.
\uproot@=\count144
\leftroot@=\count145
LaTeX Info: Redefining \overline on input line 385.
\classnum@=\count146
\DOTSCASE@=\count147
LaTeX Info: Redefining \ldots on input line 482.
LaTeX Info: Redefining \dots on input line 485.
LaTeX Info: Redefining \cdots on input line 606.
\Mathstrutbox@=\box52
\strutbox@=\box53
\big@size=\dimen178
LaTeX Font Info:    Redeclaring font encoding OML on input line 729.
LaTeX Font Info:    Redeclaring font encoding OMS on input line 730.
\macc@depth=\count148
\c@MaxMatrixCols=\count149
\dotsspace@=\muskip11
\c@parentequation=\count150
\dspbrk@lvl=\count151
\tag@help=\toks33
\row@=\count152
\column@=\count153
\maxfields@=\count154
\andhelp@=\toks34
\eqnshift@=\dimen179
\alignsep@=\dimen180
\tagshift@=\dimen181
\tagwidth@=\dimen182
\totwidth@=\dimen183
\lineht@=\dimen184
\@envbody=\toks35
\multlinegap=\skip52
\multlinetaggap=\skip53
\mathdisplay@stack=\toks36
LaTeX Info: Redefining \[ on input line 2844.
LaTeX Info: Redefining \] on input line 2845.
)
(/usr/share/texmf-dist/tex/latex/amscls/amsthm.sty
Package: amsthm 2017/10/31 v2.20.4
\thm@style=\toks37
\thm@bodyfont=\toks38
\thm@headfont=\toks39
\thm@notefont=\toks40
\thm@headpunct=\toks41
\thm@preskip=\skip54
\thm@postskip=\skip55
\thm@headsep=\skip56
\dth@everypar=\toks42
)
\c@theorem=\count155
)
(/usr/share/texmf-dist/tex/latex/beamer/beamerbasethemes.sty))
(/usr/share/texmf-dist/tex/latex/beamer/beamerthemedefault.sty
(/usr/share/texmf-dist/tex/latex/beamer/beamerfontthemedefault.sty)
(/usr/share/texmf-dist/tex/latex/beamer/beamercolorthemedefault.sty)
(/usr/share/texmf-dist/tex/latex/beamer/beamerinnerthemedefault.sty
\beamer@dima=\dimen185
\beamer@dimb=\dimen186
)
(/usr/share/texmf-dist/tex/latex/beamer/beamerouterthemedefault.sty)))
(/usr/share/texmf-dist/tex/latex/beamer/beamercolorthemestructure.sty)
(/usr/share/texmf-dist/tex/latex/booktabs/booktabs.sty
Package: booktabs 2016/04/27 v1.618033 publication quality tables
\heavyrulewidth=\dimen187
\lightrulewidth=\dimen188
\cmidrulewidth=\dimen189
\belowrulesep=\dimen190
\belowbottomsep=\dimen191
\aboverulesep=\dimen192
\abovetopsep=\dimen193
\cmidrulesep=\dimen194
\cmidrulekern=\dimen195
\defaultaddspace=\dimen196
\@cmidla=\count156
\@cmidlb=\count157
\@aboverulesep=\dimen197
\@belowrulesep=\dimen198
\@thisruleclass=\count158
\@lastruleclass=\count159
\@thisrulewidth=\dimen199
)
(/usr/share/texmf-dist/tex/latex/textpos/textpos.sty
Package: textpos 2016/06/07 v1.8

Package: textpos 2016/06/07 1.8, absolute positioning of text on the page
\TP@textbox=\box54
\TPHorizModule=\dimen256
\TPVertModule=\dimen257
\TP@margin=\dimen258
\TP@absmargin=\dimen259
Grid set 16 x 16 = 22.7622pt x 17.07166pt
\TPboxrulesize=\dimen260
\TP@tbargs=\toks43
\TP@prevdepth=\dimen261
) (/usr/share/texmf-dist/tex/latex/fancyvrb/fancyvrb.sty
Package: fancyvrb 2019/01/15

Style option: `fancyvrb' v3.2a <2019/01/15> (tvz)
\FV@CodeLineNo=\count160
\FV@InFile=\read2
\FV@TabBox=\box55
\c@FancyVerbLine=\count161
\FV@StepNumber=\count162
\FV@OutFile=\write5
)
(/usr/share/texmf-dist/tex/latex/pgf/frontendlayer/tikz.sty
(/usr/share/texmf-dist/tex/latex/pgf/basiclayer/pgf.sty
Package: pgf 2019/02/02 v3.1.1 (3.1.1)

(/usr/share/texmf-dist/tex/generic/pgf/modules/pgfmoduleshapes.code.tex
File: pgfmoduleshapes.code.tex 2019/02/02 v3.1.1 (3.1.1)
\pgfnodeparttextbox=\box56
)
(/usr/share/texmf-dist/tex/generic/pgf/modules/pgfmoduleplot.code.tex
File: pgfmoduleplot.code.tex 2019/02/02 v3.1.1 (3.1.1)
)
(/usr/share/texmf-dist/tex/latex/pgf/compatibility/pgfcomp-version-0-65.sty
Package: pgfcomp-version-0-65 2019/02/02 v3.1.1 (3.1.1)
\pgf@nodesepstart=\dimen262
\pgf@nodesepend=\dimen263
)
(/usr/share/texmf-dist/tex/latex/pgf/compatibility/pgfcomp-version-1-18.sty
Package: pgfcomp-version-1-18 2019/02/02 v3.1.1 (3.1.1)
))
(/usr/share/texmf-dist/tex/latex/pgf/utilities/pgffor.sty
(/usr/share/texmf-dist/tex/latex/pgf/utilities/pgfkeys.sty
(/usr/share/texmf-dist/tex/generic/pgf/utilities/pgfkeys.code.tex))
(/usr/share/texmf-dist/tex/latex/pgf/math/pgfmath.sty
(/usr/share/texmf-dist/tex/generic/pgf/math/pgfmath.code.tex))
(/usr/share/texmf-dist/tex/generic/pgf/utilities/pgffor.code.tex
Package: pgffor 2019/02/02 v3.1.1 (3.1.1)

(/usr/share/texmf-dist/tex/generic/pgf/math/pgfmath.code.tex)
\pgffor@iter=\dimen264
\pgffor@skip=\dimen265
\pgffor@stack=\toks44
\pgffor@toks=\toks45
))
(/usr/share/texmf-dist/tex/generic/pgf/frontendlayer/tikz/tikz.code.tex
Package: tikz 2019/02/02 v3.1.1 (3.1.1)

(/usr/share/texmf-dist/tex/generic/pgf/libraries/pgflibraryplothandlers.code.te
x
File: pgflibraryplothandlers.code.tex 2019/02/02 v3.1.1 (3.1.1)
\pgf@plot@mark@count=\count163
\pgfplotmarksize=\dimen266
)
\tikz@lastx=\dimen267
\tikz@lasty=\dimen268
\tikz@lastxsaved=\dimen269
\tikz@lastysaved=\dimen270
\tikzleveldistance=\dimen271
\tikzsiblingdistance=\dimen272
\tikz@figbox=\box57
\tikz@figbox@bg=\box58
\tikz@tempbox=\box59
\tikz@tempbox@bg=\box60
\tikztreelevel=\count164
\tikznumberofchildren=\count165
\tikznumberofcurrentchild=\count166
\tikz@fig@count=\count167
 (/usr/share/texmf-dist/tex/generic/pgf/modules/pgfmodulematrix.code.tex
File: pgfmodulematrix.code.tex 2019/02/02 v3.1.1 (3.1.1)
\pgfmatrixcurrentrow=\count168
\pgfmatrixcurrentcolumn=\count169
\pgf@matrix@numberofcolumns=\count170
)
\tikz@expandcount=\count171

(/usr/share/texmf-dist/tex/generic/pgf/frontendlayer/tikz/libraries/tikzlibrary
topaths.code.tex
File: tikzlibrarytopaths.code.tex 2019/02/02 v3.1.1 (3.1.1)
))) (/usr/share/texmf-dist/tex/latex/listings/listings.sty
\lst@mode=\count172
\lst@gtempboxa=\box61
\lst@token=\toks46
\lst@length=\count173
\lst@currlwidth=\dimen273
\lst@column=\count174
\lst@pos=\count175
\lst@lostspace=\dimen274
\lst@width=\dimen275
\lst@newlines=\count176
\lst@lineno=\count177
\lst@maxwidth=\dimen276

(/usr/share/texmf-dist/tex/latex/listings/lstmisc.sty
File: lstmisc.sty 2019/02/27 1.8b (Carsten Heinz)
\c@lstnumber=\count178
\lst@skipnumbers=\count179
\lst@framebox=\box62
)
(/usr/share/texmf-dist/tex/latex/listings/listings.cfg
File: listings.cfg 2019/02/27 1.8b listings configuration
))
Package: listings 2019/02/27 1.8b (Carsten Heinz)

(/usr/share/texmf-dist/tex/latex/movie15/movie15.sty
Package: movie15 2012/05/16

(/usr/share/texmf-dist/tex/latex/base/ifthen.sty
Package: ifthen 2014/09/29 v1.1c Standard LaTeX ifthen package (DPC)
)
(/usr/share/texmf-dist/tex/latex/oberdiek/ifdraft.sty
Package: ifdraft 2016/05/16 v1.4 Detect class options draft and final (HO)
)
\@MXV@page=\count180
\@MXV@adict=\count181
\@MXV@aadict=\count182
\@MXV@includes=\count183
\@MXV@players=\count184
\@MXV@links=\count185
\@MXV@width=\dimen277
\@MXV@height=\dimen278
\@MXV@depth=\dimen279
\@MXV@totalheight=\dimen280
\@MXV@@boxdepth=\dimen281
\@MXV@traiselen=\dimen282
\@MXV@braiselen=\dimen283
\@MXV@start=\dimen284
\@MXV@end=\dimen285
\@MXV@textbox=\box63
)
(/usr/share/texmf-dist/tex/latex/braket/braket.sty)
(/usr/share/texmf-dist/tex/latex/listings/lstlang1.sty
File: lstlang1.sty 2019/02/27 1.8b listings language file
) (./presentation.aux)
\openout1 = `presentation.aux'.

LaTeX Font Info:    Checking defaults for OML/cmm/m/it on input line 83.
LaTeX Font Info:    ... okay on input line 83.
LaTeX Font Info:    Checking defaults for T1/cmr/m/n on input line 83.
LaTeX Font Info:    ... okay on input line 83.
LaTeX Font Info:    Checking defaults for OT1/cmr/m/n on input line 83.
LaTeX Font Info:    ... okay on input line 83.
LaTeX Font Info:    Checking defaults for OMS/cmsy/m/n on input line 83.
LaTeX Font Info:    ... okay on input line 83.
LaTeX Font Info:    Checking defaults for OMX/cmex/m/n on input line 83.
LaTeX Font Info:    ... okay on input line 83.
LaTeX Font Info:    Checking defaults for U/cmr/m/n on input line 83.
LaTeX Font Info:    ... okay on input line 83.
LaTeX Font Info:    Checking defaults for PD1/pdf/m/n on input line 83.
LaTeX Font Info:    ... okay on input line 83.

*geometry* driver: auto-detecting
*geometry* detected driver: pdftex
*geometry* verbose mode - [ preamble ] result:
* driver: pdftex
* paper: custom
* layout: <same size as paper>
* layoutoffset:(h,v)=(0.0pt,0.0pt)
* modes: includehead includefoot 
* h-part:(L,W,R)=(28.45274pt, 307.28987pt, 28.45274pt)
* v-part:(T,H,B)=(0.0pt, 273.14662pt, 0.0pt)
* \paperwidth=364.19536pt
* \paperheight=273.14662pt
* \textwidth=307.28987pt
* \textheight=244.6939pt
* \oddsidemargin=-43.81725pt
* \evensidemargin=-43.81725pt
* \topmargin=-72.26999pt
* \headheight=14.22636pt
* \headsep=0.0pt
* \topskip=11.0pt
* \footskip=14.22636pt
* \marginparwidth=4.0pt
* \marginparsep=10.0pt
* \columnsep=10.0pt
* \skip\footins=10.0pt plus 4.0pt minus 2.0pt
* \hoffset=0.0pt
* \voffset=0.0pt
* \mag=1000
* \@twocolumnfalse
* \@twosidefalse
* \@mparswitchfalse
* \@reversemarginfalse
* (1in=72.27pt=25.4mm, 1cm=28.453pt)

(/usr/share/texmf-dist/tex/context/base/mkii/supp-pdf.mkii
[Loading MPS to PDF converter (version 2006.09.02).]
\scratchcounter=\count186
\scratchdimen=\dimen286
\scratchbox=\box64
\nofMPsegments=\count187
\nofMParguments=\count188
\everyMPshowfont=\toks47
\MPscratchCnt=\count189
\MPscratchDim=\dimen287
\MPnumerator=\count190
\makeMPintoPDFobject=\count191
\everyMPtoPDFconversion=\toks48
) (/usr/share/texmf-dist/tex/latex/oberdiek/epstopdf-base.sty
Package: epstopdf-base 2016/05/15 v2.6 Base part for package epstopdf

(/usr/share/texmf-dist/tex/latex/oberdiek/grfext.sty
Package: grfext 2016/05/16 v1.2 Manage graphics extensions (HO)
)
Package epstopdf-base Info: Redefining graphics rule for `.eps' on input line 4
38.
Package grfext Info: Graphics extension search list:
(grfext)             [.pdf,.png,.jpg,.mps,.jpeg,.jbig2,.jb2,.PDF,.PNG,.JPG,.JPE
G,.JBIG2,.JB2,.eps]
(grfext)             \AppendGraphicsExtensions on input line 456.

(/usr/share/texmf-dist/tex/latex/latexconfig/epstopdf-sys.cfg
File: epstopdf-sys.cfg 2010/07/13 v1.3 Configuration of (r)epstopdf for TeX Liv
e
))
ABD: EveryShipout initializing macros
\AtBeginShipoutBox=\box65
Package hyperref Info: Link coloring OFF on input line 83.

(/usr/share/texmf-dist/tex/latex/hyperref/nameref.sty
Package: nameref 2016/05/21 v2.44 Cross-referencing by name of section

(/usr/share/texmf-dist/tex/generic/oberdiek/gettitlestring.sty
Package: gettitlestring 2016/05/16 v1.5 Cleanup title references (HO)
)
\c@section@level=\count192
)
LaTeX Info: Redefining \ref on input line 83.
LaTeX Info: Redefining \pageref on input line 83.
LaTeX Info: Redefining \nameref on input line 83.

(./presentation.out) (./presentation.out)
\@outlinefile=\write6
\openout6 = `presentation.out'.

LaTeX Font Info:    Overwriting symbol font `operators' in version `normal'
(Font)                  OT1/cmr/m/n --> OT1/cmss/m/n on input line 83.
LaTeX Font Info:    Overwriting symbol font `operators' in version `bold'
(Font)                  OT1/cmr/bx/n --> OT1/cmss/bx/n on input line 83.
\symnumbers=\mathgroup6
\sympureletters=\mathgroup7
LaTeX Font Info:    Overwriting math alphabet `\mathrm' in version `normal'
(Font)                  OT1/cmss/m/n --> OT1/cmr/m/n on input line 83.
LaTeX Font Info:    Redeclaring math alphabet \mathbf on input line 83.
LaTeX Font Info:    Overwriting math alphabet `\mathbf' in version `normal'
(Font)                  OT1/cmr/bx/n --> OT1/cmss/bx/n on input line 83.
LaTeX Font Info:    Overwriting math alphabet `\mathbf' in version `bold'
(Font)                  OT1/cmr/bx/n --> OT1/cmss/bx/n on input line 83.
LaTeX Font Info:    Redeclaring math alphabet \mathsf on input line 83.
LaTeX Font Info:    Overwriting math alphabet `\mathsf' in version `normal'
(Font)                  OT1/cmss/m/n --> OT1/cmss/m/n on input line 83.
LaTeX Font Info:    Overwriting math alphabet `\mathsf' in version `bold'
(Font)                  OT1/cmss/bx/n --> OT1/cmss/m/n on input line 83.
LaTeX Font Info:    Redeclaring math alphabet \mathit on input line 83.
LaTeX Font Info:    Overwriting math alphabet `\mathit' in version `normal'
(Font)                  OT1/cmr/m/it --> OT1/cmss/m/it on input line 83.
LaTeX Font Info:    Overwriting math alphabet `\mathit' in version `bold'
(Font)                  OT1/cmr/bx/it --> OT1/cmss/m/it on input line 83.
LaTeX Font Info:    Redeclaring math alphabet \mathtt on input line 83.
LaTeX Font Info:    Overwriting math alphabet `\mathtt' in version `normal'
(Font)                  OT1/cmtt/m/n --> OT1/cmtt/m/n on input line 83.
LaTeX Font Info:    Overwriting math alphabet `\mathtt' in version `bold'
(Font)                  OT1/cmtt/m/n --> OT1/cmtt/m/n on input line 83.
LaTeX Font Info:    Overwriting symbol font `numbers' in version `bold'
(Font)                  OT1/cmss/m/n --> OT1/cmss/bx/n on input line 83.
LaTeX Font Info:    Overwriting symbol font `pureletters' in version `bold'
(Font)                  OT1/cmss/m/it --> OT1/cmss/bx/it on input line 83.
LaTeX Font Info:    Overwriting math alphabet `\mathrm' in version `bold'
(Font)                  OT1/cmss/bx/n --> OT1/cmr/bx/n on input line 83.
LaTeX Font Info:    Overwriting math alphabet `\mathbf' in version `bold'
(Font)                  OT1/cmss/bx/n --> OT1/cmss/bx/n on input line 83.
LaTeX Font Info:    Overwriting math alphabet `\mathsf' in version `bold'
(Font)                  OT1/cmss/m/n --> OT1/cmss/bx/n on input line 83.
LaTeX Font Info:    Overwriting math alphabet `\mathit' in version `bold'
(Font)                  OT1/cmss/m/it --> OT1/cmss/bx/it on input line 83.
LaTeX Font Info:    Overwriting math alphabet `\mathtt' in version `bold'
(Font)                  OT1/cmtt/m/n --> OT1/cmtt/bx/n on input line 83.
LaTeX Font Info:    Redeclaring symbol font `pureletters' on input line 83.
LaTeX Font Info:    Overwriting symbol font `pureletters' in version `normal'
(Font)                  OT1/cmss/m/it --> OT1/mathkerncmss/m/sl on input line 8
3.
LaTeX Font Info:    Overwriting symbol font `pureletters' in version `bold'
(Font)                  OT1/cmss/bx/it --> OT1/mathkerncmss/m/sl on input line 
83.
LaTeX Font Info:    Overwriting symbol font `pureletters' in version `bold'
(Font)                  OT1/mathkerncmss/m/sl --> OT1/mathkerncmss/bx/sl on inp
ut line 83.

(/usr/share/texmf-dist/tex/latex/translator/translator-basic-dictionary-English
.dict
Dictionary: translator-basic-dictionary, Language: English 
)
(/usr/share/texmf-dist/tex/latex/translator/translator-bibliography-dictionary-
English.dict
Dictionary: translator-bibliography-dictionary, Language: English 
)
(/usr/share/texmf-dist/tex/latex/translator/translator-environment-dictionary-E
nglish.dict
Dictionary: translator-environment-dictionary, Language: English 
)
(/usr/share/texmf-dist/tex/latex/translator/translator-months-dictionary-Englis
h.dict
Dictionary: translator-months-dictionary, Language: English 
)
(/usr/share/texmf-dist/tex/latex/translator/translator-numbers-dictionary-Engli
sh.dict
Dictionary: translator-numbers-dictionary, Language: English 
)
(/usr/share/texmf-dist/tex/latex/translator/translator-theorem-dictionary-Engli
sh.dict
Dictionary: translator-theorem-dictionary, Language: English 
)
\c@lstlisting=\count193
 (./presentation.nav)
<OISTBG.png, id=13, 1027.6794pt x 770.88pt>
File: OISTBG.png Graphic file (type png)
<use OISTBG.png>
Package pdftex.def Info: OISTBG.png  used on input line 90.
(pdftex.def)             Requested size: 364.19536pt x 273.18793pt.
 [1

{/var/lib/texmf/fonts/map/pdftex/updmap/pdftex.map} <./OISTBG.png>]
LaTeX Font Info:    Try loading font information for U+msa on input line 128.
 (/usr/share/texmf-dist/tex/latex/amsfonts/umsa.fd
File: umsa.fd 2013/01/14 v3.01 AMS symbols A
)
LaTeX Font Info:    Try loading font information for U+msb on input line 128.

(/usr/share/texmf-dist/tex/latex/amsfonts/umsb.fd
File: umsb.fd 2013/01/14 v3.01 AMS symbols B
)
LaTeX Font Info:    Try loading font information for OT1+mathkerncmss on input 
line 128.

(/usr/share/texmf-dist/tex/latex/sansmathaccent/ot1mathkerncmss.fd
File: ot1mathkerncmss.fd 2013/03/27 Fontinst v1.933 font definitions for OT1/ma
thkerncmss.
)
<GPUE.png, id=26, 1027.84pt x 770.88pt>
File: GPUE.png Graphic file (type png)
<use GPUE.png>
Package pdftex.def Info: GPUE.png  used on input line 128.
(pdftex.def)             Requested size: 92.1879pt x 69.14095pt.
<OIST.png, id=27, 289.08pt x 179.7114pt>
File: OIST.png Graphic file (type png)
<use OIST.png>
Package pdftex.def Info: OIST.png  used on input line 128.
(pdftex.def)             Requested size: 45.76411pt x 28.45274pt.
 [2

 <./OIST.png> <./GPUE.png>]
<../data/splitop/method/split_op_method.pdf, id=36, 686.49374pt x 751.22858pt>
File: ../data/splitop/method/split_op_method.pdf Graphic file (type pdf)
<use ../data/splitop/method/split_op_method.pdf>
Package pdftex.def Info: ../data/splitop/method/split_op_method.pdf  used on in
put line 128.
(pdftex.def)             Requested size: 92.1879pt x 100.87273pt.
File: OIST.png Graphic file (type png)
<use OIST.png>
Package pdftex.def Info: OIST.png  used on input line 128.
(pdftex.def)             Requested size: 45.76411pt x 28.45274pt.
 [3

 <../data/splitop/method/split_op_method.pdf>]
<../data/1d/scheme.pdf, id=48, 416.41394pt x 286.50488pt>
File: ../data/1d/scheme.pdf Graphic file (type pdf)
<use ../data/1d/scheme.pdf>
Package pdftex.def Info: ../data/1d/scheme.pdf  used on input line 128.
(pdftex.def)             Requested size: 92.1879pt x 63.42471pt.
File: OIST.png Graphic file (type png)
<use OIST.png>
Package pdftex.def Info: OIST.png  used on input line 128.
(pdftex.def)             Requested size: 45.76411pt x 28.45274pt.
 [4

 <../data/1d/scheme.pdf>]
<v100.png, id=82, 963.6pt x 963.6pt>
File: v100.png Graphic file (type png)
<use v100.png>
Package pdftex.def Info: v100.png  used on input line 128.
(pdftex.def)             Requested size: 92.1879pt x 92.17519pt.
File: OIST.png Graphic file (type png)
<use OIST.png>
Package pdftex.def Info: OIST.png  used on input line 128.
(pdftex.def)             Requested size: 45.76411pt x 28.45274pt.
 [5

 <./v100.png>]
<../data/2d/evolution/evolution.pdf, id=89, 422.05681pt x 360.6273pt>
File: ../data/2d/evolution/evolution.pdf Graphic file (type pdf)
<use ../data/2d/evolution/evolution.pdf>
Package pdftex.def Info: ../data/2d/evolution/evolution.pdf  used on input line
 128.
(pdftex.def)             Requested size: 92.1879pt x 78.76596pt.
File: OIST.png Graphic file (type png)
<use OIST.png>
Package pdftex.def Info: OIST.png  used on input line 128.
(pdftex.def)             Requested size: 45.76411pt x 28.45274pt.
 [6

 <../data/2d/evolution/evolution.pdf>]
<../data/3d/HE21_3d.png, id=101, 948.54375pt x 717.68124pt>
File: ../data/3d/HE21_3d.png Graphic file (type png)
<use ../data/3d/HE21_3d.png>
Package pdftex.def Info: ../data/3d/HE21_3d.png  used on input line 128.
(pdftex.def)             Requested size: 92.1879pt x 69.7464pt.
File: OIST.png Graphic file (type png)
<use OIST.png>
Package pdftex.def Info: OIST.png  used on input line 128.
(pdftex.def)             Requested size: 45.76411pt x 28.45274pt.

[7

 <../data/3d/HE21_3d.png>]
File: OIST.png Graphic file (type png)
<use OIST.png>
Package pdftex.def Info: OIST.png  used on input line 128.
(pdftex.def)             Requested size: 45.76411pt x 28.45274pt.
 [8

] [9

]
File: OIST.png Graphic file (type png)
<use OIST.png>
Package pdftex.def Info: OIST.png  used on input line 147.
(pdftex.def)             Requested size: 45.76411pt x 28.45274pt.
 [10

]
File: OIST.png Graphic file (type png)
<use OIST.png>
Package pdftex.def Info: OIST.png  used on input line 147.
(pdftex.def)             Requested size: 45.76411pt x 28.45274pt.
 [11

<<gaussian.mp4>>]
<time_0066.png, id=145, 602.25pt x 401.5pt>
File: time_0066.png Graphic file (type png)
<use time_0066.png>
Package pdftex.def Info: time_0066.png  used on input line 175.
(pdftex.def)             Requested size: 153.64493pt x 102.42708pt.
<freq_0066.png, id=146, 602.25pt x 401.5pt>
File: freq_0066.png Graphic file (type png)
<use freq_0066.png>
Package pdftex.def Info: freq_0066.png  used on input line 175.
(pdftex.def)             Requested size: 153.64493pt x 102.42708pt.
File: OIST.png Graphic file (type png)
<use OIST.png>
Package pdftex.def Info: OIST.png  used on input line 175.
(pdftex.def)             Requested size: 45.76411pt x 28.45274pt.
 [12

 <./time_0066.png> <./freq_0066.png>]
File: time_0066.png Graphic file (type png)
<use time_0066.png>
Package pdftex.def Info: time_0066.png  used on input line 175.
(pdftex.def)             Requested size: 153.64493pt x 102.42708pt.
File: freq_0066.png Graphic file (type png)
<use freq_0066.png>
Package pdftex.def Info: freq_0066.png  used on input line 175.
(pdftex.def)             Requested size: 153.64493pt x 102.42708pt.
File: OIST.png Graphic file (type png)
<use OIST.png>
Package pdftex.def Info: OIST.png  used on input line 175.
(pdftex.def)             Requested size: 45.76411pt x 28.45274pt.
 [13

]
File: time_0066.png Graphic file (type png)
<use time_0066.png>
Package pdftex.def Info: time_0066.png  used on input line 175.
(pdftex.def)             Requested size: 153.64493pt x 102.42708pt.
File: freq_0066.png Graphic file (type png)
<use freq_0066.png>
Package pdftex.def Info: freq_0066.png  used on input line 175.
(pdftex.def)             Requested size: 153.64493pt x 102.42708pt.
File: OIST.png Graphic file (type png)
<use OIST.png>
Package pdftex.def Info: OIST.png  used on input line 175.
(pdftex.def)             Requested size: 45.76411pt x 28.45274pt.
 [14

]
File: time_0066.png Graphic file (type png)
<use time_0066.png>
Package pdftex.def Info: time_0066.png  used on input line 175.
(pdftex.def)             Requested size: 153.64493pt x 102.42708pt.
File: freq_0066.png Graphic file (type png)
<use freq_0066.png>
Package pdftex.def Info: freq_0066.png  used on input line 175.
(pdftex.def)             Requested size: 153.64493pt x 102.42708pt.
File: OIST.png Graphic file (type png)
<use OIST.png>
Package pdftex.def Info: OIST.png  used on input line 175.
(pdftex.def)             Requested size: 45.76411pt x 28.45274pt.
 [15

]
<radix-8screen.jpg, id=174, 1003.75pt x 1002.74625pt>
File: radix-8screen.jpg Graphic file (type jpg)
<use radix-8screen.jpg>
Package pdftex.def Info: radix-8screen.jpg  used on input line 190.
(pdftex.def)             Requested size: 153.64493pt x 153.48088pt.
File: OIST.png Graphic file (type png)
<use OIST.png>
Package pdftex.def Info: OIST.png  used on input line 190.
(pdftex.def)             Requested size: 45.76411pt x 28.45274pt.
 [16

 <./radix-8screen.jpg>]
<SHO_2.pdf, id=180, 361.35pt x 252.945pt>
File: SHO_2.pdf Graphic file (type pdf)
<use SHO_2.pdf>
Package pdftex.def Info: SHO_2.pdf  used on input line 209.
(pdftex.def)             Requested size: 184.3758pt x 129.062pt.
File: OIST.png Graphic file (type png)
<use OIST.png>
Package pdftex.def Info: OIST.png  used on input line 209.
(pdftex.def)             Requested size: 45.76411pt x 28.45274pt.
 [17

 <./SHO_2.pdf>]
File: SHO_2.pdf Graphic file (type pdf)
<use SHO_2.pdf>
Package pdftex.def Info: SHO_2.pdf  used on input line 209.
(pdftex.def)             Requested size: 184.3758pt x 129.062pt.
File: OIST.png Graphic file (type png)
<use OIST.png>
Package pdftex.def Info: OIST.png  used on input line 209.
(pdftex.def)             Requested size: 45.76411pt x 28.45274pt.
 [18

]
File: OIST.png Graphic file (type png)
<use OIST.png>
Package pdftex.def Info: OIST.png  used on input line 231.
(pdftex.def)             Requested size: 45.76411pt x 28.45274pt.
 [19

]
File: OIST.png Graphic file (type png)
<use OIST.png>
Package pdftex.def Info: OIST.png  used on input line 231.
(pdftex.def)             Requested size: 45.76411pt x 28.45274pt.
 [20

]
File: OIST.png Graphic file (type png)
<use OIST.png>
Package pdftex.def Info: OIST.png  used on input line 231.
(pdftex.def)             Requested size: 45.76411pt x 28.45274pt.
 [21

]
File: ../data/splitop/method/split_op_method.pdf Graphic file (type pdf)
<use ../data/splitop/method/split_op_method.pdf>
Package pdftex.def Info: ../data/splitop/method/split_op_method.pdf  used on in
put line 248.
(pdftex.def)             Requested size: 153.64493pt x 168.12503pt.
File: OIST.png Graphic file (type png)
<use OIST.png>
Package pdftex.def Info: OIST.png  used on input line 248.
(pdftex.def)             Requested size: 45.76411pt x 28.45274pt.
 [22

]
<Bose_Einstein_condensate.png, id=260, 653.44125pt x 429.605pt>
File: Bose_Einstein_condensate.png Graphic file (type png)
<use Bose_Einstein_condensate.png>
Package pdftex.def Info: Bose_Einstein_condensate.png  used on input line 268.
(pdftex.def)             Requested size: 153.64493pt x 101.00963pt.
File: OIST.png Graphic file (type png)
<use OIST.png>
Package pdftex.def Info: OIST.png  used on input line 268.
(pdftex.def)             Requested size: 45.76411pt x 28.45274pt.
 [23

 <./Bose_Einstein_condensate.png>]
File: Bose_Einstein_condensate.png Graphic file (type png)
<use Bose_Einstein_condensate.png>
Package pdftex.def Info: Bose_Einstein_condensate.png  used on input line 268.
(pdftex.def)             Requested size: 153.64493pt x 101.00963pt.
File: OIST.png Graphic file (type png)
<use OIST.png>
Package pdftex.def Info: OIST.png  used on input line 268.
(pdftex.def)             Requested size: 45.76411pt x 28.45274pt.
 [24

]
<vortex.jpg, id=272, 72.27pt x 72.27pt>
File: vortex.jpg Graphic file (type jpg)
<use vortex.jpg>
Package pdftex.def Info: vortex.jpg  used on input line 289.
(pdftex.def)             Requested size: 138.2795pt x 138.28702pt.
<vortexlattice.jpg, id=273, 542.025pt x 546.27618pt>
File: vortexlattice.jpg Graphic file (type jpg)
<use vortexlattice.jpg>
Package pdftex.def Info: vortexlattice.jpg  used on input line 289.
(pdftex.def)             Requested size: 138.2795pt x 139.3611pt.
File: OIST.png Graphic file (type png)
<use OIST.png>
Package pdftex.def Info: OIST.png  used on input line 289.
(pdftex.def)             Requested size: 45.76411pt x 28.45274pt.

[25

 <./vortex.jpg> <./Vortexlattice.jpg>]
File: vortex.jpg Graphic file (type jpg)
<use vortex.jpg>
Package pdftex.def Info: vortex.jpg  used on input line 289.
(pdftex.def)             Requested size: 138.2795pt x 138.28702pt.
File: vortexlattice.jpg Graphic file (type jpg)
<use vortexlattice.jpg>
Package pdftex.def Info: vortexlattice.jpg  used on input line 289.
(pdftex.def)             Requested size: 138.2795pt x 139.3611pt.
File: OIST.png Graphic file (type png)
<use OIST.png>
Package pdftex.def Info: OIST.png  used on input line 289.
(pdftex.def)             Requested size: 45.76411pt x 28.45274pt.
 [26

]
<../data/splitop/rot/WIP.pdf, id=285, 531.8787pt x 455.69261pt>
File: ../data/splitop/rot/WIP.pdf Graphic file (type pdf)
<use ../data/splitop/rot/WIP.pdf>
Package pdftex.def Info: ../data/splitop/rot/WIP.pdf  used on input line 296.
(pdftex.def)             Requested size: 245.83282pt x 210.61546pt.
File: OIST.png Graphic file (type png)
<use OIST.png>
Package pdftex.def Info: OIST.png  used on input line 296.
(pdftex.def)             Requested size: 45.76411pt x 28.45274pt.
 [27

 <../data/splitop/rot/WIP.pdf>]
<../data/2d/phase/phase.pdf, id=297, 822.27202pt x 512.30597pt>
File: ../data/2d/phase/phase.pdf Graphic file (type pdf)
<use ../data/2d/phase/phase.pdf>
Package pdftex.def Info: ../data/2d/phase/phase.pdf  used on input line 305.
(pdftex.def)             Requested size: 230.46739pt x 143.5854pt.
File: OIST.png Graphic file (type png)
<use OIST.png>
Package pdftex.def Info: OIST.png  used on input line 305.
(pdftex.def)             Requested size: 45.76411pt x 28.45274pt.
 [28

 <../data/2d/phase/phase.pdf>]
<2level.jpg, id=338, 80.3pt x 60.3856pt>
File: 2level.jpg Graphic file (type jpg)
<use 2level.jpg>
Package pdftex.def Info: 2level.jpg  used on input line 331.
(pdftex.def)             Requested size: 92.1879pt x 69.3277pt.
File: OIST.png Graphic file (type png)
<use OIST.png>
Package pdftex.def Info: OIST.png  used on input line 331.
(pdftex.def)             Requested size: 45.76411pt x 28.45274pt.
 [29

 <./2level.jpg>]
File: 2level.jpg Graphic file (type jpg)
<use 2level.jpg>
Package pdftex.def Info: 2level.jpg  used on input line 331.
(pdftex.def)             Requested size: 92.1879pt x 69.3277pt.
File: OIST.png Graphic file (type png)
<use OIST.png>
Package pdftex.def Info: OIST.png  used on input line 331.
(pdftex.def)             Requested size: 45.76411pt x 28.45274pt.
 [30

]
File: 2level.jpg Graphic file (type jpg)
<use 2level.jpg>
Package pdftex.def Info: 2level.jpg  used on input line 331.
(pdftex.def)             Requested size: 92.1879pt x 69.3277pt.
File: OIST.png Graphic file (type png)
<use OIST.png>
Package pdftex.def Info: OIST.png  used on input line 331.
(pdftex.def)             Requested size: 45.76411pt x 28.45274pt.
 [31

]
<../data/splitop/gauge/check.pdf, id=355, 361.35pt x 252.945pt>
File: ../data/splitop/gauge/check.pdf Graphic file (type pdf)
<use ../data/splitop/gauge/check.pdf>
Package pdftex.def Info: ../data/splitop/gauge/check.pdf  used on input line 36
3.
(pdftex.def)             Requested size: 185.91241pt x 130.13882pt.

Overfull \hbox (16.90205pt too wide) in paragraph at lines 363--363
[][]  
 []

File: OIST.png Graphic file (type png)
<use OIST.png>
Package pdftex.def Info: OIST.png  used on input line 363.
(pdftex.def)             Requested size: 45.76411pt x 28.45274pt.
[32

 <../data/splitop/gauge/check.pdf>]
File: ../data/splitop/gauge/check.pdf Graphic file (type pdf)
<use ../data/splitop/gauge/check.pdf>
Package pdftex.def Info: ../data/splitop/gauge/check.pdf  used on input line 36
3.
(pdftex.def)             Requested size: 185.91241pt x 130.13882pt.

Overfull \hbox (16.90205pt too wide) in paragraph at lines 363--363
[][]  
 []

File: OIST.png Graphic file (type png)
<use OIST.png>
Package pdftex.def Info: OIST.png  used on input line 363.
(pdftex.def)             Requested size: 45.76411pt x 28.45274pt.
[33

]
File: ../data/splitop/gauge/check.pdf Graphic file (type pdf)
<use ../data/splitop/gauge/check.pdf>
Package pdftex.def Info: ../data/splitop/gauge/check.pdf  used on input line 36
3.
(pdftex.def)             Requested size: 185.91241pt x 130.13882pt.

Overfull \hbox (16.90205pt too wide) in paragraph at lines 363--363
[][]  
 []

File: OIST.png Graphic file (type png)
<use OIST.png>
Package pdftex.def Info: OIST.png  used on input line 363.
(pdftex.def)             Requested size: 45.76411pt x 28.45274pt.
[34

] [35

]
<../data/1d/NM/NM.pdf, id=405, 361.35pt x 252.945pt>
File: ../data/1d/NM/NM.pdf Graphic file (type pdf)
<use ../data/1d/NM/NM.pdf>
Package pdftex.def Info: ../data/1d/NM/NM.pdf  used on input line 396.
(pdftex.def)             Requested size: 153.64493pt x 107.5523pt.
File: OIST.png Graphic file (type png)
<use OIST.png>
Package pdftex.def Info: OIST.png  used on input line 396.
(pdftex.def)             Requested size: 45.76411pt x 28.45274pt.
 [36

 <../data/1d/NM/NM.pdf>]
File: ../data/1d/NM/NM.pdf Graphic file (type pdf)
<use ../data/1d/NM/NM.pdf>
Package pdftex.def Info: ../data/1d/NM/NM.pdf  used on input line 396.
(pdftex.def)             Requested size: 153.64493pt x 107.5523pt.
File: OIST.png Graphic file (type png)
<use OIST.png>
Package pdftex.def Info: OIST.png  used on input line 396.
(pdftex.def)             Requested size: 45.76411pt x 28.45274pt.
 [37

]
File: ../data/1d/NM/NM.pdf Graphic file (type pdf)
<use ../data/1d/NM/NM.pdf>
Package pdftex.def Info: ../data/1d/NM/NM.pdf  used on input line 396.
(pdftex.def)             Requested size: 153.64493pt x 107.5523pt.
File: OIST.png Graphic file (type png)
<use OIST.png>
Package pdftex.def Info: OIST.png  used on input line 396.
(pdftex.def)             Requested size: 45.76411pt x 28.45274pt.
 [38

]
File: ../data/1d/NM/NM.pdf Graphic file (type pdf)
<use ../data/1d/NM/NM.pdf>
Package pdftex.def Info: ../data/1d/NM/NM.pdf  used on input line 396.
(pdftex.def)             Requested size: 153.64493pt x 107.5523pt.
File: OIST.png Graphic file (type png)
<use OIST.png>
Package pdftex.def Info: OIST.png  used on input line 396.
(pdftex.def)             Requested size: 45.76411pt x 28.45274pt.
 [39

]
File: OIST.png Graphic file (type png)
<use OIST.png>
Package pdftex.def Info: OIST.png  used on input line 402.
(pdftex.def)             Requested size: 45.76411pt x 28.45274pt.
 [40

]
File: ../data/1d/scheme.pdf Graphic file (type pdf)
<use ../data/1d/scheme.pdf>
Package pdftex.def Info: ../data/1d/scheme.pdf  used on input line 424.
(pdftex.def)             Requested size: 107.55098pt x 73.9955pt.
<../data/1d/cross.png, id=444, 293.59688pt x 304.13625pt>
File: ../data/1d/cross.png Graphic file (type png)
<use ../data/1d/cross.png>
Package pdftex.def Info: ../data/1d/cross.png  used on input line 424.
(pdftex.def)             Requested size: 150.57372pt x 155.97989pt.
<../data/1d/nocross.png, id=445, 293.59688pt x 304.13625pt>
File: ../data/1d/nocross.png Graphic file (type png)
<use ../data/1d/nocross.png>
Package pdftex.def Info: ../data/1d/nocross.png  used on input line 424.
(pdftex.def)             Requested size: 150.57372pt x 155.97989pt.
File: OIST.png Graphic file (type png)
<use OIST.png>
Package pdftex.def Info: OIST.png  used on input line 424.
(pdftex.def)             Requested size: 45.76411pt x 28.45274pt.
 [41

 <../data/1d/cross.png> <../data/1d/nocross.png>]
File: ../data/1d/scheme.pdf Graphic file (type pdf)
<use ../data/1d/scheme.pdf>
Package pdftex.def Info: ../data/1d/scheme.pdf  used on input line 424.
(pdftex.def)             Requested size: 107.55098pt x 73.9955pt.
File: ../data/1d/cross.png Graphic file (type png)
<use ../data/1d/cross.png>
Package pdftex.def Info: ../data/1d/cross.png  used on input line 424.
(pdftex.def)             Requested size: 150.57372pt x 155.97989pt.
File: ../data/1d/nocross.png Graphic file (type png)
<use ../data/1d/nocross.png>
Package pdftex.def Info: ../data/1d/nocross.png  used on input line 424.
(pdftex.def)             Requested size: 150.57372pt x 155.97989pt.
File: OIST.png Graphic file (type png)
<use OIST.png>
Package pdftex.def Info: OIST.png  used on input line 424.
(pdftex.def)             Requested size: 45.76411pt x 28.45274pt.
 [42

]
File: OIST.png Graphic file (type png)
<use OIST.png>
Package pdftex.def Info: OIST.png  used on input line 444.
(pdftex.def)             Requested size: 45.76411pt x 28.45274pt.
 [43

]
<../data/1d/STAscheme.png, id=465, 598.6365pt x 375.0813pt>
File: ../data/1d/STAscheme.png Graphic file (type png)
<use ../data/1d/STAscheme.png>
Package pdftex.def Info: ../data/1d/STAscheme.png  used on input line 449.
(pdftex.def)             Requested size: 307.28987pt x 192.5366pt.
File: OIST.png Graphic file (type png)
<use OIST.png>
Package pdftex.def Info: OIST.png  used on input line 449.
(pdftex.def)             Requested size: 45.76411pt x 28.45274pt.
 [44

 <../data/1d/STAscheme.png>]
<../data/1d/figlfid.pdf, id=472, 227.55013pt x 227.55013pt>
File: ../data/1d/figlfid.pdf Graphic file (type pdf)
<use ../data/1d/figlfid.pdf>
Package pdftex.def Info: ../data/1d/figlfid.pdf  used on input line 469.
(pdftex.def)             Requested size: 122.9164pt x 122.91689pt.
<../data/1d/fig6.png, id=473, 528.5346pt x 339.669pt>
File: ../data/1d/fig6.png Graphic file (type png)
<use ../data/1d/fig6.png>
Package pdftex.def Info: ../data/1d/fig6.png  used on input line 469.
(pdftex.def)             Requested size: 153.64493pt x 98.7399pt.
File: OIST.png Graphic file (type png)
<use OIST.png>
Package pdftex.def Info: OIST.png  used on input line 469.
(pdftex.def)             Requested size: 45.76411pt x 28.45274pt.

[45

 <../data/1d/figlfid.pdf> <../data/1d/fig6.png>] [46

]
<../data/gpu/coalesce/check.pdf, id=507, 1251.92119pt x 440.49068pt>
File: ../data/gpu/coalesce/check.pdf Graphic file (type pdf)
<use ../data/gpu/coalesce/check.pdf>
Package pdftex.def Info: ../data/gpu/coalesce/check.pdf  used on input line 505
.
(pdftex.def)             Requested size: 215.10196pt x 75.68225pt.
File: v100.png Graphic file (type png)
<use v100.png>
Package pdftex.def Info: v100.png  used on input line 505.
(pdftex.def)             Requested size: 92.1879pt x 92.17519pt.
<../data/gpu/gputhreads.pdf, id=508, 460.44421pt x 460.44421pt>
File: ../data/gpu/gputhreads.pdf Graphic file (type pdf)
<use ../data/gpu/gputhreads.pdf>
Package pdftex.def Info: ../data/gpu/gputhreads.pdf  used on input line 505.
(pdftex.def)             Requested size: 92.1879pt x 92.18556pt.
File: OIST.png Graphic file (type png)
<use OIST.png>
Package pdftex.def Info: OIST.png  used on input line 505.
(pdftex.def)             Requested size: 45.76411pt x 28.45274pt.
 [47

 <../data/gpu/coalesce/check.pdf> <../data/gpu/gputhreads.pdf>]
File: ../data/gpu/coalesce/check.pdf Graphic file (type pdf)
<use ../data/gpu/coalesce/check.pdf>
Package pdftex.def Info: ../data/gpu/coalesce/check.pdf  used on input line 505
.
(pdftex.def)             Requested size: 215.10196pt x 75.68225pt.
File: v100.png Graphic file (type png)
<use v100.png>
Package pdftex.def Info: v100.png  used on input line 505.
(pdftex.def)             Requested size: 92.1879pt x 92.17519pt.
File: ../data/gpu/gputhreads.pdf Graphic file (type pdf)
<use ../data/gpu/gputhreads.pdf>
Package pdftex.def Info: ../data/gpu/gputhreads.pdf  used on input line 505.
(pdftex.def)             Requested size: 92.1879pt x 92.18556pt.
File: OIST.png Graphic file (type png)
<use OIST.png>
Package pdftex.def Info: OIST.png  used on input line 505.
(pdftex.def)             Requested size: 45.76411pt x 28.45274pt.
 [48

]
File: ../data/gpu/coalesce/check.pdf Graphic file (type pdf)
<use ../data/gpu/coalesce/check.pdf>
Package pdftex.def Info: ../data/gpu/coalesce/check.pdf  used on input line 505
.
(pdftex.def)             Requested size: 215.10196pt x 75.68225pt.
File: v100.png Graphic file (type png)
<use v100.png>
Package pdftex.def Info: v100.png  used on input line 505.
(pdftex.def)             Requested size: 92.1879pt x 92.17519pt.
File: ../data/gpu/gputhreads.pdf Graphic file (type pdf)
<use ../data/gpu/gputhreads.pdf>
Package pdftex.def Info: ../data/gpu/gputhreads.pdf  used on input line 505.
(pdftex.def)             Requested size: 92.1879pt x 92.18556pt.
File: OIST.png Graphic file (type png)
<use OIST.png>
Package pdftex.def Info: OIST.png  used on input line 505.
(pdftex.def)             Requested size: 45.76411pt x 28.45274pt.
 [49

]
File: ../data/gpu/coalesce/check.pdf Graphic file (type pdf)
<use ../data/gpu/coalesce/check.pdf>
Package pdftex.def Info: ../data/gpu/coalesce/check.pdf  used on input line 505
.
(pdftex.def)             Requested size: 215.10196pt x 75.68225pt.
File: v100.png Graphic file (type png)
<use v100.png>
Package pdftex.def Info: v100.png  used on input line 505.
(pdftex.def)             Requested size: 92.1879pt x 92.17519pt.
File: ../data/gpu/gputhreads.pdf Graphic file (type pdf)
<use ../data/gpu/gputhreads.pdf>
Package pdftex.def Info: ../data/gpu/gputhreads.pdf  used on input line 505.
(pdftex.def)             Requested size: 92.1879pt x 92.18556pt.
File: OIST.png Graphic file (type png)
<use OIST.png>
Package pdftex.def Info: OIST.png  used on input line 505.
(pdftex.def)             Requested size: 45.76411pt x 28.45274pt.
 [50

]
File: ../data/gpu/coalesce/check.pdf Graphic file (type pdf)
<use ../data/gpu/coalesce/check.pdf>
Package pdftex.def Info: ../data/gpu/coalesce/check.pdf  used on input line 505
.
(pdftex.def)             Requested size: 215.10196pt x 75.68225pt.
File: v100.png Graphic file (type png)
<use v100.png>
Package pdftex.def Info: v100.png  used on input line 505.
(pdftex.def)             Requested size: 92.1879pt x 92.17519pt.
File: ../data/gpu/gputhreads.pdf Graphic file (type pdf)
<use ../data/gpu/gputhreads.pdf>
Package pdftex.def Info: ../data/gpu/gputhreads.pdf  used on input line 505.
(pdftex.def)             Requested size: 92.1879pt x 92.18556pt.
File: OIST.png Graphic file (type png)
<use OIST.png>
Package pdftex.def Info: OIST.png  used on input line 505.
(pdftex.def)             Requested size: 45.76411pt x 28.45274pt.
 [51

]
File: ../data/gpu/coalesce/check.pdf Graphic file (type pdf)
<use ../data/gpu/coalesce/check.pdf>
Package pdftex.def Info: ../data/gpu/coalesce/check.pdf  used on input line 505
.
(pdftex.def)             Requested size: 215.10196pt x 75.68225pt.
File: v100.png Graphic file (type png)
<use v100.png>
Package pdftex.def Info: v100.png  used on input line 505.
(pdftex.def)             Requested size: 92.1879pt x 92.17519pt.
File: ../data/gpu/gputhreads.pdf Graphic file (type pdf)
<use ../data/gpu/gputhreads.pdf>
Package pdftex.def Info: ../data/gpu/gputhreads.pdf  used on input line 505.
(pdftex.def)             Requested size: 92.1879pt x 92.18556pt.
File: OIST.png Graphic file (type png)
<use OIST.png>
Package pdftex.def Info: OIST.png  used on input line 505.
(pdftex.def)             Requested size: 45.76411pt x 28.45274pt.
 [52

]
<../data/gpu/fft/fft_fig.png, id=568, 467.49657pt x 361.35pt>
File: ../data/gpu/fft/fft_fig.png Graphic file (type png)
<use ../data/gpu/fft/fft_fig.png>
Package pdftex.def Info: ../data/gpu/fft/fft_fig.png  used on input line 522.
(pdftex.def)             Requested size: 122.91406pt x 95.0019pt.
<../data/gpu/fft/fft_fig2.png, id=569, 794.97pt x 614.295pt>
File: ../data/gpu/fft/fft_fig2.png Graphic file (type png)
<use ../data/gpu/fft/fft_fig2.png>
Package pdftex.def Info: ../data/gpu/fft/fft_fig2.png  used on input line 522.
(pdftex.def)             Requested size: 215.10196pt x 166.21805pt.
File: OIST.png Graphic file (type png)
<use OIST.png>
Package pdftex.def Info: OIST.png  used on input line 522.
(pdftex.def)             Requested size: 45.76411pt x 28.45274pt.
 [53

 <../data/gpu/fft/fft_fig.png> <../data/gpu/fft/fft_fig2.png>]
<expr_tree.png, id=577, 225.9642pt x 131.5314pt>
File: expr_tree.png Graphic file (type png)
<use expr_tree.png>
Package pdftex.def Info: expr_tree.png  used on input line 533.
(pdftex.def)             Requested size: 184.3758pt x 107.32658pt.
File: OIST.png Graphic file (type png)
<use OIST.png>
Package pdftex.def Info: OIST.png  used on input line 533.
(pdftex.def)             Requested size: 45.76411pt x 28.45274pt.
 [54

 <./expr_tree.png>]
<../data/gpu/vortex_highlighting/all.png, id=583, 443.256pt x 216.0873pt>
File: ../data/gpu/vortex_highlighting/all.png Graphic file (type png)
<use ../data/gpu/vortex_highlighting/all.png>
Package pdftex.def Info: ../data/gpu/vortex_highlighting/all.png  used on input
 line 552.
(pdftex.def)             Requested size: 184.37344pt x 89.88228pt.

Overfull \hbox (30.72852pt too wide) in paragraph at lines 552--552
 [] 
 []

<../data/gpu/vortex_tracking/phi_grid.png, id=584, 312.2064pt x 578.16pt>
File: ../data/gpu/vortex_tracking/phi_grid.png Graphic file (type png)
<use ../data/gpu/vortex_tracking/phi_grid.png>
Package pdftex.def Info: ../data/gpu/vortex_tracking/phi_grid.png  used on inpu
t line 552.
(pdftex.def)             Requested size: 122.9164pt x 227.61641pt.
File: OIST.png Graphic file (type png)
<use OIST.png>
Package pdftex.def Info: OIST.png  used on input line 552.
(pdftex.def)             Requested size: 45.76411pt x 28.45274pt.
[55

 <../data/gpu/vortex_highlighting/all.png> <../data/gpu/vortex_tracking/phi_gri
d.png>]
File: ../data/gpu/vortex_highlighting/all.png Graphic file (type png)
<use ../data/gpu/vortex_highlighting/all.png>
Package pdftex.def Info: ../data/gpu/vortex_highlighting/all.png  used on input
 line 552.
(pdftex.def)             Requested size: 184.37344pt x 89.88228pt.

Overfull \hbox (30.72852pt too wide) in paragraph at lines 552--552
 [] 
 []

File: ../data/gpu/vortex_tracking/phi_grid.png Graphic file (type png)
<use ../data/gpu/vortex_tracking/phi_grid.png>
Package pdftex.def Info: ../data/gpu/vortex_tracking/phi_grid.png  used on inpu
t line 552.
(pdftex.def)             Requested size: 122.9164pt x 227.61641pt.
File: OIST.png Graphic file (type png)
<use OIST.png>
Package pdftex.def Info: OIST.png  used on input line 552.
(pdftex.def)             Requested size: 45.76411pt x 28.45274pt.
[56

] [57

]
<../data/2d/histogram/histogram.png, id=604, 1047.915pt x 482.0409pt>
File: ../data/2d/histogram/histogram.png Graphic file (type png)
<use ../data/2d/histogram/histogram.png>
Package pdftex.def Info: ../data/2d/histogram/histogram.png  used on input line
 562.
(pdftex.def)             Requested size: 307.28987pt x 141.3476pt.
File: OIST.png Graphic file (type png)
<use OIST.png>
Package pdftex.def Info: OIST.png  used on input line 562.
(pdftex.def)             Requested size: 45.76411pt x 28.45274pt.
 [58

 <../data/2d/histogram/histogram.png>]
File: OIST.png Graphic file (type png)
<use OIST.png>
Package pdftex.def Info: OIST.png  used on input line 567.
(pdftex.def)             Requested size: 45.76411pt x 28.45274pt.
 [59

<<chaos.mp4>>]
File: ../data/2d/evolution/evolution.pdf Graphic file (type pdf)
<use ../data/2d/evolution/evolution.pdf>
Package pdftex.def Info: ../data/2d/evolution/evolution.pdf  used on input line
 587.
(pdftex.def)             Requested size: 122.91406pt x 105.01945pt.
<../data/2d/lyap/lyap.pdf, id=627, 444.26175pt x 392.93298pt>
File: ../data/2d/lyap/lyap.pdf Graphic file (type pdf)
<use ../data/2d/lyap/lyap.pdf>
Package pdftex.def Info: ../data/2d/lyap/lyap.pdf  used on input line 587.
(pdftex.def)             Requested size: 122.91406pt x 108.71342pt.
File: OIST.png Graphic file (type png)
<use OIST.png>
Package pdftex.def Info: OIST.png  used on input line 587.
(pdftex.def)             Requested size: 45.76411pt x 28.45274pt.
 [60

 <../data/2d/lyap/lyap.pdf>] [61

]
<../data/3d/Schematic_TB.pdf, id=721, 372.36516pt x 562.03494pt>
File: ../data/3d/Schematic_TB.pdf Graphic file (type pdf)
<use ../data/3d/Schematic_TB.pdf>
Package pdftex.def Info: ../data/3d/Schematic_TB.pdf  used on input line 609.
(pdftex.def)             Requested size: 153.64493pt x 231.9023pt.
File: OIST.png Graphic file (type png)
<use OIST.png>
Package pdftex.def Info: OIST.png  used on input line 609.
(pdftex.def)             Requested size: 45.76411pt x 28.45274pt.
 [62

 <../data/3d/Schematic_TB.pdf>]
<../data/3d/all_fields.pdf, id=789, 660.37543pt x 454.17384pt>
File: ../data/3d/all_fields.pdf Graphic file (type pdf)
<use ../data/3d/all_fields.pdf>
Package pdftex.def Info: ../data/3d/all_fields.pdf  used on input line 618.
(pdftex.def)             Requested size: 245.83282pt x 169.07428pt.
File: OIST.png Graphic file (type png)
<use OIST.png>
Package pdftex.def Info: OIST.png  used on input line 618.
(pdftex.def)             Requested size: 45.76411pt x 28.45274pt.
 [63

 <../data/3d/all_fields.pdf>]
<../data/3d/vortex_transition.png, id=801, 3539.2225pt x 788.9475pt>
File: ../data/3d/vortex_transition.png Graphic file (type png)
<use ../data/3d/vortex_transition.png>
Package pdftex.def Info: ../data/3d/vortex_transition.png  used on input line 6
32.
(pdftex.def)             Requested size: 307.28987pt x 68.49823pt.
File: ../data/3d/HE21_3d.png Graphic file (type png)
<use ../data/3d/HE21_3d.png>
Package pdftex.def Info: ../data/3d/HE21_3d.png  used on input line 632.
(pdftex.def)             Requested size: 153.64493pt x 116.244pt.
File: OIST.png Graphic file (type png)
<use OIST.png>
Package pdftex.def Info: OIST.png  used on input line 632.
(pdftex.def)             Requested size: 45.76411pt x 28.45274pt.
 [64

 <../data/3d/vortex_transition.png>]
<../data/3d/scissors_plot.pdf, id=808, 361.35pt x 320.1561pt>
File: ../data/3d/scissors_plot.pdf Graphic file (type pdf)
<use ../data/3d/scissors_plot.pdf>
Package pdftex.def Info: ../data/3d/scissors_plot.pdf  used on input line 650.
(pdftex.def)             Requested size: 153.64493pt x 136.13048pt.
<../data/3d/vortex_line_all.pdf, id=809, 361.35pt x 548.52928pt>
File: ../data/3d/vortex_line_all.pdf Graphic file (type pdf)
<use ../data/3d/vortex_line_all.pdf>
Package pdftex.def Info: ../data/3d/vortex_line_all.pdf  used on input line 650
.
(pdftex.def)             Requested size: 153.64493pt x 233.23485pt.
File: OIST.png Graphic file (type png)
<use OIST.png>
Package pdftex.def Info: OIST.png  used on input line 650.
(pdftex.def)             Requested size: 45.76411pt x 28.45274pt.
 [65

 <../data/3d/scissors_plot.pdf> <../data/3d/vortex_line_all.pdf

pdfTeX warning: pdflatex (file ../data/3d/vortex_line_all.pdf): PDF inclusion: 
multiple pdfs with page group included in a single page
>]
File: ../data/3d/scissors_plot.pdf Graphic file (type pdf)
<use ../data/3d/scissors_plot.pdf>
Package pdftex.def Info: ../data/3d/scissors_plot.pdf  used on input line 650.
(pdftex.def)             Requested size: 153.64493pt x 136.13048pt.
File: ../data/3d/vortex_line_all.pdf Graphic file (type pdf)
<use ../data/3d/vortex_line_all.pdf>
Package pdftex.def Info: ../data/3d/vortex_line_all.pdf  used on input line 650
.
(pdftex.def)             Requested size: 153.64493pt x 233.23485pt.
File: OIST.png Graphic file (type png)
<use OIST.png>
Package pdftex.def Info: OIST.png  used on input line 650.
(pdftex.def)             Requested size: 45.76411pt x 28.45274pt.
 [66

] [67

]
File: OIST.png Graphic file (type png)
<use OIST.png>
Package pdftex.def Info: OIST.png  used on input line 667.
(pdftex.def)             Requested size: 45.76411pt x 28.45274pt.
 [68

]
File: OIST.png Graphic file (type png)
<use OIST.png>
Package pdftex.def Info: OIST.png  used on input line 676.
(pdftex.def)             Requested size: 45.76411pt x 28.45274pt.
 [69

]
File: OIST.png Graphic file (type png)
<use OIST.png>
Package pdftex.def Info: OIST.png  used on input line 680.
(pdftex.def)             Requested size: 45.76411pt x 28.45274pt.
 [70

]
<../data/1d/figR0.pdf, id=874, 227.55013pt x 227.55013pt>
File: ../data/1d/figR0.pdf Graphic file (type pdf)
<use ../data/1d/figR0.pdf>
Package pdftex.def Info: ../data/1d/figR0.pdf  used on input line 709.
(pdftex.def)             Requested size: 105.40114pt x 105.4pt.
<../data/1d/figB0.pdf, id=875, 227.55013pt x 227.55013pt>
File: ../data/1d/figB0.pdf Graphic file (type pdf)
<use ../data/1d/figB0.pdf>
Package pdftex.def Info: ../data/1d/figB0.pdf  used on input line 709.
(pdftex.def)             Requested size: 105.40114pt x 105.4pt.
File: ../data/1d/figlfid.pdf Graphic file (type pdf)
<use ../data/1d/figlfid.pdf>
Package pdftex.def Info: ../data/1d/figlfid.pdf  used on input line 709.
(pdftex.def)             Requested size: 110.62518pt x 110.62555pt.

Overfull \hbox (18.43729pt too wide) in paragraph at lines 709--709
[][][][]  
 []

<../data/1d/figR1.pdf, id=876, 227.55013pt x 227.55013pt>
File: ../data/1d/figR1.pdf Graphic file (type pdf)
<use ../data/1d/figR1.pdf>
Package pdftex.def Info: ../data/1d/figR1.pdf  used on input line 709.
(pdftex.def)             Requested size: 105.40114pt x 105.4pt.
<../data/1d/figB1.pdf, id=877, 227.55013pt x 227.55013pt>
File: ../data/1d/figB1.pdf Graphic file (type pdf)
<use ../data/1d/figB1.pdf>
Package pdftex.def Info: ../data/1d/figB1.pdf  used on input line 709.
(pdftex.def)             Requested size: 105.40114pt x 105.4pt.
File: OIST.png Graphic file (type png)
<use OIST.png>
Package pdftex.def Info: OIST.png  used on input line 709.
(pdftex.def)             Requested size: 45.76411pt x 28.45274pt.
[71

 <../data/1d/figR0.pdf> <../data/1d/figB0.pdf> <../data/1d/figR1.pdf> <../data/
1d/figB1.pdf>]
File: ../data/1d/figR0.pdf Graphic file (type pdf)
<use ../data/1d/figR0.pdf>
Package pdftex.def Info: ../data/1d/figR0.pdf  used on input line 709.
(pdftex.def)             Requested size: 105.40114pt x 105.4pt.
File: ../data/1d/figB0.pdf Graphic file (type pdf)
<use ../data/1d/figB0.pdf>
Package pdftex.def Info: ../data/1d/figB0.pdf  used on input line 709.
(pdftex.def)             Requested size: 105.40114pt x 105.4pt.
File: ../data/1d/figlfid.pdf Graphic file (type pdf)
<use ../data/1d/figlfid.pdf>
Package pdftex.def Info: ../data/1d/figlfid.pdf  used on input line 709.
(pdftex.def)             Requested size: 110.62518pt x 110.62555pt.

Overfull \hbox (18.43729pt too wide) in paragraph at lines 709--709
[][][][][]  
 []

File: ../data/1d/figR1.pdf Graphic file (type pdf)
<use ../data/1d/figR1.pdf>
Package pdftex.def Info: ../data/1d/figR1.pdf  used on input line 709.
(pdftex.def)             Requested size: 105.40114pt x 105.4pt.
File: ../data/1d/figB1.pdf Graphic file (type pdf)
<use ../data/1d/figB1.pdf>
Package pdftex.def Info: ../data/1d/figB1.pdf  used on input line 709.
(pdftex.def)             Requested size: 105.40114pt x 105.4pt.
File: OIST.png Graphic file (type png)
<use OIST.png>
Package pdftex.def Info: OIST.png  used on input line 709.
(pdftex.def)             Requested size: 45.76411pt x 28.45274pt.
[72

]
File: ../data/1d/figR0.pdf Graphic file (type pdf)
<use ../data/1d/figR0.pdf>
Package pdftex.def Info: ../data/1d/figR0.pdf  used on input line 709.
(pdftex.def)             Requested size: 105.40114pt x 105.4pt.
File: ../data/1d/figB0.pdf Graphic file (type pdf)
<use ../data/1d/figB0.pdf>
Package pdftex.def Info: ../data/1d/figB0.pdf  used on input line 709.
(pdftex.def)             Requested size: 105.40114pt x 105.4pt.
File: ../data/1d/figlfid.pdf Graphic file (type pdf)
<use ../data/1d/figlfid.pdf>
Package pdftex.def Info: ../data/1d/figlfid.pdf  used on input line 709.
(pdftex.def)             Requested size: 110.62518pt x 110.62555pt.

Overfull \hbox (18.43729pt too wide) in paragraph at lines 709--709
[][][][][]  
 []

File: ../data/1d/figR1.pdf Graphic file (type pdf)
<use ../data/1d/figR1.pdf>
Package pdftex.def Info: ../data/1d/figR1.pdf  used on input line 709.
(pdftex.def)             Requested size: 105.40114pt x 105.4pt.
File: ../data/1d/figB1.pdf Graphic file (type pdf)
<use ../data/1d/figB1.pdf>
Package pdftex.def Info: ../data/1d/figB1.pdf  used on input line 709.
(pdftex.def)             Requested size: 105.40114pt x 105.4pt.
File: OIST.png Graphic file (type png)
<use OIST.png>
Package pdftex.def Info: OIST.png  used on input line 709.
(pdftex.def)             Requested size: 45.76411pt x 28.45274pt.
[73

]
File: ../data/1d/figR0.pdf Graphic file (type pdf)
<use ../data/1d/figR0.pdf>
Package pdftex.def Info: ../data/1d/figR0.pdf  used on input line 709.
(pdftex.def)             Requested size: 105.40114pt x 105.4pt.
File: ../data/1d/figB0.pdf Graphic file (type pdf)
<use ../data/1d/figB0.pdf>
Package pdftex.def Info: ../data/1d/figB0.pdf  used on input line 709.
(pdftex.def)             Requested size: 105.40114pt x 105.4pt.
File: ../data/1d/figlfid.pdf Graphic file (type pdf)
<use ../data/1d/figlfid.pdf>
Package pdftex.def Info: ../data/1d/figlfid.pdf  used on input line 709.
(pdftex.def)             Requested size: 110.62518pt x 110.62555pt.

Overfull \hbox (18.43729pt too wide) in paragraph at lines 709--709
[][][][][][]  
 []

File: ../data/1d/figR1.pdf Graphic file (type pdf)
<use ../data/1d/figR1.pdf>
Package pdftex.def Info: ../data/1d/figR1.pdf  used on input line 709.
(pdftex.def)             Requested size: 105.40114pt x 105.4pt.
File: ../data/1d/figB1.pdf Graphic file (type pdf)
<use ../data/1d/figB1.pdf>
Package pdftex.def Info: ../data/1d/figB1.pdf  used on input line 709.
(pdftex.def)             Requested size: 105.40114pt x 105.4pt.
File: OIST.png Graphic file (type png)
<use OIST.png>
Package pdftex.def Info: OIST.png  used on input line 709.
(pdftex.def)             Requested size: 45.76411pt x 28.45274pt.
[74

]
<../data/1d/figTG3.pdf, id=955, 227.55013pt x 227.55013pt>
File: ../data/1d/figTG3.pdf Graphic file (type pdf)
<use ../data/1d/figTG3.pdf>
Package pdftex.def Info: ../data/1d/figTG3.pdf  used on input line 718.
(pdftex.def)             Requested size: 150.57372pt x 150.57242pt.
<../data/1d/figTG5.pdf, id=956, 227.55013pt x 227.55013pt>
File: ../data/1d/figTG5.pdf Graphic file (type pdf)
<use ../data/1d/figTG5.pdf>
Package pdftex.def Info: ../data/1d/figTG5.pdf  used on input line 718.
(pdftex.def)             Requested size: 150.57372pt x 150.57242pt.
File: OIST.png Graphic file (type png)
<use OIST.png>
Package pdftex.def Info: OIST.png  used on input line 718.
(pdftex.def)             Requested size: 45.76411pt x 28.45274pt.
 [75

 <../data/1d/figTG3.pdf> <../data/1d/figTG5.pdf>]
File: ../data/1d/STAscheme.png Graphic file (type png)
<use ../data/1d/STAscheme.png>
Package pdftex.def Info: ../data/1d/STAscheme.png  used on input line 723.
(pdftex.def)             Requested size: 307.28987pt x 192.5366pt.
File: OIST.png Graphic file (type png)
<use OIST.png>
Package pdftex.def Info: OIST.png  used on input line 723.
(pdftex.def)             Requested size: 45.76411pt x 28.45274pt.
 [76

]
File: ../data/1d/fig6.png Graphic file (type png)
<use ../data/1d/fig6.png>
Package pdftex.def Info: ../data/1d/fig6.png  used on input line 751.
(pdftex.def)             Requested size: 153.64493pt x 98.7399pt.
<../data/1d/fig7a.png, id=1024, 522.5121pt x 339.9099pt>
File: ../data/1d/fig7a.png Graphic file (type png)
<use ../data/1d/fig7a.png>
Package pdftex.def Info: ../data/1d/fig7a.png  used on input line 751.
(pdftex.def)             Requested size: 153.64493pt x 99.95097pt.
<../data/1d/fig7b.png, id=1025, 524.1984pt x 342.8007pt>
File: ../data/1d/fig7b.png Graphic file (type png)
<use ../data/1d/fig7b.png>
Package pdftex.def Info: ../data/1d/fig7b.png  used on input line 751.
(pdftex.def)             Requested size: 153.64493pt x 100.47672pt.
File: OIST.png Graphic file (type png)
<use OIST.png>
Package pdftex.def Info: OIST.png  used on input line 751.
(pdftex.def)             Requested size: 45.76411pt x 28.45274pt.
 [77

 <../data/1d/fig7a.png> <../data/1d/fig7b.png>]
File: ../data/1d/fig6.png Graphic file (type png)
<use ../data/1d/fig6.png>
Package pdftex.def Info: ../data/1d/fig6.png  used on input line 751.
(pdftex.def)             Requested size: 153.64493pt x 98.7399pt.
File: ../data/1d/fig7a.png Graphic file (type png)
<use ../data/1d/fig7a.png>
Package pdftex.def Info: ../data/1d/fig7a.png  used on input line 751.
(pdftex.def)             Requested size: 153.64493pt x 99.95097pt.
File: ../data/1d/fig7b.png Graphic file (type png)
<use ../data/1d/fig7b.png>
Package pdftex.def Info: ../data/1d/fig7b.png  used on input line 751.
(pdftex.def)             Requested size: 153.64493pt x 100.47672pt.
File: OIST.png Graphic file (type png)
<use OIST.png>
Package pdftex.def Info: OIST.png  used on input line 751.
(pdftex.def)             Requested size: 45.76411pt x 28.45274pt.
 [78

]
\tf@nav=\write7
\openout7 = `presentation.nav'.

\tf@toc=\write8
\openout8 = `presentation.toc'.

\tf@snm=\write9
\openout9 = `presentation.snm'.



Package movie15 Warning: @@@@@@@@@@@@@@@@@@@@@@@@@@@@@@@@@@@@@@@
(movie15)                @@ Package `movie15' is obsolete and @@
(movie15)                @@ superseded by `media9'.           @@
(movie15)                @@@@@@@@@@@@@@@@@@@@@@@@@@@@@@@@@@@@@@@.


Package movie15 Warning: @@@@@@@@@@@@@@@@@@@@@@@@@@@@@@@@@@@@@@@@@@@
(movie15)                @@ Rerun to get object references right! @@
(movie15)                @@@@@@@@@@@@@@@@@@@@@@@@@@@@@@@@@@@@@@@@@@@.

Package atveryend Info: Empty hook `BeforeClearDocument' on input line 753.
Package atveryend Info: Empty hook `AfterLastShipout' on input line 753.
(./presentation.aux)
Package atveryend Info: Executing hook `AtVeryEndDocument' on input line 753.
Package atveryend Info: Executing hook `AtEndAfterFileList' on input line 753.
Package rerunfilecheck Info: File `presentation.out' has not changed.
(rerunfilecheck)             Checksum: D41D8CD98F00B204E9800998ECF8427E;0.
 ) 
Here is how much of TeX's memory you used:
 22851 strings out of 492623
 434395 string characters out of 6135669
 725783 words of memory out of 5000000
 26060 multiletter control sequences out of 15000+600000
 18729 words of font info for 67 fonts, out of 8000000 for 9000
 1141 hyphenation exceptions out of 8191
 56i,16n,55p,779b,611s stack positions out of 5000i,500n,10000p,200000b,80000s
</usr/share/texmf-dist/fonts/type1/public/amsfonts/cm/cmbx10.pfb></usr/share/
texmf-dist/fonts/type1/public/amsfonts/cm/cmbx12.pfb></usr/share/texmf-dist/fon
ts/type1/public/amsfonts/cm/cmex10.pfb></usr/share/texmf-dist/fonts/type1/publi
c/amsfonts/cm/cmmi10.pfb></usr/share/texmf-dist/fonts/type1/public/amsfonts/cm/
cmmi6.pfb></usr/share/texmf-dist/fonts/type1/public/amsfonts/cm/cmmi8.pfb></usr
/share/texmf-dist/fonts/type1/public/amsfonts/cm/cmr10.pfb></usr/share/texmf-di
st/fonts/type1/public/amsfonts/cm/cmr12.pfb></usr/share/texmf-dist/fonts/type1/
public/amsfonts/cm/cmr17.pfb></usr/share/texmf-dist/fonts/type1/public/amsfonts
/cm/cmr6.pfb></usr/share/texmf-dist/fonts/type1/public/amsfonts/cm/cmr7.pfb></u
sr/share/texmf-dist/fonts/type1/public/amsfonts/cm/cmr8.pfb></usr/share/texmf-d
ist/fonts/type1/public/amsfonts/cm/cmss10.pfb></usr/share/texmf-dist/fonts/type
1/public/amsfonts/cm/cmss12.pfb></usr/share/texmf-dist/fonts/type1/public/amsfo
nts/cm/cmss17.pfb></usr/share/texmf-dist/fonts/type1/public/amsfonts/cm/cmss8.p
fb></usr/share/texmf-dist/fonts/type1/public/amsfonts/cm/cmssbx10.pfb></usr/sha
re/texmf-dist/fonts/type1/public/amsfonts/cm/cmssi10.pfb></usr/share/texmf-dist
/fonts/type1/public/amsfonts/cm/cmssi8.pfb></usr/share/texmf-dist/fonts/type1/p
ublic/amsfonts/cm/cmsy10.pfb></usr/share/texmf-dist/fonts/type1/public/amsfonts
/cm/cmsy6.pfb></usr/share/texmf-dist/fonts/type1/public/amsfonts/cm/cmsy8.pfb><
/usr/share/texmf-dist/fonts/type1/public/amsfonts/symbols/msam10.pfb></usr/shar
e/texmf-dist/fonts/type1/public/amsfonts/symbols/msbm10.pfb></usr/share/texmf-d
ist/fonts/type1/public/amsfonts/symbols/msbm7.pfb></usr/share/texmf-dist/fonts/
type1/public/cm-super/sfrm1095.pfb>
Output written on presentation.pdf (78 pages, 13249152 bytes).
PDF statistics:
 1136 PDF objects out of 1200 (max. 8388607)
 857 compressed objects within 9 object streams
 159 named destinations out of 1000 (max. 500000)
 342 words of extra memory for PDF output out of 10000 (max. 10000000)

